#
# There is insufficient memory for the Java Runtime Environment to continue.
# Native memory allocation (malloc) failed to allocate 83616 bytes for Chunk::new
# Possible reasons:
#   The system is out of physical RAM or swap space
#   In 32 bit mode, the process size limit was hit
# Possible solutions:
#   Reduce memory load on the system
#   Increase physical memory or swap space
#   Check if swap backing store is full
#   Use 64 bit Java on a 64 bit OS
#   Decrease Java heap size (-Xmx/-Xms)
#   Decrease number of Java threads
#   Decrease Java thread stack sizes (-Xss)
#   Set larger code cache with -XX:ReservedCodeCacheSize=
# This output file may be truncated or incomplete.
#
#  Out of Memory Error (allocation.cpp:390), pid=9572, tid=8496
#
# JRE version: Java(TM) SE Runtime Environment (8.0_25-b18) (build 1.8.0_25-b18)
# Java VM: Java HotSpot(TM) 64-Bit Server VM (25.25-b02 mixed mode windows-amd64 compressed oops)
# Failed to write core dump. Minidumps are not enabled by default on client versions of Windows
#

---------------  T H R E A D  ---------------

Current thread (0x0000000014b4e800):  JavaThread "C2 CompilerThread1" daemon [_thread_in_native, id=8496, stack(0x00000000161b0000,0x00000000162b0000)]

Stack: [0x00000000161b0000,0x00000000162b0000]
Native frames: (J=compiled Java code, j=interpreted, Vv=VM code, C=native code)
V  [jvm.dll+0x31667a]
V  [jvm.dll+0x267073]
V  [jvm.dll+0x267cb3]
V  [jvm.dll+0x25f5b5]
V  [jvm.dll+0xbf165]
V  [jvm.dll+0xbf60c]
V  [jvm.dll+0x45d672]
V  [jvm.dll+0x49e8ef]
V  [jvm.dll+0x452b41]
V  [jvm.dll+0x453864]
V  [jvm.dll+0x437372]
V  [jvm.dll+0x98a02]
V  [jvm.dll+0x991f3]
V  [jvm.dll+0x22bde4]
V  [jvm.dll+0x2852fa]
C  [msvcr100.dll+0x21d9f]
C  [msvcr100.dll+0x21e3b]
C  [KERNEL32.DLL+0x18102]
C  [ntdll.dll+0x5c5b4]


Current CompileTask:
C2:   1458  429       4       sun.misc.MetaIndex::mayContain (51 bytes)


---------------  P R O C E S S  ---------------

Java Threads: ( => current thread )
  0x0000000016604800 JavaThread "pool-1-thread-4" [_thread_blocked, id=4716, stack(0x00000000175b0000,0x00000000176b0000)]
  0x0000000016566800 JavaThread "pool-1-thread-3" [_thread_blocked, id=7552, stack(0x00000000174b0000,0x00000000175b0000)]
  0x000000001653c800 JavaThread "pool-1-thread-2" [_thread_blocked, id=8560, stack(0x00000000173b0000,0x00000000174b0000)]
  0x0000000016539800 JavaThread "pool-2-thread-1" [_thread_blocked, id=5192, stack(0x00000000172b0000,0x00000000173b0000)]
  0x00000000166ad800 JavaThread "pool-1-thread-1" [_thread_blocked, id=5012, stack(0x00000000171b0000,0x00000000172b0000)]
  0x0000000014bac000 JavaThread "Service Thread" daemon [_thread_blocked, id=2124, stack(0x00000000167b0000,0x00000000168b0000)]
  0x00000000162b0800 JavaThread "C1 CompilerThread2" daemon [_thread_in_native, id=7312, stack(0x00000000166b0000,0x00000000167b0000)]
=>0x0000000014b4e800 JavaThread "C2 CompilerThread1" daemon [_thread_in_native, id=8496, stack(0x00000000161b0000,0x00000000162b0000)]
  0x0000000014b4c800 JavaThread "C2 CompilerThread0" daemon [_thread_in_native, id=6896, stack(0x00000000160b0000,0x00000000161b0000)]
  0x0000000014b4a000 JavaThread "Attach Listener" daemon [_thread_blocked, id=7852, stack(0x0000000015fb0000,0x00000000160b0000)]
  0x0000000014b49000 JavaThread "Signal Dispatcher" daemon [_thread_blocked, id=9172, stack(0x0000000015eb0000,0x0000000015fb0000)]
  0x00000000023af800 JavaThread "Finalizer" daemon [_thread_blocked, id=6048, stack(0x0000000015db0000,0x0000000015eb0000)]
  0x00000000023ac000 JavaThread "Reference Handler" daemon [_thread_blocked, id=7180, stack(0x0000000015cb0000,0x0000000015db0000)]
  0x00000000022c0800 JavaThread "main" [_thread_blocked, id=4704, stack(0x0000000002100000,0x0000000002200000)]

Other Threads:
  0x0000000014b17000 VMThread [stack: 0x0000000015bb0000,0x0000000015cb0000] [id=10024]
  0x0000000014bae800 WatcherThread [stack: 0x00000000168b0000,0x00000000169b0000] [id=7536]

VM state:at safepoint (normal execution)

VM Mutex/Monitor currently owned by a thread:  ([mutex/lock_event])
[0x000000000247cd60] Threads_lock - owner thread: 0x0000000014b17000
[0x000000000247c3e0] Heap_lock - owner thread: 0x0000000016604800

Heap:
 PSYoungGen      total 18944K, used 16384K [0x00000000eab00000, 0x00000000ec000000, 0x0000000100000000)
  eden space 16384K, 100% used [0x00000000eab00000,0x00000000ebb00000,0x00000000ebb00000)
  from space 2560K, 0% used [0x00000000ebd80000,0x00000000ebd80000,0x00000000ec000000)
  to   space 2560K, 88% used [0x00000000ebb00000,0x00000000ebd36ab8,0x00000000ebd80000)
 ParOldGen       total 44032K, used 8K [0x00000000c0000000, 0x00000000c2b00000, 0x00000000eab00000)
  object space 44032K, 0% used [0x00000000c0000000,0x00000000c0002000,0x00000000c2b00000)
 Metaspace       used 5604K, capacity 6640K, committed 6784K, reserved 1056768K
  class space    used 583K, capacity 616K, committed 640K, reserved 1048576K

Card table byte_map: [0x0000000011840000,0x0000000011a50000] byte_map_base: 0x0000000011240000

Marking Bits: (ParMarkBitMap*) 0x000000006e99d490
 Begin Bits: [0x0000000011fb0000, 0x0000000012fb0000)
 End Bits:   [0x0000000012fb0000, 0x0000000013fb0000)

Polling page: 0x00000000001f0000

CodeCache: size=245760Kb used=2316Kb max_used=2327Kb free=243443Kb
 bounds [0x0000000002480000, 0x00000000026f0000, 0x0000000011480000]
 total_blobs=843 nmethods=579 adapters=178
 compilation: enabled

Compilation events (10 events):
Event: 1.113 Thread 0x00000000162b0800  438       1       com.android.dx.rop.code.BasicBlock::getSuccessors (5 bytes)
Event: 1.113 Thread 0x00000000162b0800 nmethod 438 0x000000000267dc50 code [0x000000000267dda0, 0x000000000267deb0]
Event: 1.115 Thread 0x00000000162b0800  439   !   3       java.util.zip.ZipFile::getEntry (86 bytes)
Event: 1.115 Thread 0x00000000162b0800 nmethod 439 0x000000000267df10 code [0x000000000267e0e0, 0x000000000267e718]
Event: 1.115 Thread 0x00000000162b0800  442       1       com.android.dx.rop.code.BasicBlock::getInsns (5 bytes)
Event: 1.116 Thread 0x00000000162b0800 nmethod 442 0x000000000267e9d0 code [0x000000000267eb20, 0x000000000267ec30]
Event: 1.116 Thread 0x00000000162b0800  440       3       java.util.zip.ZipEntry::<init> (146 bytes)
Event: 1.116 Thread 0x00000000162b0800 nmethod 440 0x000000000267ec90 code [0x000000000267ee00, 0x000000000267f208]
Event: 1.116 Thread 0x00000000162b0800  441   !   3       sun.misc.URLClassPath$JarLoader::checkResource (55 bytes)
Event: 1.117 Thread 0x00000000162b0800 nmethod 441 0x000000000267f390 code [0x000000000267f540, 0x000000000267fba8]

GC Heap History (0 events):
No events

Deoptimization events (0 events):
No events

Internal exceptions (10 events):
Event: 1.109 Thread 0x000000001653c800 Exception <a 'java/security/PrivilegedActionException'> (0x00000000eb4fdf28) thrown at [D:\re\workspace\8-2-build-windows-amd64-cygwin\jdk8u25\1677\hotspot\src\share\vm\prims\jvm.cpp, line 1312]
Event: 1.110 Thread 0x000000001653c800 Exception <a 'java/security/PrivilegedActionException'> (0x00000000eb5014e0) thrown at [D:\re\workspace\8-2-build-windows-amd64-cygwin\jdk8u25\1677\hotspot\src\share\vm\prims\jvm.cpp, line 1312]
Event: 1.111 Thread 0x000000001653c800 Exception <a 'java/security/PrivilegedActionException'> (0x00000000eb5049e8) thrown at [D:\re\workspace\8-2-build-windows-amd64-cygwin\jdk8u25\1677\hotspot\src\share\vm\prims\jvm.cpp, line 1312]
Event: 1.112 Thread 0x0000000016604800 Exception <a 'java/security/PrivilegedActionException'> (0x00000000eb5b9fb8) thrown at [D:\re\workspace\8-2-build-windows-amd64-cygwin\jdk8u25\1677\hotspot\src\share\vm\prims\jvm.cpp, line 1312]
Event: 1.113 Thread 0x0000000016604800 Exception <a 'java/security/PrivilegedActionException'> (0x00000000eb5bf278) thrown at [D:\re\workspace\8-2-build-windows-amd64-cygwin\jdk8u25\1677\hotspot\src\share\vm\prims\jvm.cpp, line 1312]
Event: 1.115 Thread 0x0000000016604800 Exception <a 'java/security/PrivilegedActionException'> (0x00000000eb5c4650) thrown at [D:\re\workspace\8-2-build-windows-amd64-cygwin\jdk8u25\1677\hotspot\src\share\vm\prims\jvm.cpp, line 1312]
Event: 1.116 Thread 0x0000000016604800 Exception <a 'java/security/PrivilegedActionException'> (0x00000000eb5ce200) thrown at [D:\re\workspace\8-2-build-windows-amd64-cygwin\jdk8u25\1677\hotspot\src\share\vm\prims\jvm.cpp, line 1312]
Event: 1.117 Thread 0x0000000016604800 Exception <a 'java/security/PrivilegedActionException'> (0x00000000eb5d81c8) thrown at [D:\re\workspace\8-2-build-windows-amd64-cygwin\jdk8u25\1677\hotspot\src\share\vm\prims\jvm.cpp, line 1312]
Event: 1.118 Thread 0x0000000016604800 Exception <a 'java/security/PrivilegedActionException'> (0x00000000eb5dbce8) thrown at [D:\re\workspace\8-2-build-windows-amd64-cygwin\jdk8u25\1677\hotspot\src\share\vm\prims\jvm.cpp, line 1312]
Event: 1.118 Thread 0x0000000016604800 Exception <a 'java/security/PrivilegedActionException'> (0x00000000eb5ddc20) thrown at [D:\re\workspace\8-2-build-windows-amd64-cygwin\jdk8u25\1677\hotspot\src\share\vm\prims\jvm.cpp, line 1312]

Events (10 events):
Event: 1.115 loading class com/android/dx/dex/code/RopTranslator
Event: 1.115 loading class com/android/dx/dex/code/RopTranslator done
Event: 1.116 loading class com/android/dx/dex/code/RopTranslator$TranslationVisitor
Event: 1.116 loading class com/android/dx/dex/code/RopTranslator$TranslationVisitor done
Event: 1.116 loading class com/android/dx/dex/code/RopTranslator$LocalVariableAwareTranslationVisitor
Event: 1.117 loading class com/android/dx/dex/code/RopTranslator$LocalVariableAwareTranslationVisitor done
Event: 1.118 loading class com/android/dx/dex/code/CatchBuilder
Event: 1.118 loading class com/android/dx/dex/code/CatchBuilder done
Event: 1.118 loading class com/android/dx/dex/code/DalvInsn
Event: 1.118 loading class com/android/dx/dex/code/DalvInsn done


Dynamic libraries:
0x00007ff6ef650000 - 0x00007ff6ef684000 	C:\Program Files\Java\jdk1.8.0_25\bin\java.exe
0x00007ff9d56d0000 - 0x00007ff9d5891000 	C:\WINDOWS\SYSTEM32\ntdll.dll
0x00007ff9d5470000 - 0x00007ff9d551d000 	C:\WINDOWS\system32\KERNEL32.DLL
0x00007ff9d2210000 - 0x00007ff9d23f8000 	C:\WINDOWS\system32\KERNELBASE.dll
0x00007ff9d5590000 - 0x00007ff9d5637000 	C:\WINDOWS\system32\ADVAPI32.dll
0x00007ff9d50a0000 - 0x00007ff9d513d000 	C:\WINDOWS\system32\msvcrt.dll
0x00007ff9d5660000 - 0x00007ff9d56bb000 	C:\WINDOWS\system32\sechost.dll
0x00007ff9d4cc0000 - 0x00007ff9d4ddc000 	C:\WINDOWS\system32\RPCRT4.dll
0x00007ff9d4de0000 - 0x00007ff9d4f36000 	C:\WINDOWS\system32\USER32.dll
0x00007ff9d41a0000 - 0x00007ff9d4326000 	C:\WINDOWS\system32\GDI32.dll
0x00007ff9c8ec0000 - 0x00007ff9c9134000 	C:\WINDOWS\WinSxS\amd64_microsoft.windows.common-controls_6595b64144ccf1df_6.0.10586.0_none_8c15ae12515e1c22\COMCTL32.dll
0x00007ff9d4610000 - 0x00007ff9d488d000 	C:\WINDOWS\system32\combase.dll
0x00007ff9d20e0000 - 0x00007ff9d214a000 	C:\WINDOWS\system32\bcryptPrimitives.dll
0x00007ff9d2b40000 - 0x00007ff9d2b7b000 	C:\WINDOWS\system32\IMM32.DLL
0x000000006df60000 - 0x000000006e032000 	C:\Program Files\Java\jdk1.8.0_25\jre\bin\msvcr100.dll
0x000000006e1c0000 - 0x000000006ea1a000 	C:\Program Files\Java\jdk1.8.0_25\jre\bin\server\jvm.dll
0x00007ff9d4390000 - 0x00007ff9d4398000 	C:\WINDOWS\system32\PSAPI.DLL
0x00007ff9c8e00000 - 0x00007ff9c8e09000 	C:\WINDOWS\SYSTEM32\WSOCK32.dll
0x00007ff9d0410000 - 0x00007ff9d0433000 	C:\WINDOWS\SYSTEM32\WINMM.dll
0x00007ff9d5520000 - 0x00007ff9d558b000 	C:\WINDOWS\system32\WS2_32.dll
0x00007ff9d03b0000 - 0x00007ff9d03dc000 	C:\WINDOWS\SYSTEM32\WINMMBASE.dll
0x00007ff9d2090000 - 0x00007ff9d20d3000 	C:\WINDOWS\system32\cfgmgr32.dll
0x000000006f3a0000 - 0x000000006f3af000 	C:\Program Files\Java\jdk1.8.0_25\jre\bin\verify.dll
0x000000006f370000 - 0x000000006f398000 	C:\Program Files\Java\jdk1.8.0_25\jre\bin\java.dll
0x000000006f350000 - 0x000000006f366000 	C:\Program Files\Java\jdk1.8.0_25\jre\bin\zip.dll
0x00007ff9d2b80000 - 0x00007ff9d40dc000 	C:\WINDOWS\system32\SHELL32.dll
0x00007ff9d2460000 - 0x00007ff9d2aa5000 	C:\WINDOWS\system32\windows.storage.dll
0x00007ff9d40e0000 - 0x00007ff9d4132000 	C:\WINDOWS\system32\shlwapi.dll
0x00007ff9d1d70000 - 0x00007ff9d1d7f000 	C:\WINDOWS\system32\kernel.appcore.dll
0x00007ff9d2150000 - 0x00007ff9d2205000 	C:\WINDOWS\system32\shcore.dll
0x00007ff9d1d20000 - 0x00007ff9d1d6b000 	C:\WINDOWS\system32\powrprof.dll
0x00007ff9d1d00000 - 0x00007ff9d1d14000 	C:\WINDOWS\system32\profapi.dll
0x00007ff9ccf50000 - 0x00007ff9cd0dc000 	C:\WINDOWS\SYSTEM32\dbghelp.dll

VM Arguments:
jvm_args: -Djava.awt.headless=true -Xmx1024M -Dfile.encoding=windows-1252 -Duser.country=FR -Duser.language=fr -Duser.variant 
java_command: com.android.dx.command.Main --dex --num-threads=4 --output C:\Users\benoit_r\AndroidStudioProjects\TechNotes\app\build\intermediates\pre-dexed\debug\com.android.support-design-23.2.1_4282a8fe54c980942887fc7b23041a35c4a9abb9.jar C:\Users\benoit_r\AndroidStudioProjects\TechNotes\app\build\intermediates\exploded-aar\com.android.support\design\23.2.1\jars\classes.jar
java_class_path (initial): C:\Users\benoit_r\AppData\Local\Android\sdk\build-tools\23.0.3\lib\dx.jar
Launcher Type: SUN_STANDARD

Environment Variables:
PATH=C:\ProgramData\Oracle\Java\javapath;"C:\Program Files (x86)\Java\jre1.8.0_71\bin";C:\Program Files (x86)\Windows Resource Kits\Tools\;C:\WINDOWS\system32;C:\WINDOWS;C:\WINDOWS\System32\Wbem;C:\WINDOWS\System32\WindowsPowerShell\v1.0\;C:\Users\kevin_d\Documents\Cours Licence\JAVA EE\play1-1.3.0;C:\Program Files (x86)\Universal Extractor;C:\Program Files (x86)\Universal Extractor\bin;C:\Users\kevin_d\Downloads\Fusion;C:\WINDOWS\system32\config\systemprofile\.dnx\bin;C:\Program Files\Microsoft DNX\Dnvm\;C:\Program Files (x86)\Microsoft ASP.NET\ASP.NET Web Pages\v1.0\;C:\Program Files\Microsoft SQL Server\110\Tools\Binn\;C:\Program Files\Microsoft\Web Platform Installer\
USERNAME=benoit_r
OS=Windows_NT
PROCESSOR_IDENTIFIER=Intel64 Family 6 Model 58 Stepping 9, GenuineIntel



---------------  S Y S T E M  ---------------

OS: Windows 8.1 , 64 bit Build 9600 

CPU:total 4 (2 cores per cpu, 2 threads per core) family 6 model 58 stepping 9, cmov, cx8, fxsr, mmx, sse, sse2, sse3, ssse3, sse4.1, sse4.2, popcnt, avx, aes, clmul, erms, ht, tsc, tscinvbit, tscinv

Memory: 4k page, physical 4075224k(463076k free), swap 5698148k(112052k free)

vm_info: Java HotSpot(TM) 64-Bit Server VM (25.25-b02) for windows-amd64 JRE (1.8.0_25-b18), built on Oct  7 2014 14:25:37 by "java_re" with MS VC++ 10.0 (VS2010)

time: Wed Apr 27 11:04:10 2016
elapsed time: 1 seconds (0d 0h 0m 1s)

