#
# There is insufficient memory for the Java Runtime Environment to continue.
# Native memory allocation (malloc) failed to allocate 2064576 bytes for Chunk::new
# Possible reasons:
#   The system is out of physical RAM or swap space
#   In 32 bit mode, the process size limit was hit
# Possible solutions:
#   Reduce memory load on the system
#   Increase physical memory or swap space
#   Check if swap backing store is full
#   Use 64 bit Java on a 64 bit OS
#   Decrease Java heap size (-Xmx/-Xms)
#   Decrease number of Java threads
#   Decrease Java thread stack sizes (-Xss)
#   Set larger code cache with -XX:ReservedCodeCacheSize=
# This output file may be truncated or incomplete.
#
#  Out of Memory Error (allocation.cpp:390), pid=9024, tid=9408
#
# JRE version: Java(TM) SE Runtime Environment (8.0_25-b18) (build 1.8.0_25-b18)
# Java VM: Java HotSpot(TM) 64-Bit Server VM (25.25-b02 mixed mode windows-amd64 compressed oops)
# Failed to write core dump. Minidumps are not enabled by default on client versions of Windows
#

---------------  T H R E A D  ---------------

Current thread (0x0000000014951000):  JavaThread "C2 CompilerThread1" daemon [_thread_in_native, id=9408, stack(0x0000000015fa0000,0x00000000160a0000)]

Stack: [0x0000000015fa0000,0x00000000160a0000]
Native frames: (J=compiled Java code, j=interpreted, Vv=VM code, C=native code)
V  [jvm.dll+0x31667a]
V  [jvm.dll+0x267073]
V  [jvm.dll+0x267cb3]
V  [jvm.dll+0x25f5b5]
V  [jvm.dll+0xbf165]
V  [jvm.dll+0xbf60c]
V  [jvm.dll+0x45d672]
V  [jvm.dll+0x49e8ef]
V  [jvm.dll+0x452b41]
V  [jvm.dll+0x453864]
V  [jvm.dll+0x437372]
V  [jvm.dll+0x98a02]
V  [jvm.dll+0x991f3]
V  [jvm.dll+0x22bde4]
V  [jvm.dll+0x2852fa]
C  [msvcr100.dll+0x21d9f]
C  [msvcr100.dll+0x21e3b]
C  [KERNEL32.DLL+0x18102]
C  [ntdll.dll+0x5c5b4]


Current CompileTask:
C2:  11290 2113   !   4       com.android.dx.cf.code.BytecodeArray::parseInstruction (2764 bytes)


---------------  P R O C E S S  ---------------

Java Threads: ( => current thread )
  0x00000000166de000 JavaThread "pool-1-thread-4" [_thread_in_Java, id=4172, stack(0x00000000173a0000,0x00000000174a0000)]
  0x00000000166dd800 JavaThread "pool-1-thread-3" [_thread_blocked, id=7028, stack(0x00000000172a0000,0x00000000173a0000)]
  0x00000000166dc000 JavaThread "pool-1-thread-2" [_thread_in_Java, id=9148, stack(0x00000000171a0000,0x00000000172a0000)]
  0x00000000166d8000 JavaThread "pool-2-thread-1" [_thread_blocked, id=3084, stack(0x00000000170a0000,0x00000000171a0000)]
  0x00000000166b7000 JavaThread "pool-1-thread-1" [_thread_blocked, id=2568, stack(0x0000000016fa0000,0x00000000170a0000)]
  0x00000000149aa000 JavaThread "Service Thread" daemon [_thread_blocked, id=6364, stack(0x00000000161a0000,0x00000000162a0000)]
  0x00000000149a3000 JavaThread "C1 CompilerThread2" daemon [_thread_blocked, id=2236, stack(0x00000000160a0000,0x00000000161a0000)]
=>0x0000000014951000 JavaThread "C2 CompilerThread1" daemon [_thread_in_native, id=9408, stack(0x0000000015fa0000,0x00000000160a0000)]
  0x000000001494c800 JavaThread "C2 CompilerThread0" daemon [_thread_in_native, id=6316, stack(0x0000000015ea0000,0x0000000015fa0000)]
  0x000000001494a800 JavaThread "Attach Listener" daemon [_thread_blocked, id=10072, stack(0x0000000015da0000,0x0000000015ea0000)]
  0x0000000014949000 JavaThread "Signal Dispatcher" daemon [_thread_blocked, id=9700, stack(0x0000000015ca0000,0x0000000015da0000)]
  0x000000000226f800 JavaThread "Finalizer" daemon [_thread_blocked, id=9008, stack(0x0000000015ba0000,0x0000000015ca0000)]
  0x0000000014917800 JavaThread "Reference Handler" daemon [_thread_blocked, id=9228, stack(0x0000000015aa0000,0x0000000015ba0000)]
  0x0000000002181000 JavaThread "main" [_thread_in_Java, id=1364, stack(0x0000000002080000,0x0000000002180000)]

Other Threads:
  0x0000000014917000 VMThread [stack: 0x00000000159a0000,0x0000000015aa0000] [id=9652]
  0x00000000149ad000 WatcherThread [stack: 0x00000000162a0000,0x00000000163a0000] [id=4708]

VM state:not at safepoint (normal execution)

VM Mutex/Monitor currently owned by a thread: None

Heap:
 PSYoungGen      total 77312K, used 25073K [0x00000000eab00000, 0x00000000f0200000, 0x0000000100000000)
  eden space 65536K, 38% used [0x00000000eab00000,0x00000000ec37c578,0x00000000eeb00000)
  from space 11776K, 0% used [0x00000000eeb00000,0x00000000eeb00000,0x00000000ef680000)
  to   space 11264K, 0% used [0x00000000ef700000,0x00000000ef700000,0x00000000f0200000)
 ParOldGen       total 77824K, used 43366K [0x00000000c0000000, 0x00000000c4c00000, 0x00000000eab00000)
  object space 77824K, 55% used [0x00000000c0000000,0x00000000c2a59bf0,0x00000000c4c00000)
 Metaspace       used 6466K, capacity 7256K, committed 7424K, reserved 1056768K
  class space    used 613K, capacity 656K, committed 768K, reserved 1048576K

Card table byte_map: [0x0000000011640000,0x0000000011850000] byte_map_base: 0x0000000011040000

Marking Bits: (ParMarkBitMap*) 0x000000006e99d490
 Begin Bits: [0x0000000011db0000, 0x0000000012db0000)
 End Bits:   [0x0000000012db0000, 0x0000000013db0000)

Polling page: 0x0000000000500000

CodeCache: size=245760Kb used=8731Kb max_used=8731Kb free=237028Kb
 bounds [0x0000000002280000, 0x0000000002b10000, 0x0000000011280000]
 total_blobs=2318 nmethods=2053 adapters=178
 compilation: enabled

Compilation events (10 events):
Event: 11.153 Thread 0x00000000149a3000 2139   !   2       java.util.concurrent.locks.AbstractQueuedSynchronizer::fullyRelease (54 bytes)
Event: 11.153 Thread 0x00000000149a3000 nmethod 2139 0x0000000002b04b10 code [0x0000000002b04ca0, 0x0000000002b04f88]
Event: 11.153 Thread 0x00000000149a3000 2140       2       java.util.concurrent.locks.AbstractQueuedSynchronizer$ConditionObject::checkInterruptWhileWaiting (27 bytes)
Event: 11.154 Thread 0x00000000149a3000 nmethod 2140 0x0000000002b051d0 code [0x0000000002b05360, 0x0000000002b05638]
Event: 11.168 Thread 0x00000000149a3000 2141       2       com.android.dx.rop.code.SwitchInsn::<init> (49 bytes)
Event: 11.168 Thread 0x00000000149a3000 nmethod 2141 0x0000000002b05810 code [0x0000000002b059a0, 0x0000000002b05c68]
Event: 11.176 Thread 0x00000000149a3000 2142       2       com.android.dx.ssa.back.FirstFitLocalCombiningAllocator::findRangeAndAdjust (311 bytes)
Event: 11.178 Thread 0x00000000149a3000 nmethod 2142 0x0000000002b05dd0 code [0x0000000002b06040, 0x0000000002b06af8]
Event: 11.178 Thread 0x00000000149a3000 2143       2       com.android.dx.ssa.NormalSsaInsn::changeOneSource (120 bytes)
Event: 11.180 Thread 0x00000000149a3000 nmethod 2143 0x0000000002b07910 code [0x0000000002b07b00, 0x0000000002b081f8]

GC Heap History (10 events):
Event: 7.656 GC heap before
{Heap before GC invocations=6 (full 0):
 PSYoungGen      total 35328K, used 35298K [0x00000000eab00000, 0x00000000ed000000, 0x0000000100000000)
  eden space 32768K, 100% used [0x00000000eab00000,0x00000000ecb00000,0x00000000ecb00000)
  from space 2560K, 98% used [0x00000000ecb00000,0x00000000ecd78850,0x00000000ecd80000)
  to   space 2560K, 0% used [0x00000000ecd80000,0x00000000ecd80000,0x00000000ed000000)
 ParOldGen       total 44032K, used 19314K [0x00000000c0000000, 0x00000000c2b00000, 0x00000000eab00000)
  object space 44032K, 43% used [0x00000000c0000000,0x00000000c12dc8f8,0x00000000c2b00000)
 Metaspace       used 6252K, capacity 7152K, committed 7296K, reserved 1056768K
  class space    used 593K, capacity 616K, committed 640K, reserved 1048576K
Event: 7.720 GC heap after
Heap after GC invocations=6 (full 0):
 PSYoungGen      total 35328K, used 2546K [0x00000000eab00000, 0x00000000ed000000, 0x0000000100000000)
  eden space 32768K, 0% used [0x00000000eab00000,0x00000000eab00000,0x00000000ecb00000)
  from space 2560K, 99% used [0x00000000ecd80000,0x00000000ecffc860,0x00000000ed000000)
  to   space 2560K, 0% used [0x00000000ecb00000,0x00000000ecb00000,0x00000000ecd80000)
 ParOldGen       total 44032K, used 24461K [0x00000000c0000000, 0x00000000c2b00000, 0x00000000eab00000)
  object space 44032K, 55% used [0x00000000c0000000,0x00000000c17e37e8,0x00000000c2b00000)
 Metaspace       used 6252K, capacity 7152K, committed 7296K, reserved 1056768K
  class space    used 593K, capacity 616K, committed 640K, reserved 1048576K
}
Event: 8.044 GC heap before
{Heap before GC invocations=7 (full 0):
 PSYoungGen      total 35328K, used 35314K [0x00000000eab00000, 0x00000000ed000000, 0x0000000100000000)
  eden space 32768K, 100% used [0x00000000eab00000,0x00000000ecb00000,0x00000000ecb00000)
  from space 2560K, 99% used [0x00000000ecd80000,0x00000000ecffc860,0x00000000ed000000)
  to   space 2560K, 0% used [0x00000000ecb00000,0x00000000ecb00000,0x00000000ecd80000)
 ParOldGen       total 44032K, used 24461K [0x00000000c0000000, 0x00000000c2b00000, 0x00000000eab00000)
  object space 44032K, 55% used [0x00000000c0000000,0x00000000c17e37e8,0x00000000c2b00000)
 Metaspace       used 6328K, capacity 7216K, committed 7296K, reserved 1056768K
  class space    used 593K, capacity 616K, committed 640K, reserved 1048576K
Event: 8.070 GC heap after
Heap after GC invocations=7 (full 0):
 PSYoungGen      total 35328K, used 2546K [0x00000000eab00000, 0x00000000f0300000, 0x0000000100000000)
  eden space 32768K, 0% used [0x00000000eab00000,0x00000000eab00000,0x00000000ecb00000)
  from space 2560K, 99% used [0x00000000ecb00000,0x00000000ecd7c900,0x00000000ecd80000)
  to   space 12288K, 0% used [0x00000000ef700000,0x00000000ef700000,0x00000000f0300000)
 ParOldGen       total 44032K, used 29882K [0x00000000c0000000, 0x00000000c2b00000, 0x00000000eab00000)
  object space 44032K, 67% used [0x00000000c0000000,0x00000000c1d2ebd8,0x00000000c2b00000)
 Metaspace       used 6328K, capacity 7216K, committed 7296K, reserved 1056768K
  class space    used 593K, capacity 616K, committed 640K, reserved 1048576K
}
Event: 8.348 GC heap before
{Heap before GC invocations=8 (full 0):
 PSYoungGen      total 35328K, used 35314K [0x00000000eab00000, 0x00000000f0300000, 0x0000000100000000)
  eden space 32768K, 100% used [0x00000000eab00000,0x00000000ecb00000,0x00000000ecb00000)
  from space 2560K, 99% used [0x00000000ecb00000,0x00000000ecd7c900,0x00000000ecd80000)
  to   space 12288K, 0% used [0x00000000ef700000,0x00000000ef700000,0x00000000f0300000)
 ParOldGen       total 44032K, used 29882K [0x00000000c0000000, 0x00000000c2b00000, 0x00000000eab00000)
  object space 44032K, 67% used [0x00000000c0000000,0x00000000c1d2ebd8,0x00000000c2b00000)
 Metaspace       used 6345K, capacity 7216K, committed 7296K, reserved 1056768K
  class space    used 593K, capacity 616K, committed 640K, reserved 1048576K
Event: 8.388 GC heap after
Heap after GC invocations=8 (full 0):
 PSYoungGen      total 76800K, used 7360K [0x00000000eab00000, 0x00000000f0200000, 0x0000000100000000)
  eden space 65536K, 0% used [0x00000000eab00000,0x00000000eab00000,0x00000000eeb00000)
  from space 11264K, 65% used [0x00000000ef700000,0x00000000efe30020,0x00000000f0200000)
  to   space 11776K, 0% used [0x00000000eeb00000,0x00000000eeb00000,0x00000000ef680000)
 ParOldGen       total 44032K, used 30631K [0x00000000c0000000, 0x00000000c2b00000, 0x00000000eab00000)
  object space 44032K, 69% used [0x00000000c0000000,0x00000000c1de9e90,0x00000000c2b00000)
 Metaspace       used 6345K, capacity 7216K, committed 7296K, reserved 1056768K
  class space    used 593K, capacity 616K, committed 640K, reserved 1048576K
}
Event: 9.650 GC heap before
{Heap before GC invocations=9 (full 0):
 PSYoungGen      total 76800K, used 72896K [0x00000000eab00000, 0x00000000f0200000, 0x0000000100000000)
  eden space 65536K, 100% used [0x00000000eab00000,0x00000000eeb00000,0x00000000eeb00000)
  from space 11264K, 65% used [0x00000000ef700000,0x00000000efe30020,0x00000000f0200000)
  to   space 11776K, 0% used [0x00000000eeb00000,0x00000000eeb00000,0x00000000ef680000)
 ParOldGen       total 44032K, used 30631K [0x00000000c0000000, 0x00000000c2b00000, 0x00000000eab00000)
  object space 44032K, 69% used [0x00000000c0000000,0x00000000c1de9e90,0x00000000c2b00000)
 Metaspace       used 6455K, capacity 7256K, committed 7424K, reserved 1056768K
  class space    used 613K, capacity 656K, committed 768K, reserved 1048576K
Event: 9.863 GC heap after
Heap after GC invocations=9 (full 0):
 PSYoungGen      total 77312K, used 11744K [0x00000000eab00000, 0x00000000f0200000, 0x0000000100000000)
  eden space 65536K, 0% used [0x00000000eab00000,0x00000000eab00000,0x00000000eeb00000)
  from space 11776K, 99% used [0x00000000eeb00000,0x00000000ef678020,0x00000000ef680000)
  to   space 11264K, 0% used [0x00000000ef700000,0x00000000ef700000,0x00000000f0200000)
 ParOldGen       total 44032K, used 36449K [0x00000000c0000000, 0x00000000c2b00000, 0x00000000eab00000)
  object space 44032K, 82% used [0x00000000c0000000,0x00000000c2398790,0x00000000c2b00000)
 Metaspace       used 6455K, capacity 7256K, committed 7424K, reserved 1056768K
  class space    used 613K, capacity 656K, committed 768K, reserved 1048576K
}
Event: 9.863 GC heap before
{Heap before GC invocations=10 (full 1):
 PSYoungGen      total 77312K, used 11744K [0x00000000eab00000, 0x00000000f0200000, 0x0000000100000000)
  eden space 65536K, 0% used [0x00000000eab00000,0x00000000eab00000,0x00000000eeb00000)
  from space 11776K, 99% used [0x00000000eeb00000,0x00000000ef678020,0x00000000ef680000)
  to   space 11264K, 0% used [0x00000000ef700000,0x00000000ef700000,0x00000000f0200000)
 ParOldGen       total 44032K, used 36449K [0x00000000c0000000, 0x00000000c2b00000, 0x00000000eab00000)
  object space 44032K, 82% used [0x00000000c0000000,0x00000000c2398790,0x00000000c2b00000)
 Metaspace       used 6455K, capacity 7256K, committed 7424K, reserved 1056768K
  class space    used 613K, capacity 656K, committed 768K, reserved 1048576K
Event: 11.049 GC heap after
Heap after GC invocations=10 (full 1):
 PSYoungGen      total 77312K, used 0K [0x00000000eab00000, 0x00000000f0200000, 0x0000000100000000)
  eden space 65536K, 0% used [0x00000000eab00000,0x00000000eab00000,0x00000000eeb00000)
  from space 11776K, 0% used [0x00000000eeb00000,0x00000000eeb00000,0x00000000ef680000)
  to   space 11264K, 0% used [0x00000000ef700000,0x00000000ef700000,0x00000000f0200000)
 ParOldGen       total 77824K, used 43366K [0x00000000c0000000, 0x00000000c4c00000, 0x00000000eab00000)
  object space 77824K, 55% used [0x00000000c0000000,0x00000000c2a59bf0,0x00000000c4c00000)
 Metaspace       used 6455K, capacity 7256K, committed 7424K, reserved 1056768K
  class space    used 613K, capacity 656K, committed 768K, reserved 1048576K
}

Deoptimization events (10 events):
Event: 9.171 Thread 0x00000000166de000 Uncommon trap: reason=unreached action=reinterpret pc=0x00000000025f8930 method=java.util.HashMap.getNode(ILjava/lang/Object;)Ljava/util/HashMap$Node; @ 84
Event: 9.198 Thread 0x00000000166dc000 Uncommon trap: reason=unreached action=reinterpret pc=0x000000000290deb0 method=java.util.HashMap.getNode(ILjava/lang/Object;)Ljava/util/HashMap$Node; @ 84
Event: 9.218 Thread 0x0000000002181000 Uncommon trap: reason=bimorphic action=maybe_recompile pc=0x0000000002a41ef4 method=com.android.dx.cf.code.RopperMachine.run(Lcom/android/dx/cf/code/Frame;II)V @ 988
Event: 9.219 Thread 0x0000000002181000 Uncommon trap: reason=bimorphic action=maybe_recompile pc=0x0000000002a41ef4 method=com.android.dx.cf.code.RopperMachine.run(Lcom/android/dx/cf/code/Frame;II)V @ 988
Event: 9.219 Thread 0x0000000002181000 Uncommon trap: reason=bimorphic action=maybe_recompile pc=0x0000000002a41ef4 method=com.android.dx.cf.code.RopperMachine.run(Lcom/android/dx/cf/code/Frame;II)V @ 988
Event: 9.221 Thread 0x0000000002181000 Uncommon trap: reason=bimorphic action=maybe_recompile pc=0x0000000002a436f0 method=com.android.dx.cf.code.RopperMachine.run(Lcom/android/dx/cf/code/Frame;II)V @ 310
Event: 9.221 Thread 0x0000000002181000 Uncommon trap: reason=bimorphic action=maybe_recompile pc=0x0000000002a436f0 method=com.android.dx.cf.code.RopperMachine.run(Lcom/android/dx/cf/code/Frame;II)V @ 310
Event: 11.108 Thread 0x00000000166dd800 Uncommon trap: reason=unreached action=reinterpret pc=0x0000000002876e0c method=com.android.dx.ssa.MoveParamCombiner$1.visitNonMoveInsn(Lcom/android/dx/ssa/NormalSsaInsn;)V @ 27
Event: 11.132 Thread 0x00000000166b7000 Uncommon trap: reason=bimorphic action=maybe_recompile pc=0x00000000029230f4 method=com.android.dx.ssa.LiteralOpUpgrader.tryReplacingWithConstant(Lcom/android/dx/ssa/NormalSsaInsn;)Z @ 62
Event: 11.140 Thread 0x00000000166b7000 Uncommon trap: reason=bimorphic action=maybe_recompile pc=0x00000000029230f4 method=com.android.dx.ssa.LiteralOpUpgrader.tryReplacingWithConstant(Lcom/android/dx/ssa/NormalSsaInsn;)Z @ 62

Internal exceptions (10 events):
Event: 1.853 Thread 0x0000000002181000 Exception <a 'java/security/PrivilegedActionException'> (0x00000000eb757438) thrown at [D:\re\workspace\8-2-build-windows-amd64-cygwin\jdk8u25\1677\hotspot\src\share\vm\prims\jvm.cpp, line 1312]
Event: 2.856 Thread 0x00000000166dc000 Implicit null exception at 0x00000000025b77e2 to 0x00000000025b78e1
Event: 2.863 Thread 0x00000000166de000 Exception <a 'java/security/PrivilegedActionException'> (0x00000000eab94db8) thrown at [D:\re\workspace\8-2-build-windows-amd64-cygwin\jdk8u25\1677\hotspot\src\share\vm\prims\jvm.cpp, line 1312]
Event: 5.756 Thread 0x0000000002181000 Exception <a 'java/security/PrivilegedActionException'> (0x00000000eb97e790) thrown at [D:\re\workspace\8-2-build-windows-amd64-cygwin\jdk8u25\1677\hotspot\src\share\vm\prims\jvm.cpp, line 1312]
Event: 5.994 Thread 0x0000000002181000 Exception <a 'java/security/PrivilegedActionException'> (0x00000000ebb52998) thrown at [D:\re\workspace\8-2-build-windows-amd64-cygwin\jdk8u25\1677\hotspot\src\share\vm\prims\jvm.cpp, line 1312]
Event: 8.263 Thread 0x00000000166de000 Implicit null exception at 0x00000000028c6851 to 0x00000000028c78d9
Event: 8.745 Thread 0x00000000166de000 Exception <a 'java/security/PrivilegedActionException'> (0x00000000ec95b908) thrown at [D:\re\workspace\8-2-build-windows-amd64-cygwin\jdk8u25\1677\hotspot\src\share\vm\prims\jvm.cpp, line 1312]
Event: 9.169 Thread 0x00000000166de000 Exception <a 'java/lang/ArrayIndexOutOfBoundsException': 18> (0x00000000ed970a78) thrown at [D:\re\workspace\8-2-build-windows-amd64-cygwin\jdk8u25\1677\hotspot\src\share\vm\interpreter\interpreterRuntime.cpp, line 366]
Event: 9.169 Thread 0x00000000166de000 Exception <a 'java/lang/ArrayIndexOutOfBoundsException': 145> (0x00000000ed972510) thrown at [D:\re\workspace\8-2-build-windows-amd64-cygwin\jdk8u25\1677\hotspot\src\share\vm\interpreter\interpreterRuntime.cpp, line 366]
Event: 9.171 Thread 0x00000000166de000 Exception <a 'java/lang/ArrayIndexOutOfBoundsException': 40> (0x00000000ed973728) thrown at [D:\re\workspace\8-2-build-windows-amd64-cygwin\jdk8u25\1677\hotspot\src\share\vm\interpreter\interpreterRuntime.cpp, line 366]

Events (10 events):
Event: 11.049 Executing VM operation: ParallelGCFailedAllocation done
Event: 11.108 Thread 0x00000000166dd800 Uncommon trap: trap_request=0xffffffad fr.pc=0x0000000002876e0c
Event: 11.108 Thread 0x00000000166dd800 DEOPT PACKING pc=0x0000000002876e0c sp=0x000000001739e6c0
Event: 11.108 Thread 0x00000000166dd800 DEOPT UNPACKING pc=0x00000000022c556a sp=0x000000001739e618 mode 2
Event: 11.132 Thread 0x00000000166b7000 Uncommon trap: trap_request=0xffffffc6 fr.pc=0x00000000029230f4
Event: 11.132 Thread 0x00000000166b7000 DEOPT PACKING pc=0x00000000029230f4 sp=0x000000001709e6a0
Event: 11.133 Thread 0x00000000166b7000 DEOPT UNPACKING pc=0x00000000022c556a sp=0x000000001709e640 mode 2
Event: 11.140 Thread 0x00000000166b7000 Uncommon trap: trap_request=0xffffffc6 fr.pc=0x00000000029230f4
Event: 11.140 Thread 0x00000000166b7000 DEOPT PACKING pc=0x00000000029230f4 sp=0x000000001709e5f0
Event: 11.140 Thread 0x00000000166b7000 DEOPT UNPACKING pc=0x00000000022c556a sp=0x000000001709e590 mode 2


Dynamic libraries:
0x00007ff6ef650000 - 0x00007ff6ef684000 	C:\Program Files\Java\jdk1.8.0_25\bin\java.exe
0x00007ff9d56d0000 - 0x00007ff9d5891000 	C:\WINDOWS\SYSTEM32\ntdll.dll
0x00007ff9d5470000 - 0x00007ff9d551d000 	C:\WINDOWS\system32\KERNEL32.DLL
0x00007ff9d2210000 - 0x00007ff9d23f8000 	C:\WINDOWS\system32\KERNELBASE.dll
0x00007ff9d5590000 - 0x00007ff9d5637000 	C:\WINDOWS\system32\ADVAPI32.dll
0x00007ff9d50a0000 - 0x00007ff9d513d000 	C:\WINDOWS\system32\msvcrt.dll
0x00007ff9d5660000 - 0x00007ff9d56bb000 	C:\WINDOWS\system32\sechost.dll
0x00007ff9d4cc0000 - 0x00007ff9d4ddc000 	C:\WINDOWS\system32\RPCRT4.dll
0x00007ff9d4de0000 - 0x00007ff9d4f36000 	C:\WINDOWS\system32\USER32.dll
0x00007ff9d41a0000 - 0x00007ff9d4326000 	C:\WINDOWS\system32\GDI32.dll
0x00007ff9c8ec0000 - 0x00007ff9c9134000 	C:\WINDOWS\WinSxS\amd64_microsoft.windows.common-controls_6595b64144ccf1df_6.0.10586.0_none_8c15ae12515e1c22\COMCTL32.dll
0x00007ff9d4610000 - 0x00007ff9d488d000 	C:\WINDOWS\system32\combase.dll
0x00007ff9d20e0000 - 0x00007ff9d214a000 	C:\WINDOWS\system32\bcryptPrimitives.dll
0x00007ff9d2b40000 - 0x00007ff9d2b7b000 	C:\WINDOWS\system32\IMM32.DLL
0x000000006df60000 - 0x000000006e032000 	C:\Program Files\Java\jdk1.8.0_25\jre\bin\msvcr100.dll
0x000000006e1c0000 - 0x000000006ea1a000 	C:\Program Files\Java\jdk1.8.0_25\jre\bin\server\jvm.dll
0x00007ff9d4390000 - 0x00007ff9d4398000 	C:\WINDOWS\system32\PSAPI.DLL
0x00007ff9c8e00000 - 0x00007ff9c8e09000 	C:\WINDOWS\SYSTEM32\WSOCK32.dll
0x00007ff9d0410000 - 0x00007ff9d0433000 	C:\WINDOWS\SYSTEM32\WINMM.dll
0x00007ff9d5520000 - 0x00007ff9d558b000 	C:\WINDOWS\system32\WS2_32.dll
0x00007ff9d03b0000 - 0x00007ff9d03dc000 	C:\WINDOWS\SYSTEM32\WINMMBASE.dll
0x00007ff9d2090000 - 0x00007ff9d20d3000 	C:\WINDOWS\system32\cfgmgr32.dll
0x000000006f3a0000 - 0x000000006f3af000 	C:\Program Files\Java\jdk1.8.0_25\jre\bin\verify.dll
0x000000006f370000 - 0x000000006f398000 	C:\Program Files\Java\jdk1.8.0_25\jre\bin\java.dll
0x000000006f350000 - 0x000000006f366000 	C:\Program Files\Java\jdk1.8.0_25\jre\bin\zip.dll
0x00007ff9d2b80000 - 0x00007ff9d40dc000 	C:\WINDOWS\system32\SHELL32.dll
0x00007ff9d2460000 - 0x00007ff9d2aa5000 	C:\WINDOWS\system32\windows.storage.dll
0x00007ff9d40e0000 - 0x00007ff9d4132000 	C:\WINDOWS\system32\shlwapi.dll
0x00007ff9d1d70000 - 0x00007ff9d1d7f000 	C:\WINDOWS\system32\kernel.appcore.dll
0x00007ff9d2150000 - 0x00007ff9d2205000 	C:\WINDOWS\system32\shcore.dll
0x00007ff9d1d20000 - 0x00007ff9d1d6b000 	C:\WINDOWS\system32\powrprof.dll
0x00007ff9d1d00000 - 0x00007ff9d1d14000 	C:\WINDOWS\system32\profapi.dll
0x00007ff9ccf50000 - 0x00007ff9cd0dc000 	C:\WINDOWS\SYSTEM32\dbghelp.dll

VM Arguments:
jvm_args: -Djava.awt.headless=true -Xmx1024M -Dfile.encoding=windows-1252 -Duser.country=FR -Duser.language=fr -Duser.variant 
java_command: com.android.dx.command.Main --dex --force-jumbo --num-threads=4 --output C:\Users\benoit_r\AndroidStudioProjects\TechNotes\app\build\intermediates\pre-dexed\debug\com.android.support-support-v4-23.2.1_892a0b57e84672a01ce58acad20db4e1bac8650e.jar C:\Users\benoit_r\AndroidStudioProjects\TechNotes\app\build\intermediates\exploded-aar\com.android.support\support-v4\23.2.1\jars\classes.jar
java_class_path (initial): C:\Users\benoit_r\AppData\Local\Android\sdk\build-tools\23.0.3\lib\dx.jar
Launcher Type: SUN_STANDARD

Environment Variables:
PATH=C:\ProgramData\Oracle\Java\javapath;"C:\Program Files (x86)\Java\jre1.8.0_71\bin";C:\Program Files (x86)\Windows Resource Kits\Tools\;C:\WINDOWS\system32;C:\WINDOWS;C:\WINDOWS\System32\Wbem;C:\WINDOWS\System32\WindowsPowerShell\v1.0\;C:\Users\kevin_d\Documents\Cours Licence\JAVA EE\play1-1.3.0;C:\Program Files (x86)\Universal Extractor;C:\Program Files (x86)\Universal Extractor\bin;C:\Users\kevin_d\Downloads\Fusion;C:\WINDOWS\system32\config\systemprofile\.dnx\bin;C:\Program Files\Microsoft DNX\Dnvm\;C:\Program Files (x86)\Microsoft ASP.NET\ASP.NET Web Pages\v1.0\;C:\Program Files\Microsoft SQL Server\110\Tools\Binn\;C:\Program Files\Microsoft\Web Platform Installer\
USERNAME=benoit_r
OS=Windows_NT
PROCESSOR_IDENTIFIER=Intel64 Family 6 Model 58 Stepping 9, GenuineIntel



---------------  S Y S T E M  ---------------

OS: Windows 8.1 , 64 bit Build 9600 

CPU:total 4 (2 cores per cpu, 2 threads per core) family 6 model 58 stepping 9, cmov, cx8, fxsr, mmx, sse, sse2, sse3, ssse3, sse4.1, sse4.2, popcnt, avx, aes, clmul, erms, ht, tsc, tscinvbit, tscinv

Memory: 4k page, physical 4075224k(493524k free), swap 5746576k(5248k free)

vm_info: Java HotSpot(TM) 64-Bit Server VM (25.25-b02) for windows-amd64 JRE (1.8.0_25-b18), built on Oct  7 2014 14:25:37 by "java_re" with MS VC++ 10.0 (VS2010)

time: Wed Apr 27 10:55:39 2016
elapsed time: 11 seconds (0d 0h 0m 11s)

