#
# There is insufficient memory for the Java Runtime Environment to continue.
# Native memory allocation (malloc) failed to allocate 795088 bytes for Chunk::new
# Possible reasons:
#   The system is out of physical RAM or swap space
#   In 32 bit mode, the process size limit was hit
# Possible solutions:
#   Reduce memory load on the system
#   Increase physical memory or swap space
#   Check if swap backing store is full
#   Use 64 bit Java on a 64 bit OS
#   Decrease Java heap size (-Xmx/-Xms)
#   Decrease number of Java threads
#   Decrease Java thread stack sizes (-Xss)
#   Set larger code cache with -XX:ReservedCodeCacheSize=
# This output file may be truncated or incomplete.
#
#  Out of Memory Error (allocation.cpp:390), pid=8308, tid=9776
#
# JRE version: Java(TM) SE Runtime Environment (8.0_25-b18) (build 1.8.0_25-b18)
# Java VM: Java HotSpot(TM) 64-Bit Server VM (25.25-b02 mixed mode windows-amd64 compressed oops)
# Failed to write core dump. Minidumps are not enabled by default on client versions of Windows
#

---------------  T H R E A D  ---------------

Current thread (0x000000001494d800):  JavaThread "C2 CompilerThread0" daemon [_thread_in_native, id=9776, stack(0x0000000015ea0000,0x0000000015fa0000)]

Stack: [0x0000000015ea0000,0x0000000015fa0000]
Native frames: (J=compiled Java code, j=interpreted, Vv=VM code, C=native code)
V  [jvm.dll+0x31667a]
V  [jvm.dll+0x267073]
V  [jvm.dll+0x267cb3]
V  [jvm.dll+0x25f5b5]
V  [jvm.dll+0xbf165]
V  [jvm.dll+0xbf60c]
V  [jvm.dll+0x44af32]
V  [jvm.dll+0x4be4f0]
V  [jvm.dll+0x4c1140]
V  [jvm.dll+0x451121]
V  [jvm.dll+0x4538f8]
V  [jvm.dll+0x437372]
V  [jvm.dll+0x98a02]
V  [jvm.dll+0x991f3]
V  [jvm.dll+0x22bde4]
V  [jvm.dll+0x2852fa]
C  [msvcr100.dll+0x21d9f]
C  [msvcr100.dll+0x21e3b]
C  [KERNEL32.DLL+0x18102]
C  [ntdll.dll+0x5c5b4]


Current CompileTask:
C2:   8838 1292       4       com.android.dx.rop.code.Rops::ropFor (771 bytes)


---------------  P R O C E S S  ---------------

Java Threads: ( => current thread )
  0x00000000149a7800 JavaThread "Service Thread" daemon [_thread_blocked, id=3836, stack(0x00000000161a0000,0x00000000162a0000)]
  0x00000000149a0800 JavaThread "C1 CompilerThread2" daemon [_thread_blocked, id=2360, stack(0x00000000160a0000,0x00000000161a0000)]
  0x000000001499e000 JavaThread "C2 CompilerThread1" daemon [_thread_blocked, id=3664, stack(0x0000000015fa0000,0x00000000160a0000)]
=>0x000000001494d800 JavaThread "C2 CompilerThread0" daemon [_thread_in_native, id=9776, stack(0x0000000015ea0000,0x0000000015fa0000)]
  0x000000001494b800 JavaThread "Attach Listener" daemon [_thread_blocked, id=9284, stack(0x0000000015da0000,0x0000000015ea0000)]
  0x0000000014949800 JavaThread "Signal Dispatcher" daemon [_thread_blocked, id=2352, stack(0x0000000015ca0000,0x0000000015da0000)]
  0x000000000226f800 JavaThread "Finalizer" daemon [_thread_blocked, id=3372, stack(0x0000000015ba0000,0x0000000015ca0000)]
  0x000000000226c000 JavaThread "Reference Handler" daemon [_thread_blocked, id=6332, stack(0x0000000015aa0000,0x0000000015ba0000)]
  0x0000000002180800 JavaThread "main" [_thread_in_vm, id=5288, stack(0x0000000001f90000,0x0000000002090000)]

Other Threads:
  0x0000000014917000 VMThread [stack: 0x00000000159a0000,0x0000000015aa0000] [id=5012]
  0x00000000149aa800 WatcherThread [stack: 0x00000000162a0000,0x00000000163a0000] [id=1916]

VM state:not at safepoint (normal execution)

VM Mutex/Monitor currently owned by a thread: None

Heap:
 PSYoungGen      total 35328K, used 19580K [0x00000000eab00000, 0x00000000ed000000, 0x0000000100000000)
  eden space 32768K, 52% used [0x00000000eab00000,0x00000000ebba56a8,0x00000000ecb00000)
  from space 2560K, 99% used [0x00000000ecd80000,0x00000000ecff9c68,0x00000000ed000000)
  to   space 2560K, 0% used [0x00000000ecb00000,0x00000000ecb00000,0x00000000ecd80000)
 ParOldGen       total 44032K, used 3769K [0x00000000c0000000, 0x00000000c2b00000, 0x00000000eab00000)
  object space 44032K, 8% used [0x00000000c0000000,0x00000000c03ae5b8,0x00000000c2b00000)
 Metaspace       used 6143K, capacity 7088K, committed 7296K, reserved 1056768K
  class space    used 600K, capacity 616K, committed 640K, reserved 1048576K

Card table byte_map: [0x0000000011640000,0x0000000011850000] byte_map_base: 0x0000000011040000

Marking Bits: (ParMarkBitMap*) 0x000000006e99d490
 Begin Bits: [0x0000000011db0000, 0x0000000012db0000)
 End Bits:   [0x0000000012db0000, 0x0000000013db0000)

Polling page: 0x0000000000500000

CodeCache: size=245760Kb used=6400Kb max_used=6400Kb free=239359Kb
 bounds [0x0000000002280000, 0x00000000028d0000, 0x0000000011280000]
 total_blobs=1798 nmethods=1534 adapters=178
 compilation: enabled

Compilation events (10 events):
Event: 8.198 Thread 0x00000000149a0800 nmethod 1379 0x0000000002823650 code [0x00000000028237a0, 0x00000000028238b0]
Event: 8.201 Thread 0x00000000149a0800 1380       3       com.android.dx.rop.cst.CstLiteral32::fitsInInt (2 bytes)
Event: 8.201 Thread 0x00000000149a0800 nmethod 1380 0x0000000002823310 code [0x0000000002823460, 0x00000000028235b0]
Event: 8.208 Thread 0x00000000149a0800 1382       3       com.android.dx.cf.direct.DirectClassFile::getSourceFile (31 bytes)
Event: 8.208 Thread 0x00000000149a0800 nmethod 1382 0x0000000002822a10 code [0x0000000002822bc0, 0x0000000002823178]
Event: 8.213 Thread 0x00000000149a0800 1383       3       com.android.dx.ssa.SCCP::replaceBranches (142 bytes)
Event: 8.214 Thread 0x00000000149a0800 nmethod 1383 0x0000000002829850 code [0x0000000002829aa0, 0x000000000282aa28]
Event: 8.216 Thread 0x000000001499e000 nmethod 1374 0x000000000282b150 code [0x000000000282b3a0, 0x000000000282cb38]
Event: 8.216 Thread 0x000000001499e000 1381       4       com.android.dx.rop.code.LocalVariableExtractor::processBlock (327 bytes)
Event: 8.268 Thread 0x00000000149a0800 1384   !   3       com.android.dx.cf.code.RopperMachine::run (1550 bytes)

GC Heap History (4 events):
Event: 3.001 GC heap before
{Heap before GC invocations=1 (full 0):
 PSYoungGen      total 18944K, used 16384K [0x00000000eab00000, 0x00000000ec000000, 0x0000000100000000)
  eden space 16384K, 100% used [0x00000000eab00000,0x00000000ebb00000,0x00000000ebb00000)
  from space 2560K, 0% used [0x00000000ebd80000,0x00000000ebd80000,0x00000000ec000000)
  to   space 2560K, 0% used [0x00000000ebb00000,0x00000000ebb00000,0x00000000ebd80000)
 ParOldGen       total 44032K, used 0K [0x00000000c0000000, 0x00000000c2b00000, 0x00000000eab00000)
  object space 44032K, 0% used [0x00000000c0000000,0x00000000c0000000,0x00000000c2b00000)
 Metaspace       used 5655K, capacity 6704K, committed 6784K, reserved 1056768K
  class space    used 580K, capacity 616K, committed 640K, reserved 1048576K
Event: 3.673 GC heap after
Heap after GC invocations=1 (full 0):
 PSYoungGen      total 18944K, used 2538K [0x00000000eab00000, 0x00000000ed000000, 0x0000000100000000)
  eden space 16384K, 0% used [0x00000000eab00000,0x00000000eab00000,0x00000000ebb00000)
  from space 2560K, 99% used [0x00000000ebb00000,0x00000000ebd7aac8,0x00000000ebd80000)
  to   space 2560K, 0% used [0x00000000ecd80000,0x00000000ecd80000,0x00000000ed000000)
 ParOldGen       total 44032K, used 1632K [0x00000000c0000000, 0x00000000c2b00000, 0x00000000eab00000)
  object space 44032K, 3% used [0x00000000c0000000,0x00000000c01982e8,0x00000000c2b00000)
 Metaspace       used 5655K, capacity 6704K, committed 6784K, reserved 1056768K
  class space    used 580K, capacity 616K, committed 640K, reserved 1048576K
}
Event: 6.024 GC heap before
{Heap before GC invocations=2 (full 0):
 PSYoungGen      total 18944K, used 18922K [0x00000000eab00000, 0x00000000ed000000, 0x0000000100000000)
  eden space 16384K, 100% used [0x00000000eab00000,0x00000000ebb00000,0x00000000ebb00000)
  from space 2560K, 99% used [0x00000000ebb00000,0x00000000ebd7aac8,0x00000000ebd80000)
  to   space 2560K, 0% used [0x00000000ecd80000,0x00000000ecd80000,0x00000000ed000000)
 ParOldGen       total 44032K, used 1632K [0x00000000c0000000, 0x00000000c2b00000, 0x00000000eab00000)
  object space 44032K, 3% used [0x00000000c0000000,0x00000000c01982e8,0x00000000c2b00000)
 Metaspace       used 5867K, capacity 6896K, committed 7040K, reserved 1056768K
  class space    used 581K, capacity 616K, committed 640K, reserved 1048576K
Event: 6.795 GC heap after
Heap after GC invocations=2 (full 0):
 PSYoungGen      total 35328K, used 2535K [0x00000000eab00000, 0x00000000ed000000, 0x0000000100000000)
  eden space 32768K, 0% used [0x00000000eab00000,0x00000000eab00000,0x00000000ecb00000)
  from space 2560K, 99% used [0x00000000ecd80000,0x00000000ecff9c68,0x00000000ed000000)
  to   space 2560K, 0% used [0x00000000ecb00000,0x00000000ecb00000,0x00000000ecd80000)
 ParOldGen       total 44032K, used 3769K [0x00000000c0000000, 0x00000000c2b00000, 0x00000000eab00000)
  object space 44032K, 8% used [0x00000000c0000000,0x00000000c03ae5b8,0x00000000c2b00000)
 Metaspace       used 5867K, capacity 6896K, committed 7040K, reserved 1056768K
  class space    used 581K, capacity 616K, committed 640K, reserved 1048576K
}

Deoptimization events (10 events):
Event: 5.051 Thread 0x0000000002180800 Uncommon trap: reason=bimorphic action=maybe_recompile pc=0x0000000002671a64 method=com.android.dx.cf.code.BytecodeArray.parseInstruction(ILcom/android/dx/cf/code/BytecodeArray$Visitor;)I @ 2135
Event: 5.368 Thread 0x0000000002180800 Uncommon trap: reason=bimorphic action=maybe_recompile pc=0x0000000002671a64 method=com.android.dx.cf.code.BytecodeArray.parseInstruction(ILcom/android/dx/cf/code/BytecodeArray$Visitor;)I @ 2135
Event: 6.815 Thread 0x0000000002180800 Uncommon trap: reason=unreached action=reinterpret pc=0x00000000027668dc method=com.android.dx.cf.code.BytecodeArray.parseInstruction(ILcom/android/dx/cf/code/BytecodeArray$Visitor;)I @ 1198
Event: 7.217 Thread 0x0000000002180800 Uncommon trap: reason=bimorphic action=maybe_recompile pc=0x00000000024b400c method=java.util.HashMap.getNode(ILjava/lang/Object;)Ljava/util/HashMap$Node; @ 126
Event: 7.217 Thread 0x0000000002180800 Uncommon trap: reason=class_check action=maybe_recompile pc=0x0000000002667dfc method=java.util.HashMap.putVal(ILjava/lang/Object;Ljava/lang/Object;ZZ)Ljava/lang/Object; @ 203
Event: 7.218 Thread 0x0000000002180800 Uncommon trap: reason=bimorphic action=maybe_recompile pc=0x00000000024d6b1c method=java.util.HashMap.getNode(ILjava/lang/Object;)Ljava/util/HashMap$Node; @ 126
Event: 8.014 Thread 0x00000000164fe000 Uncommon trap: reason=null_assert action=make_not_entrant pc=0x000000000277f65c method=com.android.dx.cf.code.LineNumberList.pcToLine(I)I @ 25
Event: 8.265 Thread 0x00000000165cf800 Uncommon trap: reason=unreached action=reinterpret pc=0x0000000002547234 method=com.android.dx.rop.code.RegisterSpec.hashCodeOf(ILcom/android/dx/rop/type/TypeBearer;Lcom/android/dx/rop/code/LocalItem;)I @ 1
Event: 8.265 Thread 0x00000000165cf800 Uncommon trap: reason=unreached action=reinterpret pc=0x00000000024f0200 method=com.android.dx.rop.code.RegisterSpec.hashCodeOf(ILcom/android/dx/rop/type/TypeBearer;Lcom/android/dx/rop/code/LocalItem;)I @ 1
Event: 8.265 Thread 0x00000000165cf800 Uncommon trap: reason=null_assert action=make_not_entrant pc=0x0000000002805c64 method=com.android.dx.cf.code.LineNumberList.pcToLine(I)I @ 25

Internal exceptions (10 events):
Event: 2.734 Thread 0x00000000164ea800 Exception <a 'java/security/PrivilegedActionException'> (0x00000000eb85efa8) thrown at [D:\re\workspace\8-2-build-windows-amd64-cygwin\jdk8u25\1677\hotspot\src\share\vm\prims\jvm.cpp, line 1312]
Event: 2.738 Thread 0x0000000002180800 Exception <a 'java/security/PrivilegedActionException'> (0x00000000eb9793c0) thrown at [D:\re\workspace\8-2-build-windows-amd64-cygwin\jdk8u25\1677\hotspot\src\share\vm\prims\jvm.cpp, line 1312]
Event: 7.790 Thread 0x0000000002180800 Exception <a 'java/security/PrivilegedActionException'> (0x00000000eb646458) thrown at [D:\re\workspace\8-2-build-windows-amd64-cygwin\jdk8u25\1677\hotspot\src\share\vm\prims\jvm.cpp, line 1312]
Event: 7.791 Thread 0x0000000002180800 Exception <a 'java/security/PrivilegedActionException'> (0x00000000eb648c30) thrown at [D:\re\workspace\8-2-build-windows-amd64-cygwin\jdk8u25\1677\hotspot\src\share\vm\prims\jvm.cpp, line 1312]
Event: 7.791 Thread 0x0000000002180800 Exception <a 'java/security/PrivilegedActionException'> (0x00000000eb64bb90) thrown at [D:\re\workspace\8-2-build-windows-amd64-cygwin\jdk8u25\1677\hotspot\src\share\vm\prims\jvm.cpp, line 1312]
Event: 8.016 Thread 0x0000000002180800 Exception <a 'java/security/PrivilegedActionException'> (0x00000000eb652cb0) thrown at [D:\re\workspace\8-2-build-windows-amd64-cygwin\jdk8u25\1677\hotspot\src\share\vm\prims\jvm.cpp, line 1312]
Event: 8.062 Thread 0x0000000002180800 Exception <a 'java/security/PrivilegedActionException'> (0x00000000eb655520) thrown at [D:\re\workspace\8-2-build-windows-amd64-cygwin\jdk8u25\1677\hotspot\src\share\vm\prims\jvm.cpp, line 1312]
Event: 8.127 Thread 0x0000000002180800 Exception <a 'java/security/PrivilegedActionException'> (0x00000000eb658938) thrown at [D:\re\workspace\8-2-build-windows-amd64-cygwin\jdk8u25\1677\hotspot\src\share\vm\prims\jvm.cpp, line 1312]
Event: 8.134 Thread 0x0000000002180800 Exception <a 'java/security/PrivilegedActionException'> (0x00000000eb65c730) thrown at [D:\re\workspace\8-2-build-windows-amd64-cygwin\jdk8u25\1677\hotspot\src\share\vm\prims\jvm.cpp, line 1312]
Event: 8.136 Thread 0x0000000002180800 Exception <a 'java/security/PrivilegedActionException'> (0x00000000eb65ed18) thrown at [D:\re\workspace\8-2-build-windows-amd64-cygwin\jdk8u25\1677\hotspot\src\share\vm\prims\jvm.cpp, line 1312]

Events (10 events):
Event: 8.134 loading class com/android/dx/cf/attrib/BaseLocalVariables done
Event: 8.264 Thread 0x00000000165cf800 Uncommon trap: trap_request=0xffffffad fr.pc=0x0000000002547234
Event: 8.265 Thread 0x00000000165cf800 DEOPT PACKING pc=0x0000000002547234 sp=0x0000000016c9ea70
Event: 8.265 Thread 0x00000000165cf800 DEOPT UNPACKING pc=0x00000000022c556a sp=0x0000000016c9e828 mode 2
Event: 8.265 Thread 0x00000000165cf800 Uncommon trap: trap_request=0xffffffad fr.pc=0x00000000024f0200
Event: 8.265 Thread 0x00000000165cf800 DEOPT PACKING pc=0x00000000024f0200 sp=0x0000000016c9e8f0
Event: 8.265 Thread 0x00000000165cf800 DEOPT UNPACKING pc=0x00000000022c556a sp=0x0000000016c9e8a0 mode 2
Event: 8.265 Thread 0x00000000165cf800 Uncommon trap: trap_request=0xffffffec fr.pc=0x0000000002805c64
Event: 8.265 Thread 0x00000000165cf800 DEOPT PACKING pc=0x0000000002805c64 sp=0x0000000016c9e280
Event: 8.265 Thread 0x00000000165cf800 DEOPT UNPACKING pc=0x00000000022c556a sp=0x0000000016c9e118 mode 2


Dynamic libraries:
0x00007ff6ef650000 - 0x00007ff6ef684000 	C:\Program Files\Java\jdk1.8.0_25\bin\java.exe
0x00007ff9d56d0000 - 0x00007ff9d5891000 	C:\WINDOWS\SYSTEM32\ntdll.dll
0x00007ff9d5470000 - 0x00007ff9d551d000 	C:\WINDOWS\system32\KERNEL32.DLL
0x00007ff9d2210000 - 0x00007ff9d23f8000 	C:\WINDOWS\system32\KERNELBASE.dll
0x00007ff9d00d0000 - 0x00007ff9d0149000 	C:\WINDOWS\system32\apphelp.dll
0x00007ff9d5590000 - 0x00007ff9d5637000 	C:\WINDOWS\system32\ADVAPI32.dll
0x00007ff9d50a0000 - 0x00007ff9d513d000 	C:\WINDOWS\system32\msvcrt.dll
0x00007ff9d5660000 - 0x00007ff9d56bb000 	C:\WINDOWS\system32\sechost.dll
0x00007ff9d4cc0000 - 0x00007ff9d4ddc000 	C:\WINDOWS\system32\RPCRT4.dll
0x00007ff9d4de0000 - 0x00007ff9d4f36000 	C:\WINDOWS\system32\USER32.dll
0x00007ff9d41a0000 - 0x00007ff9d4326000 	C:\WINDOWS\system32\GDI32.dll
0x00007ff9c8ec0000 - 0x00007ff9c9134000 	C:\WINDOWS\WinSxS\amd64_microsoft.windows.common-controls_6595b64144ccf1df_6.0.10586.0_none_8c15ae12515e1c22\COMCTL32.dll
0x00007ff9d4610000 - 0x00007ff9d488d000 	C:\WINDOWS\system32\combase.dll
0x00007ff9d20e0000 - 0x00007ff9d214a000 	C:\WINDOWS\system32\bcryptPrimitives.dll
0x00007ff9d2b40000 - 0x00007ff9d2b7b000 	C:\WINDOWS\system32\IMM32.DLL
0x000000006f2d0000 - 0x000000006f3a2000 	C:\Program Files\Java\jdk1.8.0_25\jre\bin\msvcr100.dll
0x000000006e1c0000 - 0x000000006ea1a000 	C:\Program Files\Java\jdk1.8.0_25\jre\bin\server\jvm.dll
0x00007ff9d4390000 - 0x00007ff9d4398000 	C:\WINDOWS\system32\PSAPI.DLL
0x00007ff9c8e00000 - 0x00007ff9c8e09000 	C:\WINDOWS\SYSTEM32\WSOCK32.dll
0x00007ff9d5520000 - 0x00007ff9d558b000 	C:\WINDOWS\system32\WS2_32.dll
0x00007ff9d0410000 - 0x00007ff9d0433000 	C:\WINDOWS\SYSTEM32\WINMM.dll
0x00007ff9d03b0000 - 0x00007ff9d03dc000 	C:\WINDOWS\SYSTEM32\WINMMBASE.dll
0x00007ff9d2090000 - 0x00007ff9d20d3000 	C:\WINDOWS\system32\cfgmgr32.dll
0x000000006f2c0000 - 0x000000006f2cf000 	C:\Program Files\Java\jdk1.8.0_25\jre\bin\verify.dll
0x000000006f290000 - 0x000000006f2b8000 	C:\Program Files\Java\jdk1.8.0_25\jre\bin\java.dll
0x000000006f270000 - 0x000000006f286000 	C:\Program Files\Java\jdk1.8.0_25\jre\bin\zip.dll
0x00007ff9d2b80000 - 0x00007ff9d40dc000 	C:\WINDOWS\system32\SHELL32.dll
0x00007ff9d2460000 - 0x00007ff9d2aa5000 	C:\WINDOWS\system32\windows.storage.dll
0x00007ff9d40e0000 - 0x00007ff9d4132000 	C:\WINDOWS\system32\shlwapi.dll
0x00007ff9d1d70000 - 0x00007ff9d1d7f000 	C:\WINDOWS\system32\kernel.appcore.dll
0x00007ff9d2150000 - 0x00007ff9d2205000 	C:\WINDOWS\system32\shcore.dll
0x00007ff9d1d20000 - 0x00007ff9d1d6b000 	C:\WINDOWS\system32\powrprof.dll
0x00007ff9d1d00000 - 0x00007ff9d1d14000 	C:\WINDOWS\system32\profapi.dll
0x00007ff9ccf50000 - 0x00007ff9cd0dc000 	C:\WINDOWS\SYSTEM32\dbghelp.dll

VM Arguments:
jvm_args: -Djava.awt.headless=true -Xmx1024M -Dfile.encoding=windows-1252 -Duser.country=FR -Duser.language=fr -Duser.variant 
java_command: com.android.dx.command.Main --dex --num-threads=4 --output C:\Users\benoit_r\AndroidStudioProjects\TechNotes\app\build\intermediates\pre-dexed\debug\ksoap2-j2me-core-2.1.2_7712d9ce9d7b658798fd7061b97a1e7c3f8eca27.jar C:\Users\benoit_r\AndroidStudioProjects\TechNotes\ksoap2\ksoap2-j2me-core-2.1.2.jar
java_class_path (initial): C:\Users\benoit_r\AppData\Local\Android\sdk\build-tools\23.0.3\lib\dx.jar
Launcher Type: SUN_STANDARD

Environment Variables:
PATH=C:\ProgramData\Oracle\Java\javapath;"C:\Program Files (x86)\Java\jre1.8.0_71\bin";C:\Program Files (x86)\Windows Resource Kits\Tools\;C:\WINDOWS\system32;C:\WINDOWS;C:\WINDOWS\System32\Wbem;C:\WINDOWS\System32\WindowsPowerShell\v1.0\;C:\Users\kevin_d\Documents\Cours Licence\JAVA EE\play1-1.3.0;C:\Program Files (x86)\Universal Extractor;C:\Program Files (x86)\Universal Extractor\bin;C:\Users\kevin_d\Downloads\Fusion;C:\Users\benoit_r\.dnx\bin;C:\Program Files\Microsoft DNX\Dnvm\;C:\Program Files (x86)\Microsoft ASP.NET\ASP.NET Web Pages\v1.0\;C:\Program Files\Microsoft SQL Server\110\Tools\Binn\;C:\Program Files\Microsoft\Web Platform Installer\
USERNAME=benoit_r
OS=Windows_NT
PROCESSOR_IDENTIFIER=Intel64 Family 6 Model 58 Stepping 9, GenuineIntel



---------------  S Y S T E M  ---------------

OS: Windows 8.1 , 64 bit Build 9600 

CPU:total 4 (2 cores per cpu, 2 threads per core) family 6 model 58 stepping 9, cmov, cx8, fxsr, mmx, sse, sse2, sse3, ssse3, sse4.1, sse4.2, popcnt, avx, aes, clmul, erms, ht, tsc, tscinvbit, tscinv

Memory: 4k page, physical 4075224k(461624k free), swap 5593348k(2576k free)

vm_info: Java HotSpot(TM) 64-Bit Server VM (25.25-b02) for windows-amd64 JRE (1.8.0_25-b18), built on Oct  7 2014 14:25:37 by "java_re" with MS VC++ 10.0 (VS2010)

time: Wed Apr 27 11:13:17 2016
elapsed time: 8 seconds (0d 0h 0m 8s)

