#
# There is insufficient memory for the Java Runtime Environment to continue.
# Native memory allocation (malloc) failed to allocate 1776016 bytes for Chunk::new
# Possible reasons:
#   The system is out of physical RAM or swap space
#   In 32 bit mode, the process size limit was hit
# Possible solutions:
#   Reduce memory load on the system
#   Increase physical memory or swap space
#   Check if swap backing store is full
#   Use 64 bit Java on a 64 bit OS
#   Decrease Java heap size (-Xmx/-Xms)
#   Decrease number of Java threads
#   Decrease Java thread stack sizes (-Xss)
#   Set larger code cache with -XX:ReservedCodeCacheSize=
# This output file may be truncated or incomplete.
#
#  Out of Memory Error (allocation.cpp:390), pid=804, tid=5560
#
# JRE version: Java(TM) SE Runtime Environment (8.0_25-b18) (build 1.8.0_25-b18)
# Java VM: Java HotSpot(TM) 64-Bit Server VM (25.25-b02 mixed mode windows-amd64 compressed oops)
# Failed to write core dump. Minidumps are not enabled by default on client versions of Windows
#

---------------  T H R E A D  ---------------

Current thread (0x0000000014991000):  JavaThread "C2 CompilerThread1" daemon [_thread_in_native, id=5560, stack(0x0000000016000000,0x0000000016100000)]

Stack: [0x0000000016000000,0x0000000016100000]
Native frames: (J=compiled Java code, j=interpreted, Vv=VM code, C=native code)
V  [jvm.dll+0x31667a]
V  [jvm.dll+0x267073]
V  [jvm.dll+0x267cb3]
V  [jvm.dll+0x25f5b5]
V  [jvm.dll+0xbf165]
V  [jvm.dll+0xbf60c]
V  [jvm.dll+0x45d672]
V  [jvm.dll+0x49e8ef]
V  [jvm.dll+0x4527d4]
V  [jvm.dll+0x453864]
V  [jvm.dll+0x437372]
V  [jvm.dll+0x98a02]
V  [jvm.dll+0x991f3]
V  [jvm.dll+0x22bde4]
V  [jvm.dll+0x2852fa]
C  [msvcr100.dll+0x21d9f]


Current CompileTask:
C2:   5852 1710   !   4       com.android.dx.cf.code.RopperMachine::run (1550 bytes)


---------------  P R O C E S S  ---------------

Java Threads: ( => current thread )
  0x0000000016665000 JavaThread "pool-1-thread-4" [_thread_in_Java, id=10080, stack(0x0000000017000000,0x0000000017100000)]
  0x0000000016664000 JavaThread "pool-1-thread-3" [_thread_blocked, id=3688, stack(0x0000000016f00000,0x0000000017000000)]
  0x000000001667d000 JavaThread "pool-1-thread-2" [_thread_blocked, id=2540, stack(0x0000000016e00000,0x0000000016f00000)]
  0x0000000016677000 JavaThread "pool-2-thread-1" [_thread_blocked, id=9780, stack(0x0000000016d00000,0x0000000016e00000)]
  0x0000000016674800 JavaThread "pool-1-thread-1" [_thread_blocked, id=1868, stack(0x0000000016c00000,0x0000000016d00000)]
  0x00000000149ea000 JavaThread "Service Thread" daemon [_thread_blocked, id=8472, stack(0x0000000016200000,0x0000000016300000)]
  0x00000000149e3000 JavaThread "C1 CompilerThread2" daemon [_thread_blocked, id=1876, stack(0x0000000016100000,0x0000000016200000)]
=>0x0000000014991000 JavaThread "C2 CompilerThread1" daemon [_thread_in_native, id=5560, stack(0x0000000016000000,0x0000000016100000)]
  0x000000001498c800 JavaThread "C2 CompilerThread0" daemon [_thread_in_native, id=3280, stack(0x0000000015f00000,0x0000000016000000)]
  0x000000001498a800 JavaThread "Attach Listener" daemon [_thread_blocked, id=1156, stack(0x0000000015e00000,0x0000000015f00000)]
  0x0000000014988800 JavaThread "Signal Dispatcher" daemon [_thread_blocked, id=3648, stack(0x0000000015d00000,0x0000000015e00000)]
  0x00000000022af800 JavaThread "Finalizer" daemon [_thread_blocked, id=9788, stack(0x0000000015c00000,0x0000000015d00000)]
  0x0000000014957800 JavaThread "Reference Handler" daemon [_thread_blocked, id=5552, stack(0x0000000015b00000,0x0000000015c00000)]
  0x00000000021c0800 JavaThread "main" [_thread_in_Java, id=7552, stack(0x00000000020c0000,0x00000000021c0000)]

Other Threads:
  0x0000000014957000 VMThread [stack: 0x0000000015a00000,0x0000000015b00000] [id=10096]
  0x00000000149ed000 WatcherThread [stack: 0x0000000016300000,0x0000000016400000] [id=7792]

VM state:not at safepoint (normal execution)

VM Mutex/Monitor currently owned by a thread: None

Heap:
 PSYoungGen      total 71680K, used 36888K [0x00000000eab00000, 0x00000000efd00000, 0x0000000100000000)
  eden space 64000K, 45% used [0x00000000eab00000,0x00000000ec78b948,0x00000000ee980000)
  from space 7680K, 99% used [0x00000000ef280000,0x00000000ef9fa900,0x00000000efa00000)
  to   space 9216K, 0% used [0x00000000ee980000,0x00000000ee980000,0x00000000ef280000)
 ParOldGen       total 44032K, used 15060K [0x00000000c0000000, 0x00000000c2b00000, 0x00000000eab00000)
  object space 44032K, 34% used [0x00000000c0000000,0x00000000c0eb50d8,0x00000000c2b00000)
 Metaspace       used 6300K, capacity 7192K, committed 7424K, reserved 1062912K
  class space    used 612K, capacity 656K, committed 768K, reserved 1048576K

Card table byte_map: [0x0000000011680000,0x0000000011890000] byte_map_base: 0x0000000011080000

Marking Bits: (ParMarkBitMap*) 0x000000006e99d490
 Begin Bits: [0x0000000011df0000, 0x0000000012df0000)
 End Bits:   [0x0000000012df0000, 0x0000000013df0000)

Polling page: 0x0000000000510000

CodeCache: size=245760Kb used=7324Kb max_used=7324Kb free=238435Kb
 bounds [0x00000000022c0000, 0x00000000029f0000, 0x00000000112c0000]
 total_blobs=1991 nmethods=1726 adapters=178
 compilation: enabled

Compilation events (10 events):
Event: 5.700 Thread 0x00000000149e3000 1756       2       java.lang.ref.Finalizer::hasBeenFinalized (14 bytes)
Event: 5.701 Thread 0x00000000149e3000 nmethod 1756 0x00000000029c4510 code [0x00000000029c4660, 0x00000000029c47d0]
Event: 5.701 Thread 0x00000000149e3000 1757   !   2       java.lang.ref.Finalizer::remove (94 bytes)
Event: 5.701 Thread 0x00000000149e3000 nmethod 1757 0x00000000029d8bd0 code [0x00000000029d8d40, 0x00000000029d9130]
Event: 5.701 Thread 0x00000000149e3000 1758       2       java.lang.System$2::invokeFinalize (5 bytes)
Event: 5.701 Thread 0x00000000149e3000 nmethod 1758 0x00000000029d8850 code [0x00000000029d89c0, 0x00000000029d8b48]
Event: 5.701 Thread 0x00000000149e3000 1759       2       java.lang.ref.Reference::clear (6 bytes)
Event: 5.701 Thread 0x00000000149e3000 nmethod 1759 0x00000000029d8510 code [0x00000000029d8660, 0x00000000029d87d0]
Event: 5.709 Thread 0x00000000149e3000 1761       2       com.android.dx.ssa.DomFront::calcDomFronts (154 bytes)
Event: 5.710 Thread 0x00000000149e3000 nmethod 1761 0x00000000029d7490 code [0x00000000029d7680, 0x00000000029d7ca8]

GC Heap History (10 events):
Event: 2.818 GC heap before
{Heap before GC invocations=2 (full 0):
 PSYoungGen      total 18944K, used 18935K [0x00000000eab00000, 0x00000000ec000000, 0x0000000100000000)
  eden space 16384K, 100% used [0x00000000eab00000,0x00000000ebb00000,0x00000000ebb00000)
  from space 2560K, 99% used [0x00000000ebb00000,0x00000000ebd7dc78,0x00000000ebd80000)
  to   space 2560K, 0% used [0x00000000ebd80000,0x00000000ebd80000,0x00000000ec000000)
 ParOldGen       total 44032K, used 1501K [0x00000000c0000000, 0x00000000c2b00000, 0x00000000eab00000)
  object space 44032K, 3% used [0x00000000c0000000,0x00000000c0177748,0x00000000c2b00000)
 Metaspace       used 6008K, capacity 6960K, committed 7040K, reserved 1062912K
  class space    used 589K, capacity 616K, committed 640K, reserved 1048576K
Event: 2.898 GC heap after
Heap after GC invocations=2 (full 0):
 PSYoungGen      total 18944K, used 2528K [0x00000000eab00000, 0x00000000ed000000, 0x0000000100000000)
  eden space 16384K, 0% used [0x00000000eab00000,0x00000000eab00000,0x00000000ebb00000)
  from space 2560K, 98% used [0x00000000ebd80000,0x00000000ebff8018,0x00000000ec000000)
  to   space 2560K, 0% used [0x00000000ebb00000,0x00000000ebb00000,0x00000000ebd80000)
 ParOldGen       total 44032K, used 3794K [0x00000000c0000000, 0x00000000c2b00000, 0x00000000eab00000)
  object space 44032K, 8% used [0x00000000c0000000,0x00000000c03b4a48,0x00000000c2b00000)
 Metaspace       used 6008K, capacity 6960K, committed 7040K, reserved 1062912K
  class space    used 589K, capacity 616K, committed 640K, reserved 1048576K
}
Event: 3.696 GC heap before
{Heap before GC invocations=3 (full 0):
 PSYoungGen      total 18944K, used 18912K [0x00000000eab00000, 0x00000000ed000000, 0x0000000100000000)
  eden space 16384K, 100% used [0x00000000eab00000,0x00000000ebb00000,0x00000000ebb00000)
  from space 2560K, 98% used [0x00000000ebd80000,0x00000000ebff8018,0x00000000ec000000)
  to   space 2560K, 0% used [0x00000000ebb00000,0x00000000ebb00000,0x00000000ebd80000)
 ParOldGen       total 44032K, used 3794K [0x00000000c0000000, 0x00000000c2b00000, 0x00000000eab00000)
  object space 44032K, 8% used [0x00000000c0000000,0x00000000c03b4a48,0x00000000c2b00000)
 Metaspace       used 6131K, capacity 7088K, committed 7296K, reserved 1062912K
  class space    used 591K, capacity 616K, committed 640K, reserved 1048576K
Event: 3.735 GC heap after
Heap after GC invocations=3 (full 0):
 PSYoungGen      total 18944K, used 2551K [0x00000000eab00000, 0x00000000ed000000, 0x0000000100000000)
  eden space 16384K, 0% used [0x00000000eab00000,0x00000000eab00000,0x00000000ebb00000)
  from space 2560K, 99% used [0x00000000ebb00000,0x00000000ebd7dee8,0x00000000ebd80000)
  to   space 2560K, 0% used [0x00000000ecd80000,0x00000000ecd80000,0x00000000ed000000)
 ParOldGen       total 44032K, used 6564K [0x00000000c0000000, 0x00000000c2b00000, 0x00000000eab00000)
  object space 44032K, 14% used [0x00000000c0000000,0x00000000c0669318,0x00000000c2b00000)
 Metaspace       used 6131K, capacity 7088K, committed 7296K, reserved 1062912K
  class space    used 591K, capacity 616K, committed 640K, reserved 1048576K
}
Event: 4.136 GC heap before
{Heap before GC invocations=4 (full 0):
 PSYoungGen      total 18944K, used 18935K [0x00000000eab00000, 0x00000000ed000000, 0x0000000100000000)
  eden space 16384K, 100% used [0x00000000eab00000,0x00000000ebb00000,0x00000000ebb00000)
  from space 2560K, 99% used [0x00000000ebb00000,0x00000000ebd7dee8,0x00000000ebd80000)
  to   space 2560K, 0% used [0x00000000ecd80000,0x00000000ecd80000,0x00000000ed000000)
 ParOldGen       total 44032K, used 6564K [0x00000000c0000000, 0x00000000c2b00000, 0x00000000eab00000)
  object space 44032K, 14% used [0x00000000c0000000,0x00000000c0669318,0x00000000c2b00000)
 Metaspace       used 6155K, capacity 7088K, committed 7296K, reserved 1062912K
  class space    used 591K, capacity 616K, committed 640K, reserved 1048576K
Event: 4.152 GC heap after
Heap after GC invocations=4 (full 0):
 PSYoungGen      total 35328K, used 2551K [0x00000000eab00000, 0x00000000ed000000, 0x0000000100000000)
  eden space 32768K, 0% used [0x00000000eab00000,0x00000000eab00000,0x00000000ecb00000)
  from space 2560K, 99% used [0x00000000ecd80000,0x00000000ecffdee8,0x00000000ed000000)
  to   space 2560K, 0% used [0x00000000ecb00000,0x00000000ecb00000,0x00000000ecd80000)
 ParOldGen       total 44032K, used 9652K [0x00000000c0000000, 0x00000000c2b00000, 0x00000000eab00000)
  object space 44032K, 21% used [0x00000000c0000000,0x00000000c096d390,0x00000000c2b00000)
 Metaspace       used 6155K, capacity 7088K, committed 7296K, reserved 1062912K
  class space    used 591K, capacity 616K, committed 640K, reserved 1048576K
}
Event: 4.794 GC heap before
{Heap before GC invocations=5 (full 0):
 PSYoungGen      total 35328K, used 35319K [0x00000000eab00000, 0x00000000ed000000, 0x0000000100000000)
  eden space 32768K, 100% used [0x00000000eab00000,0x00000000ecb00000,0x00000000ecb00000)
  from space 2560K, 99% used [0x00000000ecd80000,0x00000000ecffdee8,0x00000000ed000000)
  to   space 2560K, 0% used [0x00000000ecb00000,0x00000000ecb00000,0x00000000ecd80000)
 ParOldGen       total 44032K, used 9652K [0x00000000c0000000, 0x00000000c2b00000, 0x00000000eab00000)
  object space 44032K, 21% used [0x00000000c0000000,0x00000000c096d390,0x00000000c2b00000)
 Metaspace       used 6269K, capacity 7128K, committed 7424K, reserved 1062912K
  class space    used 612K, capacity 656K, committed 768K, reserved 1048576K
Event: 4.855 GC heap after
Heap after GC invocations=5 (full 0):
 PSYoungGen      total 35328K, used 2556K [0x00000000eab00000, 0x00000000efa00000, 0x0000000100000000)
  eden space 32768K, 0% used [0x00000000eab00000,0x00000000eab00000,0x00000000ecb00000)
  from space 2560K, 99% used [0x00000000ecb00000,0x00000000ecd7f230,0x00000000ecd80000)
  to   space 7680K, 0% used [0x00000000ef280000,0x00000000ef280000,0x00000000efa00000)
 ParOldGen       total 44032K, used 14423K [0x00000000c0000000, 0x00000000c2b00000, 0x00000000eab00000)
  object space 44032K, 32% used [0x00000000c0000000,0x00000000c0e15ce8,0x00000000c2b00000)
 Metaspace       used 6269K, capacity 7128K, committed 7424K, reserved 1062912K
  class space    used 612K, capacity 656K, committed 768K, reserved 1048576K
}
Event: 5.647 GC heap before
{Heap before GC invocations=6 (full 0):
 PSYoungGen      total 35328K, used 35324K [0x00000000eab00000, 0x00000000efa00000, 0x0000000100000000)
  eden space 32768K, 100% used [0x00000000eab00000,0x00000000ecb00000,0x00000000ecb00000)
  from space 2560K, 99% used [0x00000000ecb00000,0x00000000ecd7f230,0x00000000ecd80000)
  to   space 7680K, 0% used [0x00000000ef280000,0x00000000ef280000,0x00000000efa00000)
 ParOldGen       total 44032K, used 14423K [0x00000000c0000000, 0x00000000c2b00000, 0x00000000eab00000)
  object space 44032K, 32% used [0x00000000c0000000,0x00000000c0e15ce8,0x00000000c2b00000)
 Metaspace       used 6286K, capacity 7128K, committed 7424K, reserved 1062912K
  class space    used 612K, capacity 656K, committed 768K, reserved 1048576K
Event: 5.695 GC heap after
Heap after GC invocations=6 (full 0):
 PSYoungGen      total 71680K, used 7658K [0x00000000eab00000, 0x00000000efd00000, 0x0000000100000000)
  eden space 64000K, 0% used [0x00000000eab00000,0x00000000eab00000,0x00000000ee980000)
  from space 7680K, 99% used [0x00000000ef280000,0x00000000ef9fa900,0x00000000efa00000)
  to   space 9216K, 0% used [0x00000000ee980000,0x00000000ee980000,0x00000000ef280000)
 ParOldGen       total 44032K, used 15060K [0x00000000c0000000, 0x00000000c2b00000, 0x00000000eab00000)
  object space 44032K, 34% used [0x00000000c0000000,0x00000000c0eb50d8,0x00000000c2b00000)
 Metaspace       used 6286K, capacity 7128K, committed 7424K, reserved 1062912K
  class space    used 612K, capacity 656K, committed 768K, reserved 1048576K
}

Deoptimization events (10 events):
Event: 3.919 Thread 0x0000000016664000 Uncommon trap: reason=class_check action=maybe_recompile pc=0x00000000028871d0 method=com.android.dx.rop.code.RegisterSpec.withSimpleType()Lcom/android/dx/rop/code/RegisterSpec; @ 21
Event: 4.279 Thread 0x0000000016664000 Uncommon trap: reason=class_check action=maybe_recompile pc=0x00000000028871d0 method=com.android.dx.rop.code.RegisterSpec.withSimpleType()Lcom/android/dx/rop/code/RegisterSpec; @ 21
Event: 4.280 Thread 0x0000000016664000 Uncommon trap: reason=class_check action=maybe_recompile pc=0x00000000028871d0 method=com.android.dx.rop.code.RegisterSpec.withSimpleType()Lcom/android/dx/rop/code/RegisterSpec; @ 21
Event: 4.296 Thread 0x0000000016665000 Uncommon trap: reason=bimorphic action=maybe_recompile pc=0x000000000287b448 method=com.android.dx.ssa.LiteralOpUpgrader.tryReplacingWithConstant(Lcom/android/dx/ssa/NormalSsaInsn;)Z @ 52
Event: 4.309 Thread 0x0000000016664000 Uncommon trap: reason=unreached action=reinterpret pc=0x0000000002615658 method=java.util.HashMap.getNode(ILjava/lang/Object;)Ljava/util/HashMap$Node; @ 84
Event: 4.310 Thread 0x0000000016664000 Uncommon trap: reason=unreached action=reinterpret pc=0x000000000283e918 method=java.util.HashMap.getNode(ILjava/lang/Object;)Ljava/util/HashMap$Node; @ 84
Event: 4.310 Thread 0x0000000016664000 Uncommon trap: reason=unreached action=reinterpret pc=0x000000000283eeb0 method=java.util.HashMap.getNode(ILjava/lang/Object;)Ljava/util/HashMap$Node; @ 84
Event: 4.389 Thread 0x00000000021c0800 Uncommon trap: reason=unreached action=reinterpret pc=0x000000000282980c method=java.util.HashMap.putVal(ILjava/lang/Object;Ljava/lang/Object;ZZ)Ljava/lang/Object; @ 109
Event: 4.470 Thread 0x0000000016665000 Uncommon trap: reason=bimorphic action=maybe_recompile pc=0x000000000287b448 method=com.android.dx.ssa.LiteralOpUpgrader.tryReplacingWithConstant(Lcom/android/dx/ssa/NormalSsaInsn;)Z @ 52
Event: 5.438 Thread 0x0000000016664000 Uncommon trap: reason=bimorphic action=maybe_recompile pc=0x000000000287b448 method=com.android.dx.ssa.LiteralOpUpgrader.tryReplacingWithConstant(Lcom/android/dx/ssa/NormalSsaInsn;)Z @ 52

Internal exceptions (10 events):
Event: 2.731 Thread 0x00000000021c0800 Exception <a 'java/security/PrivilegedActionException'> (0x00000000eb855cb0) thrown at [D:\re\workspace\8-2-build-windows-amd64-cygwin\jdk8u25\1677\hotspot\src\share\vm\prims\jvm.cpp, line 1312]
Event: 3.420 Thread 0x0000000016665000 Exception <a 'java/security/PrivilegedActionException'> (0x00000000eb614380) thrown at [D:\re\workspace\8-2-build-windows-amd64-cygwin\jdk8u25\1677\hotspot\src\share\vm\prims\jvm.cpp, line 1312]
Event: 3.421 Thread 0x0000000016665000 Exception <a 'java/security/PrivilegedActionException'> (0x00000000eb619de0) thrown at [D:\re\workspace\8-2-build-windows-amd64-cygwin\jdk8u25\1677\hotspot\src\share\vm\prims\jvm.cpp, line 1312]
Event: 3.422 Thread 0x0000000016665000 Exception <a 'java/security/PrivilegedActionException'> (0x00000000eb61f618) thrown at [D:\re\workspace\8-2-build-windows-amd64-cygwin\jdk8u25\1677\hotspot\src\share\vm\prims\jvm.cpp, line 1312]
Event: 3.750 Thread 0x0000000016665000 Implicit null exception at 0x0000000002618f1d to 0x000000000261b245
Event: 4.161 Thread 0x00000000021c0800 Exception <a 'java/security/PrivilegedActionException'> (0x00000000eab62af8) thrown at [D:\re\workspace\8-2-build-windows-amd64-cygwin\jdk8u25\1677\hotspot\src\share\vm\prims\jvm.cpp, line 1312]
Event: 4.161 Thread 0x00000000021c0800 Exception <a 'java/security/PrivilegedActionException'> (0x00000000eabd1f98) thrown at [D:\re\workspace\8-2-build-windows-amd64-cygwin\jdk8u25\1677\hotspot\src\share\vm\prims\jvm.cpp, line 1312]
Event: 4.305 Thread 0x0000000016664000 Exception <a 'java/lang/ArrayIndexOutOfBoundsException': 18> (0x00000000eb7631e0) thrown at [D:\re\workspace\8-2-build-windows-amd64-cygwin\jdk8u25\1677\hotspot\src\share\vm\interpreter\interpreterRuntime.cpp, line 366]
Event: 4.307 Thread 0x0000000016664000 Exception <a 'java/lang/ArrayIndexOutOfBoundsException'> (0x00000000eb764c78) thrown at [D:\re\workspace\8-2-build-windows-amd64-cygwin\jdk8u25\1677\hotspot\src\share\vm\runtime\sharedRuntime.cpp, line 604]
Event: 4.308 Thread 0x0000000016664000 Exception <a 'java/lang/ArrayIndexOutOfBoundsException'> (0x00000000eb765e90) thrown at [D:\re\workspace\8-2-build-windows-amd64-cygwin\jdk8u25\1677\hotspot\src\share\vm\runtime\sharedRuntime.cpp, line 604]

Events (10 events):
Event: 5.376 Thread 0x00000000021c0800 DEOPT UNPACKING pc=0x00000000023075bf sp=0x00000000021be3f0 mode 0
Event: 5.438 Thread 0x0000000016664000 Uncommon trap: trap_request=0xffffffc6 fr.pc=0x000000000287b448
Event: 5.438 Thread 0x0000000016664000 DEOPT PACKING pc=0x000000000287b448 sp=0x0000000016ffe7e0
Event: 5.438 Thread 0x0000000016664000 DEOPT UNPACKING pc=0x000000000230556a sp=0x0000000016ffe7a0 mode 2
Event: 5.570 Thread 0x00000000021c0800 DEOPT PACKING pc=0x0000000002858573 sp=0x00000000021be500
Event: 5.570 Thread 0x00000000021c0800 DEOPT UNPACKING pc=0x00000000023075bf sp=0x00000000021be250 mode 0
Event: 5.643 Executing VM operation: ParallelGCFailedAllocation
Event: 5.695 Executing VM operation: ParallelGCFailedAllocation done
Event: 5.710 Thread 0x000000001667d000 DEOPT PACKING pc=0x0000000002735324 sp=0x0000000016efe9e0
Event: 5.710 Thread 0x000000001667d000 DEOPT UNPACKING pc=0x00000000023075bf sp=0x0000000016efe6f0 mode 0


Dynamic libraries:
0x00007ff6ef650000 - 0x00007ff6ef684000 	C:\Program Files\Java\jdk1.8.0_25\bin\java.exe
0x00007ff9d56d0000 - 0x00007ff9d5891000 	C:\WINDOWS\SYSTEM32\ntdll.dll
0x00007ff9d5470000 - 0x00007ff9d551d000 	C:\WINDOWS\system32\KERNEL32.DLL
0x00007ff9d2210000 - 0x00007ff9d23f8000 	C:\WINDOWS\system32\KERNELBASE.dll
0x00007ff9d00d0000 - 0x00007ff9d0149000 	C:\WINDOWS\system32\apphelp.dll
0x00007ff9d5590000 - 0x00007ff9d5637000 	C:\WINDOWS\system32\ADVAPI32.dll
0x00007ff9d50a0000 - 0x00007ff9d513d000 	C:\WINDOWS\system32\msvcrt.dll
0x00007ff9d5660000 - 0x00007ff9d56bb000 	C:\WINDOWS\system32\sechost.dll
0x00007ff9d4cc0000 - 0x00007ff9d4ddc000 	C:\WINDOWS\system32\RPCRT4.dll
0x00007ff9d4de0000 - 0x00007ff9d4f36000 	C:\WINDOWS\system32\USER32.dll
0x00007ff9d41a0000 - 0x00007ff9d4326000 	C:\WINDOWS\system32\GDI32.dll
0x00007ff9c8ec0000 - 0x00007ff9c9134000 	C:\WINDOWS\WinSxS\amd64_microsoft.windows.common-controls_6595b64144ccf1df_6.0.10586.0_none_8c15ae12515e1c22\COMCTL32.dll
0x00007ff9d4610000 - 0x00007ff9d488d000 	C:\WINDOWS\system32\combase.dll
0x00007ff9d20e0000 - 0x00007ff9d214a000 	C:\WINDOWS\system32\bcryptPrimitives.dll
0x00007ff9d2b40000 - 0x00007ff9d2b7b000 	C:\WINDOWS\system32\IMM32.DLL
0x000000006f2d0000 - 0x000000006f3a2000 	C:\Program Files\Java\jdk1.8.0_25\jre\bin\msvcr100.dll
0x000000006e1c0000 - 0x000000006ea1a000 	C:\Program Files\Java\jdk1.8.0_25\jre\bin\server\jvm.dll
0x00007ff9d4390000 - 0x00007ff9d4398000 	C:\WINDOWS\system32\PSAPI.DLL
0x00007ff9d0410000 - 0x00007ff9d0433000 	C:\WINDOWS\SYSTEM32\WINMM.dll
0x00007ff9c8e00000 - 0x00007ff9c8e09000 	C:\WINDOWS\SYSTEM32\WSOCK32.dll
0x00007ff9d03b0000 - 0x00007ff9d03dc000 	C:\WINDOWS\SYSTEM32\WINMMBASE.dll
0x00007ff9d5520000 - 0x00007ff9d558b000 	C:\WINDOWS\system32\WS2_32.dll
0x00007ff9d2090000 - 0x00007ff9d20d3000 	C:\WINDOWS\system32\cfgmgr32.dll
0x000000006f2c0000 - 0x000000006f2cf000 	C:\Program Files\Java\jdk1.8.0_25\jre\bin\verify.dll
0x000000006f290000 - 0x000000006f2b8000 	C:\Program Files\Java\jdk1.8.0_25\jre\bin\java.dll
0x000000006f270000 - 0x000000006f286000 	C:\Program Files\Java\jdk1.8.0_25\jre\bin\zip.dll
0x00007ff9d2b80000 - 0x00007ff9d40dc000 	C:\WINDOWS\system32\SHELL32.dll
0x00007ff9d2460000 - 0x00007ff9d2aa5000 	C:\WINDOWS\system32\windows.storage.dll
0x00007ff9d40e0000 - 0x00007ff9d4132000 	C:\WINDOWS\system32\shlwapi.dll
0x00007ff9d1d70000 - 0x00007ff9d1d7f000 	C:\WINDOWS\system32\kernel.appcore.dll
0x00007ff9d2150000 - 0x00007ff9d2205000 	C:\WINDOWS\system32\shcore.dll
0x00007ff9d1d20000 - 0x00007ff9d1d6b000 	C:\WINDOWS\system32\powrprof.dll
0x00007ff9d1d00000 - 0x00007ff9d1d14000 	C:\WINDOWS\system32\profapi.dll
0x00007ff9ccf50000 - 0x00007ff9cd0dc000 	C:\WINDOWS\SYSTEM32\dbghelp.dll

VM Arguments:
jvm_args: -Djava.awt.headless=true -Xmx1024M -Dfile.encoding=windows-1252 -Duser.country=FR -Duser.language=fr -Duser.variant 
java_command: com.android.dx.command.Main --dex --num-threads=4 --output C:\Users\benoit_r\AndroidStudioProjects\TechNotes\app\build\intermediates\pre-dexed\debug\com.android.support-recyclerview-v7-23.2.1_74f9b81ab321d5493daa62f2c28fde54b1c31b9c.jar C:\Users\benoit_r\AndroidStudioProjects\TechNotes\app\build\intermediates\exploded-aar\com.android.support\recyclerview-v7\23.2.1\jars\classes.jar
java_class_path (initial): C:\Users\benoit_r\AppData\Local\Android\sdk\build-tools\23.0.3\lib\dx.jar
Launcher Type: SUN_STANDARD

Environment Variables:
PATH=C:\ProgramData\Oracle\Java\javapath;"C:\Program Files (x86)\Java\jre1.8.0_71\bin";C:\Program Files (x86)\Windows Resource Kits\Tools\;C:\WINDOWS\system32;C:\WINDOWS;C:\WINDOWS\System32\Wbem;C:\WINDOWS\System32\WindowsPowerShell\v1.0\;C:\Users\kevin_d\Documents\Cours Licence\JAVA EE\play1-1.3.0;C:\Program Files (x86)\Universal Extractor;C:\Program Files (x86)\Universal Extractor\bin;C:\Users\kevin_d\Downloads\Fusion;C:\Users\benoit_r\.dnx\bin;C:\Program Files\Microsoft DNX\Dnvm\;C:\Program Files (x86)\Microsoft ASP.NET\ASP.NET Web Pages\v1.0\;C:\Program Files\Microsoft SQL Server\110\Tools\Binn\;C:\Program Files\Microsoft\Web Platform Installer\
USERNAME=benoit_r
OS=Windows_NT
PROCESSOR_IDENTIFIER=Intel64 Family 6 Model 58 Stepping 9, GenuineIntel



---------------  S Y S T E M  ---------------

OS: Windows 8.1 , 64 bit Build 9600 

CPU:total 4 (2 cores per cpu, 2 threads per core) family 6 model 58 stepping 9, cmov, cx8, fxsr, mmx, sse, sse2, sse3, ssse3, sse4.1, sse4.2, popcnt, avx, aes, clmul, erms, ht, tsc, tscinvbit, tscinv

Memory: 4k page, physical 4075224k(611936k free), swap 5643076k(21016k free)

vm_info: Java HotSpot(TM) 64-Bit Server VM (25.25-b02) for windows-amd64 JRE (1.8.0_25-b18), built on Oct  7 2014 14:25:37 by "java_re" with MS VC++ 10.0 (VS2010)

time: Wed Apr 27 11:30:32 2016
elapsed time: 5 seconds (0d 0h 0m 5s)

