#
# There is insufficient memory for the Java Runtime Environment to continue.
# Native memory allocation (malloc) failed to allocate 32744 bytes for ChunkPool::allocate
# Possible reasons:
#   The system is out of physical RAM or swap space
#   In 32 bit mode, the process size limit was hit
# Possible solutions:
#   Reduce memory load on the system
#   Increase physical memory or swap space
#   Check if swap backing store is full
#   Use 64 bit Java on a 64 bit OS
#   Decrease Java heap size (-Xmx/-Xms)
#   Decrease number of Java threads
#   Decrease Java thread stack sizes (-Xss)
#   Set larger code cache with -XX:ReservedCodeCacheSize=
# This output file may be truncated or incomplete.
#
#  Out of Memory Error (allocation.cpp:273), pid=996, tid=5960
#
# JRE version: Java(TM) SE Runtime Environment (8.0_25-b18) (build 1.8.0_25-b18)
# Java VM: Java HotSpot(TM) 64-Bit Server VM (25.25-b02 mixed mode windows-amd64 compressed oops)
# Failed to write core dump. Minidumps are not enabled by default on client versions of Windows
#

---------------  T H R E A D  ---------------

Current thread (0x0000000002201000):  JavaThread "main" [_thread_in_native, id=5960, stack(0x0000000002070000,0x0000000002170000)]

Stack: [0x0000000002070000,0x0000000002170000]
Native frames: (J=compiled Java code, j=interpreted, Vv=VM code, C=native code)
V  [jvm.dll+0x31667a]
V  [jvm.dll+0x267073]
V  [jvm.dll+0x267cb3]
V  [jvm.dll+0x25f5b5]
V  [jvm.dll+0xbeec1]
V  [jvm.dll+0xbf60c]
V  [jvm.dll+0x55d31]
V  [jvm.dll+0x56ea0]
V  [jvm.dll+0x70f33]
V  [jvm.dll+0x71817]
V  [jvm.dll+0x72ee6]
V  [jvm.dll+0x72f3d]
V  [jvm.dll+0xe8303]
V  [jvm.dll+0xad343]
V  [jvm.dll+0xad4ff]
C  0x0000000002322e47

Java frames: (J=compiled Java code, j=interpreted, Vv=VM code)
j  java.util.ArrayList.iterator()Ljava/util/Iterator;+0
j  com.android.dx.cf.direct.ClassPathOpener.processArchive(Ljava/io/File;)Z+68
j  com.android.dx.cf.direct.ClassPathOpener.processOne(Ljava/io/File;Z)Z+48
j  com.android.dx.cf.direct.ClassPathOpener.process()Z+15
j  com.android.dx.command.dexer.Main.processOne(Ljava/lang/String;Lcom/android/dx/cf/direct/ClassPathOpener$FileNameFilter;)V+20
j  com.android.dx.command.dexer.Main.processAllFiles()Z+272
j  com.android.dx.command.dexer.Main.runMonoDex()I+58
j  com.android.dx.command.dexer.Main.run(Lcom/android/dx/command/dexer/Main$Arguments;)I+76
j  com.android.dx.command.dexer.Main.main([Ljava/lang/String;)V+14
j  com.android.dx.command.Main.main([Ljava/lang/String;)V+61
v  ~StubRoutines::call_stub

---------------  P R O C E S S  ---------------

Java Threads: ( => current thread )
  0x0000000014a2e000 JavaThread "Service Thread" daemon [_thread_blocked, id=3800, stack(0x0000000016640000,0x0000000016740000)]
  0x00000000149d2000 JavaThread "C1 CompilerThread2" daemon [_thread_blocked, id=8416, stack(0x0000000016140000,0x0000000016240000)]
  0x00000000149d1000 JavaThread "C2 CompilerThread1" daemon [_thread_blocked, id=3240, stack(0x0000000016040000,0x0000000016140000)]
  0x00000000149cc800 JavaThread "C2 CompilerThread0" daemon [_thread_blocked, id=2248, stack(0x0000000015f40000,0x0000000016040000)]
  0x00000000149ca800 JavaThread "Attach Listener" daemon [_thread_blocked, id=9388, stack(0x0000000015e40000,0x0000000015f40000)]
  0x00000000149c9000 JavaThread "Signal Dispatcher" daemon [_thread_blocked, id=6268, stack(0x0000000015d40000,0x0000000015e40000)]
  0x00000000022ef800 JavaThread "Finalizer" daemon [_thread_blocked, id=9532, stack(0x0000000015c40000,0x0000000015d40000)]
  0x0000000014997800 JavaThread "Reference Handler" daemon [_thread_blocked, id=3748, stack(0x0000000015b40000,0x0000000015c40000)]
=>0x0000000002201000 JavaThread "main" [_thread_in_native, id=5960, stack(0x0000000002070000,0x0000000002170000)]

Other Threads:
  0x0000000014997000 VMThread [stack: 0x0000000015a40000,0x0000000015b40000] [id=4388]
  0x000000001626f000 WatcherThread [stack: 0x0000000016740000,0x0000000016840000] [id=7752]

VM state:not at safepoint (normal execution)

VM Mutex/Monitor currently owned by a thread: None

Heap:
 PSYoungGen      total 18944K, used 2953K [0x00000000eab00000, 0x00000000ec000000, 0x0000000100000000)
  eden space 16384K, 18% used [0x00000000eab00000,0x00000000eade2780,0x00000000ebb00000)
  from space 2560K, 0% used [0x00000000ebd80000,0x00000000ebd80000,0x00000000ec000000)
  to   space 2560K, 0% used [0x00000000ebb00000,0x00000000ebb00000,0x00000000ebd80000)
 ParOldGen       total 44032K, used 0K [0x00000000c0000000, 0x00000000c2b00000, 0x00000000eab00000)
  object space 44032K, 0% used [0x00000000c0000000,0x00000000c0000000,0x00000000c2b00000)
 Metaspace       used 3433K, capacity 4720K, committed 4864K, reserved 1056768K
  class space    used 375K, capacity 424K, committed 512K, reserved 1048576K

Card table byte_map: [0x00000000116c0000,0x00000000118d0000] byte_map_base: 0x00000000110c0000

Marking Bits: (ParMarkBitMap*) 0x000000006e99d490
 Begin Bits: [0x0000000011e30000, 0x0000000012e30000)
 End Bits:   [0x0000000012e30000, 0x0000000013e30000)

Polling page: 0x00000000001f0000

CodeCache: size=245760Kb used=1297Kb max_used=1298Kb free=244462Kb
 bounds [0x0000000002300000, 0x0000000002570000, 0x0000000011300000]
 total_blobs=368 nmethods=122 adapters=160
 compilation: enabled

Compilation events (10 events):
Event: 0.390 Thread 0x00000000149d2000  116       3       java.util.regex.Matcher::search (109 bytes)
Event: 0.391 Thread 0x00000000149d2000 nmethod 116 0x000000000243dcd0 code [0x000000000243de60, 0x000000000243e268]
Event: 0.391 Thread 0x00000000149d2000  115       3       java.util.regex.Pattern$Node::<init> (12 bytes)
Event: 0.391 Thread 0x00000000149d2000 nmethod 115 0x000000000243e3d0 code [0x000000000243e540, 0x000000000243e710]
Event: 0.391 Thread 0x00000000149d2000  114       1       java.util.zip.ZipEntry::getName (5 bytes)
Event: 0.391 Thread 0x00000000149d2000 nmethod 114 0x000000000243e7d0 code [0x000000000243e920, 0x000000000243ea30]
Event: 0.391 Thread 0x00000000149d2000  117       3       java.lang.String::compareTo (78 bytes)
Event: 0.391 Thread 0x00000000149cc800  118       4       java.lang.String::indexOf (70 bytes)
Event: 0.392 Thread 0x00000000149d2000 nmethod 117 0x000000000243ea90 code [0x000000000243ec00, 0x000000000243ef50]
Event: 0.392 Thread 0x00000000149d2000  121       3       java.util.regex.Pattern::compile (406 bytes)

GC Heap History (0 events):
No events

Deoptimization events (0 events):
No events

Internal exceptions (10 events):
Event: 0.358 Thread 0x0000000002201000 Exception <a 'java/security/PrivilegedActionException'> (0x00000000eacfa5f0) thrown at [D:\re\workspace\8-2-build-windows-amd64-cygwin\jdk8u25\1677\hotspot\src\share\vm\prims\jvm.cpp, line 1312]
Event: 0.359 Thread 0x0000000002201000 Exception <a 'java/security/PrivilegedActionException'> (0x00000000eacfc848) thrown at [D:\re\workspace\8-2-build-windows-amd64-cygwin\jdk8u25\1677\hotspot\src\share\vm\prims\jvm.cpp, line 1312]
Event: 0.360 Thread 0x0000000002201000 Exception <a 'java/security/PrivilegedActionException'> (0x00000000ead01638) thrown at [D:\re\workspace\8-2-build-windows-amd64-cygwin\jdk8u25\1677\hotspot\src\share\vm\prims\jvm.cpp, line 1312]
Event: 0.361 Thread 0x0000000002201000 Exception <a 'java/security/PrivilegedActionException'> (0x00000000ead05c80) thrown at [D:\re\workspace\8-2-build-windows-amd64-cygwin\jdk8u25\1677\hotspot\src\share\vm\prims\jvm.cpp, line 1312]
Event: 0.362 Thread 0x0000000002201000 Exception <a 'java/security/PrivilegedActionException'> (0x00000000ead0a888) thrown at [D:\re\workspace\8-2-build-windows-amd64-cygwin\jdk8u25\1677\hotspot\src\share\vm\prims\jvm.cpp, line 1312]
Event: 0.363 Thread 0x0000000002201000 Exception <a 'java/security/PrivilegedActionException'> (0x00000000ead0f070) thrown at [D:\re\workspace\8-2-build-windows-amd64-cygwin\jdk8u25\1677\hotspot\src\share\vm\prims\jvm.cpp, line 1312]
Event: 0.375 Thread 0x0000000002201000 Exception <a 'java/security/PrivilegedActionException'> (0x00000000ead188f8) thrown at [D:\re\workspace\8-2-build-windows-amd64-cygwin\jdk8u25\1677\hotspot\src\share\vm\prims\jvm.cpp, line 1312]
Event: 0.376 Thread 0x0000000002201000 Exception <a 'java/security/PrivilegedActionException'> (0x00000000ead1e2e0) thrown at [D:\re\workspace\8-2-build-windows-amd64-cygwin\jdk8u25\1677\hotspot\src\share\vm\prims\jvm.cpp, line 1312]
Event: 0.377 Thread 0x0000000002201000 Exception <a 'java/security/PrivilegedActionException'> (0x00000000ead20650) thrown at [D:\re\workspace\8-2-build-windows-amd64-cygwin\jdk8u25\1677\hotspot\src\share\vm\prims\jvm.cpp, line 1312]
Event: 0.382 Thread 0x0000000002201000 Exception <a 'java/security/PrivilegedActionException'> (0x00000000ead2a3a8) thrown at [D:\re\workspace\8-2-build-windows-amd64-cygwin\jdk8u25\1677\hotspot\src\share\vm\prims\jvm.cpp, line 1312]

Events (10 events):
Event: 0.385 loading class java/util/regex/Pattern$Slice done
Event: 0.385 loading class java/util/regex/Pattern$BnM
Event: 0.385 loading class java/util/regex/Pattern$BnM done
Event: 0.385 loading class java/util/regex/Pattern$SliceS
Event: 0.385 loading class java/util/regex/Pattern$SliceS done
Event: 0.385 loading class java/util/regex/Matcher
Event: 0.385 loading class java/util/regex/MatchResult
Event: 0.385 loading class java/util/regex/MatchResult done
Event: 0.385 loading class java/util/regex/Matcher done
Event: 0.394 loading class java/util/ArrayList$Itr


Dynamic libraries:
0x00007ff6ef650000 - 0x00007ff6ef684000 	C:\Program Files\Java\jdk1.8.0_25\bin\java.exe
0x00007ff9d56d0000 - 0x00007ff9d5891000 	C:\WINDOWS\SYSTEM32\ntdll.dll
0x00007ff9d5470000 - 0x00007ff9d551d000 	C:\WINDOWS\system32\KERNEL32.DLL
0x00007ff9d2210000 - 0x00007ff9d23f8000 	C:\WINDOWS\system32\KERNELBASE.dll
0x00007ff9d5590000 - 0x00007ff9d5637000 	C:\WINDOWS\system32\ADVAPI32.dll
0x00007ff9d50a0000 - 0x00007ff9d513d000 	C:\WINDOWS\system32\msvcrt.dll
0x00007ff9d5660000 - 0x00007ff9d56bb000 	C:\WINDOWS\system32\sechost.dll
0x00007ff9d4cc0000 - 0x00007ff9d4ddc000 	C:\WINDOWS\system32\RPCRT4.dll
0x00007ff9d4de0000 - 0x00007ff9d4f36000 	C:\WINDOWS\system32\USER32.dll
0x00007ff9d41a0000 - 0x00007ff9d4326000 	C:\WINDOWS\system32\GDI32.dll
0x00007ff9c8ec0000 - 0x00007ff9c9134000 	C:\WINDOWS\WinSxS\amd64_microsoft.windows.common-controls_6595b64144ccf1df_6.0.10586.0_none_8c15ae12515e1c22\COMCTL32.dll
0x00007ff9d4610000 - 0x00007ff9d488d000 	C:\WINDOWS\system32\combase.dll
0x00007ff9d20e0000 - 0x00007ff9d214a000 	C:\WINDOWS\system32\bcryptPrimitives.dll
0x00007ff9d2b40000 - 0x00007ff9d2b7b000 	C:\WINDOWS\system32\IMM32.DLL
0x000000006df60000 - 0x000000006e032000 	C:\Program Files\Java\jdk1.8.0_25\jre\bin\msvcr100.dll
0x000000006e1c0000 - 0x000000006ea1a000 	C:\Program Files\Java\jdk1.8.0_25\jre\bin\server\jvm.dll
0x00007ff9d4390000 - 0x00007ff9d4398000 	C:\WINDOWS\system32\PSAPI.DLL
0x00007ff9d0410000 - 0x00007ff9d0433000 	C:\WINDOWS\SYSTEM32\WINMM.dll
0x00007ff9c8e00000 - 0x00007ff9c8e09000 	C:\WINDOWS\SYSTEM32\WSOCK32.dll
0x00007ff9d5520000 - 0x00007ff9d558b000 	C:\WINDOWS\system32\WS2_32.dll
0x00007ff9d03b0000 - 0x00007ff9d03dc000 	C:\WINDOWS\SYSTEM32\WINMMBASE.dll
0x00007ff9d2090000 - 0x00007ff9d20d3000 	C:\WINDOWS\system32\cfgmgr32.dll
0x000000006f3a0000 - 0x000000006f3af000 	C:\Program Files\Java\jdk1.8.0_25\jre\bin\verify.dll
0x000000006f370000 - 0x000000006f398000 	C:\Program Files\Java\jdk1.8.0_25\jre\bin\java.dll
0x000000006f350000 - 0x000000006f366000 	C:\Program Files\Java\jdk1.8.0_25\jre\bin\zip.dll
0x00007ff9d2b80000 - 0x00007ff9d40dc000 	C:\WINDOWS\system32\SHELL32.dll
0x00007ff9d2460000 - 0x00007ff9d2aa5000 	C:\WINDOWS\system32\windows.storage.dll
0x00007ff9d40e0000 - 0x00007ff9d4132000 	C:\WINDOWS\system32\shlwapi.dll
0x00007ff9d1d70000 - 0x00007ff9d1d7f000 	C:\WINDOWS\system32\kernel.appcore.dll
0x00007ff9d2150000 - 0x00007ff9d2205000 	C:\WINDOWS\system32\shcore.dll
0x00007ff9d1d20000 - 0x00007ff9d1d6b000 	C:\WINDOWS\system32\powrprof.dll
0x00007ff9d1d00000 - 0x00007ff9d1d14000 	C:\WINDOWS\system32\profapi.dll
0x00007ff9ccf50000 - 0x00007ff9cd0dc000 	C:\WINDOWS\SYSTEM32\dbghelp.dll

VM Arguments:
jvm_args: -Djava.awt.headless=true -Xmx1024M -Dfile.encoding=windows-1252 -Duser.country=FR -Duser.language=fr -Duser.variant 
java_command: com.android.dx.command.Main --dex --force-jumbo --num-threads=4 --output C:\Users\benoit_r\AndroidStudioProjects\TechNotes\app\build\intermediates\pre-dexed\debug\support-annotations-23.2.1_3b9665f19008b3b9d4282ca9687648a3c950dcc1.jar C:\Users\benoit_r\AppData\Local\Android\sdk\extras\android\m2repository\com\android\support\support-annotations\23.2.1\support-annotations-23.2.1.jar
java_class_path (initial): C:\Users\benoit_r\AppData\Local\Android\sdk\build-tools\23.0.3\lib\dx.jar
Launcher Type: SUN_STANDARD

Environment Variables:
PATH=C:\ProgramData\Oracle\Java\javapath;"C:\Program Files (x86)\Java\jre1.8.0_71\bin";C:\Program Files (x86)\Windows Resource Kits\Tools\;C:\WINDOWS\system32;C:\WINDOWS;C:\WINDOWS\System32\Wbem;C:\WINDOWS\System32\WindowsPowerShell\v1.0\;C:\Users\kevin_d\Documents\Cours Licence\JAVA EE\play1-1.3.0;C:\Program Files (x86)\Universal Extractor;C:\Program Files (x86)\Universal Extractor\bin;C:\Users\kevin_d\Downloads\Fusion;C:\WINDOWS\system32\config\systemprofile\.dnx\bin;C:\Program Files\Microsoft DNX\Dnvm\;C:\Program Files (x86)\Microsoft ASP.NET\ASP.NET Web Pages\v1.0\;C:\Program Files\Microsoft SQL Server\110\Tools\Binn\;C:\Program Files\Microsoft\Web Platform Installer\
USERNAME=benoit_r
OS=Windows_NT
PROCESSOR_IDENTIFIER=Intel64 Family 6 Model 58 Stepping 9, GenuineIntel



---------------  S Y S T E M  ---------------

OS: Windows 8.1 , 64 bit Build 9600 

CPU:total 4 (2 cores per cpu, 2 threads per core) family 6 model 58 stepping 9, cmov, cx8, fxsr, mmx, sse, sse2, sse3, ssse3, sse4.1, sse4.2, popcnt, avx, aes, clmul, erms, ht, tsc, tscinvbit, tscinv

Memory: 4k page, physical 4075224k(562232k free), swap 5746576k(130944k free)

vm_info: Java HotSpot(TM) 64-Bit Server VM (25.25-b02) for windows-amd64 JRE (1.8.0_25-b18), built on Oct  7 2014 14:25:37 by "java_re" with MS VC++ 10.0 (VS2010)

time: Wed Apr 27 10:55:19 2016
elapsed time: 0 seconds (0d 0h 0m 0s)

