#
# There is insufficient memory for the Java Runtime Environment to continue.
# Native memory allocation (malloc) failed to allocate 1197936 bytes for Chunk::new
# Possible reasons:
#   The system is out of physical RAM or swap space
#   In 32 bit mode, the process size limit was hit
# Possible solutions:
#   Reduce memory load on the system
#   Increase physical memory or swap space
#   Check if swap backing store is full
#   Use 64 bit Java on a 64 bit OS
#   Decrease Java heap size (-Xmx/-Xms)
#   Decrease number of Java threads
#   Decrease Java thread stack sizes (-Xss)
#   Set larger code cache with -XX:ReservedCodeCacheSize=
# This output file may be truncated or incomplete.
#
#  Out of Memory Error (allocation.cpp:390), pid=7496, tid=2316
#
# JRE version: Java(TM) SE Runtime Environment (8.0_25-b18) (build 1.8.0_25-b18)
# Java VM: Java HotSpot(TM) 64-Bit Server VM (25.25-b02 mixed mode windows-amd64 compressed oops)
# Failed to write core dump. Minidumps are not enabled by default on client versions of Windows
#

---------------  T H R E A D  ---------------

Current thread (0x0000000014a2e000):  JavaThread "C2 CompilerThread0" daemon [_thread_in_native, id=2316, stack(0x0000000015f80000,0x0000000016080000)]

Stack: [0x0000000015f80000,0x0000000016080000]
Native frames: (J=compiled Java code, j=interpreted, Vv=VM code, C=native code)
V  [jvm.dll+0x31667a]
V  [jvm.dll+0x267073]
V  [jvm.dll+0x267cb3]
V  [jvm.dll+0x25f5b5]
V  [jvm.dll+0xbf165]
V  [jvm.dll+0xbf60c]
V  [jvm.dll+0x45d672]
V  [jvm.dll+0x49e8ef]
V  [jvm.dll+0x452b41]
V  [jvm.dll+0x453864]
V  [jvm.dll+0x437372]
V  [jvm.dll+0x98a02]
V  [jvm.dll+0x991f3]
V  [jvm.dll+0x22bde4]
V  [jvm.dll+0x2852fa]
C  [msvcr100.dll+0x21d9f]
C  [msvcr100.dll+0x21e3b]
C  [KERNEL32.DLL+0x18102]
C  [ntdll.dll+0x5c5b4]


Current CompileTask:
C2:  10562 2060       4       com.android.dx.ssa.DeadCodeRemover::run (194 bytes)


---------------  P R O C E S S  ---------------

Java Threads: ( => current thread )
  0x0000000014a8d800 JavaThread "Service Thread" daemon [_thread_blocked, id=3292, stack(0x0000000016680000,0x0000000016780000)]
  0x0000000014a35000 JavaThread "C1 CompilerThread2" daemon [_thread_in_native, id=1124, stack(0x0000000016180000,0x0000000016280000)]
  0x0000000014a30000 JavaThread "C2 CompilerThread1" daemon [_thread_in_native, id=10056, stack(0x0000000016080000,0x0000000016180000)]
=>0x0000000014a2e000 JavaThread "C2 CompilerThread0" daemon [_thread_in_native, id=2316, stack(0x0000000015f80000,0x0000000016080000)]
  0x0000000014a2b800 JavaThread "Attach Listener" daemon [_thread_blocked, id=4940, stack(0x0000000015e80000,0x0000000015f80000)]
  0x0000000014a2a000 JavaThread "Signal Dispatcher" daemon [_thread_blocked, id=2608, stack(0x0000000015d80000,0x0000000015e80000)]
  0x0000000002356000 JavaThread "Finalizer" daemon [_thread_blocked, id=7272, stack(0x0000000015c80000,0x0000000015d80000)]
  0x000000000234d000 JavaThread "Reference Handler" daemon [_thread_blocked, id=8764, stack(0x0000000015b80000,0x0000000015c80000)]
  0x0000000002260800 JavaThread "main" [_thread_in_Java, id=5912, stack(0x0000000002100000,0x0000000002200000)]

Other Threads:
  0x00000000149f6000 VMThread [stack: 0x0000000015a80000,0x0000000015b80000] [id=8844]
  0x00000000162b3800 WatcherThread [stack: 0x0000000016780000,0x0000000016880000] [id=6240]

VM state:not at safepoint (normal execution)

VM Mutex/Monitor currently owned by a thread: None

Heap:
 PSYoungGen      total 240640K, used 102092K [0x00000000eab00000, 0x0000000100000000, 0x0000000100000000)
  eden space 167936K, 17% used [0x00000000eab00000,0x00000000ec7b5740,0x00000000f4f00000)
  from space 72704K, 99% used [0x00000000f4f00000,0x00000000f95fdc68,0x00000000f9600000)
  to   space 87552K, 0% used [0x00000000faa80000,0x00000000faa80000,0x0000000100000000)
 ParOldGen       total 141312K, used 88819K [0x00000000c0000000, 0x00000000c8a00000, 0x00000000eab00000)
  object space 141312K, 62% used [0x00000000c0000000,0x00000000c56bcf68,0x00000000c8a00000)
 Metaspace       used 6421K, capacity 7256K, committed 7424K, reserved 1056768K
  class space    used 616K, capacity 656K, committed 768K, reserved 1048576K

Card table byte_map: [0x0000000011720000,0x0000000011930000] byte_map_base: 0x0000000011120000

Marking Bits: (ParMarkBitMap*) 0x000000006e99d490
 Begin Bits: [0x0000000011e90000, 0x0000000012e90000)
 End Bits:   [0x0000000012e90000, 0x0000000013e90000)

Polling page: 0x00000000001f0000

CodeCache: size=245760Kb used=9342Kb max_used=9476Kb free=236417Kb
 bounds [0x0000000002360000, 0x0000000002cb0000, 0x0000000011360000]
 total_blobs=2311 nmethods=2046 adapters=178
 compilation: enabled

Compilation events (10 events):
Event: 10.267 Thread 0x0000000014a2e000 nmethod 2103 0x0000000002566910 code [0x0000000002566a60, 0x0000000002566bd8]
Event: 10.267 Thread 0x0000000014a2e000 1985       4       com.android.dx.cf.code.ByteBlockList::labelToBlock (46 bytes)
Event: 10.270 Thread 0x0000000014a2e000 nmethod 1985 0x00000000024d7390 code [0x00000000024d74e0, 0x00000000024d7618]
Event: 10.270 Thread 0x0000000014a2e000 2173 %     4       com.android.dx.ssa.SsaMethod::forEachBlockDepthFirstDom @ 76 (128 bytes)
Event: 10.287 Thread 0x0000000014a35000 2175       2       com.android.dx.rop.code.Rops::opIfGe (13 bytes)
Event: 10.287 Thread 0x0000000014a35000 nmethod 2175 0x00000000024d7b50 code [0x00000000024d7cc0, 0x00000000024d7e48]
Event: 10.310 Thread 0x0000000014a2e000 nmethod 2173% 0x00000000024732d0 code [0x00000000024734e0, 0x0000000002474898]
Event: 10.311 Thread 0x0000000014a2e000 2174 %     4       com.android.dx.cf.code.BasicBlocker::getBlockList @ 182 (208 bytes)
Event: 10.334 Thread 0x0000000014a2e000 nmethod 2174% 0x0000000002576f50 code [0x00000000025770e0, 0x0000000002577968]
Event: 10.334 Thread 0x0000000014a2e000 2060       4       com.android.dx.ssa.DeadCodeRemover::run (194 bytes)

GC Heap History (10 events):
Event: 5.541 GC heap before
{Heap before GC invocations=11 (full 1):
 PSYoungGen      total 159232K, used 159225K [0x00000000eab00000, 0x00000000fa580000, 0x0000000100000000)
  eden space 118784K, 100% used [0x00000000eab00000,0x00000000f1f00000,0x00000000f1f00000)
  from space 40448K, 99% used [0x00000000f1f00000,0x00000000f467e468,0x00000000f4680000)
  to   space 50688K, 0% used [0x00000000f7400000,0x00000000f7400000,0x00000000fa580000)
 ParOldGen       total 79872K, used 51958K [0x00000000c0000000, 0x00000000c4e00000, 0x00000000eab00000)
  object space 79872K, 65% used [0x00000000c0000000,0x00000000c32bd988,0x00000000c4e00000)
 Metaspace       used 6301K, capacity 7192K, committed 7424K, reserved 1056768K
  class space    used 610K, capacity 656K, committed 768K, reserved 1048576K
Event: 5.647 GC heap after
Heap after GC invocations=11 (full 1):
 PSYoungGen      total 193536K, used 50664K [0x00000000eab00000, 0x00000000fc080000, 0x0000000100000000)
  eden space 142848K, 0% used [0x00000000eab00000,0x00000000eab00000,0x00000000f3680000)
  from space 50688K, 99% used [0x00000000f7400000,0x00000000fa57a0d0,0x00000000fa580000)
  to   space 62976K, 0% used [0x00000000f3680000,0x00000000f3680000,0x00000000f7400000)
 ParOldGen       total 79872K, used 63973K [0x00000000c0000000, 0x00000000c4e00000, 0x00000000eab00000)
  object space 79872K, 80% used [0x00000000c0000000,0x00000000c3e79570,0x00000000c4e00000)
 Metaspace       used 6301K, capacity 7192K, committed 7424K, reserved 1056768K
  class space    used 610K, capacity 656K, committed 768K, reserved 1048576K
}
Event: 5.647 GC heap before
{Heap before GC invocations=12 (full 2):
 PSYoungGen      total 193536K, used 50664K [0x00000000eab00000, 0x00000000fc080000, 0x0000000100000000)
  eden space 142848K, 0% used [0x00000000eab00000,0x00000000eab00000,0x00000000f3680000)
  from space 50688K, 99% used [0x00000000f7400000,0x00000000fa57a0d0,0x00000000fa580000)
  to   space 62976K, 0% used [0x00000000f3680000,0x00000000f3680000,0x00000000f7400000)
 ParOldGen       total 79872K, used 63973K [0x00000000c0000000, 0x00000000c4e00000, 0x00000000eab00000)
  object space 79872K, 80% used [0x00000000c0000000,0x00000000c3e79570,0x00000000c4e00000)
 Metaspace       used 6301K, capacity 7192K, committed 7424K, reserved 1056768K
  class space    used 610K, capacity 656K, committed 768K, reserved 1048576K
Event: 6.378 GC heap after
Heap after GC invocations=12 (full 2):
 PSYoungGen      total 193536K, used 15244K [0x00000000eab00000, 0x00000000fc080000, 0x0000000100000000)
  eden space 142848K, 0% used [0x00000000eab00000,0x00000000eab00000,0x00000000f3680000)
  from space 50688K, 30% used [0x00000000f7400000,0x00000000f82e3068,0x00000000fa580000)
  to   space 62976K, 0% used [0x00000000f3680000,0x00000000f3680000,0x00000000f7400000)
 ParOldGen       total 141312K, used 79390K [0x00000000c0000000, 0x00000000c8a00000, 0x00000000eab00000)
  object space 141312K, 56% used [0x00000000c0000000,0x00000000c4d87bc0,0x00000000c8a00000)
 Metaspace       used 6301K, capacity 7192K, committed 7424K, reserved 1056768K
  class space    used 610K, capacity 656K, committed 768K, reserved 1048576K
}
Event: 7.442 GC heap before
{Heap before GC invocations=13 (full 2):
 PSYoungGen      total 193536K, used 158092K [0x00000000eab00000, 0x00000000fc080000, 0x0000000100000000)
  eden space 142848K, 100% used [0x00000000eab00000,0x00000000f3680000,0x00000000f3680000)
  from space 50688K, 30% used [0x00000000f7400000,0x00000000f82e3068,0x00000000fa580000)
  to   space 62976K, 0% used [0x00000000f3680000,0x00000000f3680000,0x00000000f7400000)
 ParOldGen       total 141312K, used 79390K [0x00000000c0000000, 0x00000000c8a00000, 0x00000000eab00000)
  object space 141312K, 56% used [0x00000000c0000000,0x00000000c4d87bc0,0x00000000c8a00000)
 Metaspace       used 6308K, capacity 7192K, committed 7424K, reserved 1056768K
  class space    used 610K, capacity 656K, committed 768K, reserved 1048576K
Event: 7.536 GC heap after
Heap after GC invocations=13 (full 2):
 PSYoungGen      total 205824K, used 38980K [0x00000000eab00000, 0x00000000fd500000, 0x0000000100000000)
  eden space 142848K, 0% used [0x00000000eab00000,0x00000000eab00000,0x00000000f3680000)
  from space 62976K, 61% used [0x00000000f3680000,0x00000000f5c91128,0x00000000f7400000)
  to   space 64512K, 0% used [0x00000000f9600000,0x00000000f9600000,0x00000000fd500000)
 ParOldGen       total 141312K, used 79446K [0x00000000c0000000, 0x00000000c8a00000, 0x00000000eab00000)
  object space 141312K, 56% used [0x00000000c0000000,0x00000000c4d95bc0,0x00000000c8a00000)
 Metaspace       used 6308K, capacity 7192K, committed 7424K, reserved 1056768K
  class space    used 610K, capacity 656K, committed 768K, reserved 1048576K
}
Event: 8.687 GC heap before
{Heap before GC invocations=14 (full 2):
 PSYoungGen      total 205824K, used 181828K [0x00000000eab00000, 0x00000000fd500000, 0x0000000100000000)
  eden space 142848K, 100% used [0x00000000eab00000,0x00000000f3680000,0x00000000f3680000)
  from space 62976K, 61% used [0x00000000f3680000,0x00000000f5c91128,0x00000000f7400000)
  to   space 64512K, 0% used [0x00000000f9600000,0x00000000f9600000,0x00000000fd500000)
 ParOldGen       total 141312K, used 79446K [0x00000000c0000000, 0x00000000c8a00000, 0x00000000eab00000)
  object space 141312K, 56% used [0x00000000c0000000,0x00000000c4d95bc0,0x00000000c8a00000)
 Metaspace       used 6326K, capacity 7192K, committed 7424K, reserved 1056768K
  class space    used 610K, capacity 656K, committed 768K, reserved 1048576K
Event: 9.027 GC heap after
Heap after GC invocations=14 (full 2):
 PSYoungGen      total 232448K, used 58945K [0x00000000eab00000, 0x00000000fed00000, 0x0000000100000000)
  eden space 167936K, 0% used [0x00000000eab00000,0x00000000eab00000,0x00000000f4f00000)
  from space 64512K, 91% used [0x00000000f9600000,0x00000000fcf904d8,0x00000000fd500000)
  to   space 72704K, 0% used [0x00000000f4f00000,0x00000000f4f00000,0x00000000f9600000)
 ParOldGen       total 141312K, used 79454K [0x00000000c0000000, 0x00000000c8a00000, 0x00000000eab00000)
  object space 141312K, 56% used [0x00000000c0000000,0x00000000c4d97bc0,0x00000000c8a00000)
 Metaspace       used 6326K, capacity 7192K, committed 7424K, reserved 1056768K
  class space    used 610K, capacity 656K, committed 768K, reserved 1048576K
}
Event: 10.125 GC heap before
{Heap before GC invocations=15 (full 2):
 PSYoungGen      total 232448K, used 226881K [0x00000000eab00000, 0x00000000fed00000, 0x0000000100000000)
  eden space 167936K, 100% used [0x00000000eab00000,0x00000000f4f00000,0x00000000f4f00000)
  from space 64512K, 91% used [0x00000000f9600000,0x00000000fcf904d8,0x00000000fd500000)
  to   space 72704K, 0% used [0x00000000f4f00000,0x00000000f4f00000,0x00000000f9600000)
 ParOldGen       total 141312K, used 79454K [0x00000000c0000000, 0x00000000c8a00000, 0x00000000eab00000)
  object space 141312K, 56% used [0x00000000c0000000,0x00000000c4d97bc0,0x00000000c8a00000)
 Metaspace       used 6367K, capacity 7256K, committed 7424K, reserved 1056768K
  class space    used 611K, capacity 656K, committed 768K, reserved 1048576K
Event: 10.248 GC heap after
Heap after GC invocations=15 (full 2):
 PSYoungGen      total 240640K, used 72695K [0x00000000eab00000, 0x0000000100000000, 0x0000000100000000)
  eden space 167936K, 0% used [0x00000000eab00000,0x00000000eab00000,0x00000000f4f00000)
  from space 72704K, 99% used [0x00000000f4f00000,0x00000000f95fdc68,0x00000000f9600000)
  to   space 87552K, 0% used [0x00000000faa80000,0x00000000faa80000,0x0000000100000000)
 ParOldGen       total 141312K, used 88819K [0x00000000c0000000, 0x00000000c8a00000, 0x00000000eab00000)
  object space 141312K, 62% used [0x00000000c0000000,0x00000000c56bcf68,0x00000000c8a00000)
 Metaspace       used 6367K, capacity 7256K, committed 7424K, reserved 1056768K
  class space    used 611K, capacity 656K, committed 768K, reserved 1048576K
}

Deoptimization events (10 events):
Event: 4.647 Thread 0x00000000163c5000 Uncommon trap: reason=speculate_class_check action=maybe_recompile pc=0x0000000002ad55b8 method=com.android.dx.rop.cst.TypedConstant.getBasicType()I @ 1
Event: 4.647 Thread 0x00000000163c5000 Uncommon trap: reason=speculate_class_check action=maybe_recompile pc=0x0000000002ad55b8 method=com.android.dx.rop.cst.TypedConstant.getBasicType()I @ 1
Event: 5.091 Thread 0x00000000164e2000 Uncommon trap: reason=bimorphic action=maybe_recompile pc=0x0000000002a3b2c8 method=com.android.dx.ssa.SCCP.simulatePhi(Lcom/android/dx/ssa/PhiInsn;)V @ 124
Event: 5.091 Thread 0x00000000164e2000 Uncommon trap: reason=bimorphic action=maybe_recompile pc=0x0000000002a3b2c8 method=com.android.dx.ssa.SCCP.simulatePhi(Lcom/android/dx/ssa/PhiInsn;)V @ 124
Event: 5.091 Thread 0x00000000164e2000 Uncommon trap: reason=bimorphic action=maybe_recompile pc=0x0000000002a3b2c8 method=com.android.dx.ssa.SCCP.simulatePhi(Lcom/android/dx/ssa/PhiInsn;)V @ 124
Event: 5.091 Thread 0x00000000164e2000 Uncommon trap: reason=bimorphic action=maybe_recompile pc=0x0000000002a3b2c8 method=com.android.dx.ssa.SCCP.simulatePhi(Lcom/android/dx/ssa/PhiInsn;)V @ 124
Event: 9.335 Thread 0x00000000164dd800 Uncommon trap: reason=class_check action=maybe_recompile pc=0x0000000002abd644 method=com.android.dx.cf.code.RopperMachine.run(Lcom/android/dx/cf/code/Frame;II)V @ 1024
Event: 9.580 Thread 0x00000000164dd800 Uncommon trap: reason=class_check action=maybe_recompile pc=0x0000000002abd644 method=com.android.dx.cf.code.RopperMachine.run(Lcom/android/dx/cf/code/Frame;II)V @ 1024
Event: 9.580 Thread 0x00000000164dd800 Uncommon trap: reason=class_check action=maybe_recompile pc=0x0000000002abd644 method=com.android.dx.cf.code.RopperMachine.run(Lcom/android/dx/cf/code/Frame;II)V @ 1024
Event: 9.580 Thread 0x00000000164dd800 Uncommon trap: reason=class_check action=maybe_recompile pc=0x0000000002abd644 method=com.android.dx.cf.code.RopperMachine.run(Lcom/android/dx/cf/code/Frame;II)V @ 1024

Internal exceptions (10 events):
Event: 1.714 Thread 0x0000000002260800 Exception <a 'java/security/PrivilegedActionException'> (0x00000000eb907da8) thrown at [D:\re\workspace\8-2-build-windows-amd64-cygwin\jdk8u25\1677\hotspot\src\share\vm\prims\jvm.cpp, line 1312]
Event: 3.075 Thread 0x00000000163c5000 Exception <a 'java/lang/ArrayIndexOutOfBoundsException': 18> (0x00000000edb62af8) thrown at [D:\re\workspace\8-2-build-windows-amd64-cygwin\jdk8u25\1677\hotspot\src\share\vm\interpreter\interpreterRuntime.cpp, line 366]
Event: 3.076 Thread 0x00000000163c5000 Exception <a 'java/lang/ArrayIndexOutOfBoundsException': 145> (0x00000000edb64590) thrown at [D:\re\workspace\8-2-build-windows-amd64-cygwin\jdk8u25\1677\hotspot\src\share\vm\interpreter\interpreterRuntime.cpp, line 366]
Event: 3.077 Thread 0x00000000163c5000 Exception <a 'java/lang/ArrayIndexOutOfBoundsException'> (0x00000000edb657a8) thrown at [D:\re\workspace\8-2-build-windows-amd64-cygwin\jdk8u25\1677\hotspot\src\share\vm\runtime\sharedRuntime.cpp, line 604]
Event: 3.295 Thread 0x0000000002260800 Exception <a 'java/security/PrivilegedActionException'> (0x00000000ef2ad590) thrown at [D:\re\workspace\8-2-build-windows-amd64-cygwin\jdk8u25\1677\hotspot\src\share\vm\prims\jvm.cpp, line 1312]
Event: 3.296 Thread 0x0000000002260800 Exception <a 'java/security/PrivilegedActionException'> (0x00000000ef2afa60) thrown at [D:\re\workspace\8-2-build-windows-amd64-cygwin\jdk8u25\1677\hotspot\src\share\vm\prims\jvm.cpp, line 1312]
Event: 3.297 Thread 0x0000000002260800 Exception <a 'java/security/PrivilegedActionException'> (0x00000000ef2b9d50) thrown at [D:\re\workspace\8-2-build-windows-amd64-cygwin\jdk8u25\1677\hotspot\src\share\vm\prims\jvm.cpp, line 1312]
Event: 3.298 Thread 0x0000000002260800 Exception <a 'java/security/PrivilegedActionException'> (0x00000000ef2bc470) thrown at [D:\re\workspace\8-2-build-windows-amd64-cygwin\jdk8u25\1677\hotspot\src\share\vm\prims\jvm.cpp, line 1312]
Event: 4.595 Thread 0x00000000164e2000 Implicit null exception at 0x0000000002af2151 to 0x0000000002af737d
Event: 9.763 Thread 0x0000000002260800 Exception <a 'java/security/PrivilegedActionException'> (0x00000000f172aeb0) thrown at [D:\re\workspace\8-2-build-windows-amd64-cygwin\jdk8u25\1677\hotspot\src\share\vm\prims\jvm.cpp, line 1312]

Events (10 events):
Event: 10.345 Thread 0x00000000164e2000 DEOPT UNPACKING pc=0x00000000023a75bf sp=0x0000000016d7e690 mode 0
Event: 10.361 loading class java/util/HashMap$KeySet
Event: 10.362 loading class java/util/HashMap$KeySet done
Event: 10.362 loading class java/util/HashMap$KeyIterator
Event: 10.362 loading class java/util/HashMap$KeyIterator done
Event: 10.362 Thread 0x00000000164dd800 Thread exited: 0x00000000164dd800
Event: 10.362 Thread 0x00000000163c5000 Thread exited: 0x00000000163c5000
Event: 10.396 Thread 0x00000000164e2000 DEOPT PACKING pc=0x000000000290ebd1 sp=0x0000000016d7e860
Event: 10.396 Thread 0x00000000164e2000 DEOPT UNPACKING pc=0x00000000023a75bf sp=0x0000000016d7e690 mode 0
Event: 10.402 Thread 0x00000000164e2000 Thread exited: 0x00000000164e2000


Dynamic libraries:
0x00007ff6ef650000 - 0x00007ff6ef684000 	C:\Program Files\Java\jdk1.8.0_25\bin\java.exe
0x00007ff9d56d0000 - 0x00007ff9d5891000 	C:\WINDOWS\SYSTEM32\ntdll.dll
0x00007ff9d5470000 - 0x00007ff9d551d000 	C:\WINDOWS\system32\KERNEL32.DLL
0x00007ff9d2210000 - 0x00007ff9d23f8000 	C:\WINDOWS\system32\KERNELBASE.dll
0x00007ff9d5590000 - 0x00007ff9d5637000 	C:\WINDOWS\system32\ADVAPI32.dll
0x00007ff9d50a0000 - 0x00007ff9d513d000 	C:\WINDOWS\system32\msvcrt.dll
0x00007ff9d5660000 - 0x00007ff9d56bb000 	C:\WINDOWS\system32\sechost.dll
0x00007ff9d4cc0000 - 0x00007ff9d4ddc000 	C:\WINDOWS\system32\RPCRT4.dll
0x00007ff9d4de0000 - 0x00007ff9d4f36000 	C:\WINDOWS\system32\USER32.dll
0x00007ff9d41a0000 - 0x00007ff9d4326000 	C:\WINDOWS\system32\GDI32.dll
0x00007ff9c8ec0000 - 0x00007ff9c9134000 	C:\WINDOWS\WinSxS\amd64_microsoft.windows.common-controls_6595b64144ccf1df_6.0.10586.0_none_8c15ae12515e1c22\COMCTL32.dll
0x00007ff9d4610000 - 0x00007ff9d488d000 	C:\WINDOWS\system32\combase.dll
0x00007ff9d20e0000 - 0x00007ff9d214a000 	C:\WINDOWS\system32\bcryptPrimitives.dll
0x00007ff9d2b40000 - 0x00007ff9d2b7b000 	C:\WINDOWS\system32\IMM32.DLL
0x000000006df60000 - 0x000000006e032000 	C:\Program Files\Java\jdk1.8.0_25\jre\bin\msvcr100.dll
0x000000006e1c0000 - 0x000000006ea1a000 	C:\Program Files\Java\jdk1.8.0_25\jre\bin\server\jvm.dll
0x00007ff9d4390000 - 0x00007ff9d4398000 	C:\WINDOWS\system32\PSAPI.DLL
0x00007ff9c8e00000 - 0x00007ff9c8e09000 	C:\WINDOWS\SYSTEM32\WSOCK32.dll
0x00007ff9d0410000 - 0x00007ff9d0433000 	C:\WINDOWS\SYSTEM32\WINMM.dll
0x00007ff9d5520000 - 0x00007ff9d558b000 	C:\WINDOWS\system32\WS2_32.dll
0x00000000020d0000 - 0x00000000020fc000 	C:\WINDOWS\SYSTEM32\WINMMBASE.dll
0x00007ff9d2090000 - 0x00007ff9d20d3000 	C:\WINDOWS\system32\cfgmgr32.dll
0x000000006f3a0000 - 0x000000006f3af000 	C:\Program Files\Java\jdk1.8.0_25\jre\bin\verify.dll
0x000000006f370000 - 0x000000006f398000 	C:\Program Files\Java\jdk1.8.0_25\jre\bin\java.dll
0x000000006f350000 - 0x000000006f366000 	C:\Program Files\Java\jdk1.8.0_25\jre\bin\zip.dll
0x00007ff9d2b80000 - 0x00007ff9d40dc000 	C:\WINDOWS\system32\SHELL32.dll
0x00007ff9d2460000 - 0x00007ff9d2aa5000 	C:\WINDOWS\system32\windows.storage.dll
0x00007ff9d40e0000 - 0x00007ff9d4132000 	C:\WINDOWS\system32\shlwapi.dll
0x00007ff9d1d70000 - 0x00007ff9d1d7f000 	C:\WINDOWS\system32\kernel.appcore.dll
0x00007ff9d2150000 - 0x00007ff9d2205000 	C:\WINDOWS\system32\shcore.dll
0x00007ff9d1d20000 - 0x00007ff9d1d6b000 	C:\WINDOWS\system32\powrprof.dll
0x00007ff9d1d00000 - 0x00007ff9d1d14000 	C:\WINDOWS\system32\profapi.dll
0x00007ff9ccf50000 - 0x00007ff9cd0dc000 	C:\WINDOWS\SYSTEM32\dbghelp.dll

VM Arguments:
jvm_args: -Djava.awt.headless=true -Xmx1024M -Dfile.encoding=windows-1252 -Duser.country=FR -Duser.language=fr -Duser.variant 
java_command: com.android.dx.command.Main --dex --force-jumbo --num-threads=4 --output C:\Users\benoit_r\AndroidStudioProjects\TechNotes\app\build\intermediates\pre-dexed\debug\main_213ed637059d4a6c47d7cb14bb2bfea804479376.jar C:\Users\benoit_r\AndroidStudioProjects\TechNotes\app\build\intermediates\transforms\instantRun\debug\folders\1\5\main
java_class_path (initial): C:\Users\benoit_r\AppData\Local\Android\sdk\build-tools\23.0.3\lib\dx.jar
Launcher Type: SUN_STANDARD

Environment Variables:
PATH=C:\ProgramData\Oracle\Java\javapath;"C:\Program Files (x86)\Java\jre1.8.0_71\bin";C:\Program Files (x86)\Windows Resource Kits\Tools\;C:\WINDOWS\system32;C:\WINDOWS;C:\WINDOWS\System32\Wbem;C:\WINDOWS\System32\WindowsPowerShell\v1.0\;C:\Users\kevin_d\Documents\Cours Licence\JAVA EE\play1-1.3.0;C:\Program Files (x86)\Universal Extractor;C:\Program Files (x86)\Universal Extractor\bin;C:\Users\kevin_d\Downloads\Fusion;C:\WINDOWS\system32\config\systemprofile\.dnx\bin;C:\Program Files\Microsoft DNX\Dnvm\;C:\Program Files (x86)\Microsoft ASP.NET\ASP.NET Web Pages\v1.0\;C:\Program Files\Microsoft SQL Server\110\Tools\Binn\;C:\Program Files\Microsoft\Web Platform Installer\
USERNAME=benoit_r
OS=Windows_NT
PROCESSOR_IDENTIFIER=Intel64 Family 6 Model 58 Stepping 9, GenuineIntel



---------------  S Y S T E M  ---------------

OS: Windows 8.1 , 64 bit Build 9600 

CPU:total 4 (2 cores per cpu, 2 threads per core) family 6 model 58 stepping 9, cmov, cx8, fxsr, mmx, sse, sse2, sse3, ssse3, sse4.1, sse4.2, popcnt, avx, aes, clmul, erms, ht, tsc, tscinvbit, tscinv

Memory: 4k page, physical 4075224k(276248k free), swap 5746576k(3080k free)

vm_info: Java HotSpot(TM) 64-Bit Server VM (25.25-b02) for windows-amd64 JRE (1.8.0_25-b18), built on Oct  7 2014 14:25:37 by "java_re" with MS VC++ 10.0 (VS2010)

time: Wed Apr 27 10:52:49 2016
elapsed time: 10 seconds (0d 0h 0m 10s)

