#
# There is insufficient memory for the Java Runtime Environment to continue.
# Native memory allocation (malloc) failed to allocate 871616 bytes for Chunk::new
# Possible reasons:
#   The system is out of physical RAM or swap space
#   In 32 bit mode, the process size limit was hit
# Possible solutions:
#   Reduce memory load on the system
#   Increase physical memory or swap space
#   Check if swap backing store is full
#   Use 64 bit Java on a 64 bit OS
#   Decrease Java heap size (-Xmx/-Xms)
#   Decrease number of Java threads
#   Decrease Java thread stack sizes (-Xss)
#   Set larger code cache with -XX:ReservedCodeCacheSize=
# This output file may be truncated or incomplete.
#
#  Out of Memory Error (allocation.cpp:390), pid=8792, tid=2416
#
# JRE version: Java(TM) SE Runtime Environment (8.0_25-b18) (build 1.8.0_25-b18)
# Java VM: Java HotSpot(TM) 64-Bit Server VM (25.25-b02 mixed mode windows-amd64 compressed oops)
# Failed to write core dump. Minidumps are not enabled by default on client versions of Windows
#

---------------  T H R E A D  ---------------

Current thread (0x00000000148ad000):  JavaThread "C2 CompilerThread0" daemon [_thread_in_native, id=2416, stack(0x0000000015e10000,0x0000000015f10000)]

Stack: [0x0000000015e10000,0x0000000015f10000]
Native frames: (J=compiled Java code, j=interpreted, Vv=VM code, C=native code)
V  [jvm.dll+0x31667a]
V  [jvm.dll+0x267073]
V  [jvm.dll+0x267cb3]
V  [jvm.dll+0x25f5b5]
V  [jvm.dll+0xbf165]
V  [jvm.dll+0xbf60c]
V  [jvm.dll+0x45d672]
V  [jvm.dll+0x49e8ef]
V  [jvm.dll+0x452b41]
V  [jvm.dll+0x453864]
V  [jvm.dll+0x437372]
V  [jvm.dll+0x98a02]
V  [jvm.dll+0x991f3]
V  [jvm.dll+0x22bde4]
V  [jvm.dll+0x2852fa]
C  [msvcr100.dll+0x21d9f]
C  [msvcr100.dll+0x21e3b]
C  [KERNEL32.DLL+0x18102]
C  [ntdll.dll+0x5c5b4]


Current CompileTask:
C2:  10467 1604       4       com.android.dx.cf.code.ValueAwareMachine::run (1142 bytes)


---------------  P R O C E S S  ---------------

Java Threads: ( => current thread )
  0x0000000016561000 JavaThread "pool-1-thread-4" [_thread_blocked, id=10172, stack(0x0000000016b10000,0x0000000016c10000)]
  0x00000000165a2000 JavaThread "pool-1-thread-3" [_thread_blocked, id=9488, stack(0x0000000016a10000,0x0000000016b10000)]
  0x00000000165a1000 JavaThread "pool-1-thread-2" [_thread_blocked, id=2096, stack(0x0000000016910000,0x0000000016a10000)]
  0x0000000016557000 JavaThread "pool-2-thread-1" [_thread_blocked, id=3540, stack(0x0000000016810000,0x0000000016910000)]
  0x0000000016556000 JavaThread "pool-1-thread-1" [_thread_blocked, id=2968, stack(0x0000000016710000,0x0000000016810000)]
  0x0000000014906800 JavaThread "Service Thread" daemon [_thread_blocked, id=924, stack(0x0000000016110000,0x0000000016210000)]
  0x0000000014903000 JavaThread "C1 CompilerThread2" daemon [_thread_blocked, id=3952, stack(0x0000000016010000,0x0000000016110000)]
  0x00000000148c3000 JavaThread "C2 CompilerThread1" daemon [_thread_blocked, id=6176, stack(0x0000000015f10000,0x0000000016010000)]
=>0x00000000148ad000 JavaThread "C2 CompilerThread0" daemon [_thread_in_native, id=2416, stack(0x0000000015e10000,0x0000000015f10000)]
  0x00000000148aa800 JavaThread "Attach Listener" daemon [_thread_blocked, id=9888, stack(0x0000000015d10000,0x0000000015e10000)]
  0x00000000148a9000 JavaThread "Signal Dispatcher" daemon [_thread_blocked, id=3640, stack(0x0000000015c10000,0x0000000015d10000)]
  0x00000000021cf800 JavaThread "Finalizer" daemon [_thread_blocked, id=5312, stack(0x0000000015b10000,0x0000000015c10000)]
  0x00000000021cc000 JavaThread "Reference Handler" daemon [_thread_blocked, id=3404, stack(0x0000000015a10000,0x0000000015b10000)]
  0x00000000020e0800 JavaThread "main" [_thread_blocked, id=6136, stack(0x0000000001f30000,0x0000000002030000)]

Other Threads:
  0x0000000014877000 VMThread [stack: 0x0000000015910000,0x0000000015a10000] [id=2160]
  0x0000000014909800 WatcherThread [stack: 0x0000000016210000,0x0000000016310000] [id=1012]

VM state:at safepoint (normal execution)

VM Mutex/Monitor currently owned by a thread:  ([mutex/lock_event])
[0x00000000020dcc80] Threads_lock - owner thread: 0x0000000014877000
[0x00000000020dc780] Heap_lock - owner thread: 0x00000000020e0800

Heap:
 PSYoungGen      total 35328K, used 2552K [0x00000000eab00000, 0x00000000ed000000, 0x0000000100000000)
  eden space 32768K, 0% used [0x00000000eab00000,0x00000000eab00000,0x00000000ecb00000)
  from space 2560K, 99% used [0x00000000ecd80000,0x00000000ecffe2c8,0x00000000ed000000)
  to   space 2560K, 0% used [0x00000000ecb00000,0x00000000ecb00000,0x00000000ecd80000)
 ParOldGen       total 44032K, used 18809K [0x00000000c0000000, 0x00000000c2b00000, 0x00000000eab00000)
  object space 44032K, 42% used [0x00000000c0000000,0x00000000c125e698,0x00000000c2b00000)
 Metaspace       used 6230K, capacity 7152K, committed 7296K, reserved 1056768K
  class space    used 593K, capacity 616K, committed 640K, reserved 1048576K

Card table byte_map: [0x00000000115a0000,0x00000000117b0000] byte_map_base: 0x0000000010fa0000

Marking Bits: (ParMarkBitMap*) 0x000000006e99d490
 Begin Bits: [0x0000000011d10000, 0x0000000012d10000)
 End Bits:   [0x0000000012d10000, 0x0000000013d10000)

Polling page: 0x0000000002030000

CodeCache: size=245760Kb used=7476Kb max_used=7476Kb free=238283Kb
 bounds [0x00000000021e0000, 0x0000000002940000, 0x00000000111e0000]
 total_blobs=2026 nmethods=1761 adapters=178
 compilation: enabled

Compilation events (10 events):
Event: 8.666 Thread 0x00000000148ad000 nmethod 1602 0x00000000028fd450 code [0x00000000028fd6c0, 0x00000000028fe3d0]
Event: 8.666 Thread 0x00000000148ad000 1604       4       com.android.dx.cf.code.ValueAwareMachine::run (1142 bytes)
Event: 8.672 Thread 0x00000000148c3000 nmethod 1603 0x00000000028fb810 code [0x00000000028fba00, 0x00000000028fc4f8]
Event: 8.672 Thread 0x00000000148c3000 1628       4       com.android.dx.util.BitIntSet$1::hasNext (13 bytes)
Event: 8.672 Thread 0x00000000148c3000 nmethod 1628 0x00000000027895d0 code [0x0000000002789700, 0x0000000002789778]
Event: 8.673 Thread 0x00000000148c3000 1665       4       com.android.dx.rop.code.RegisterSpecList::<init> (6 bytes)
Event: 8.674 Thread 0x00000000148c3000 nmethod 1665 0x00000000028d2890 code [0x00000000028d29e0, 0x00000000028d2b18]
Event: 8.674 Thread 0x00000000148c3000 1629       4       com.android.dx.ssa.back.RegisterAllocator::getDefinitionSpecForSsaReg (22 bytes)
Event: 8.684 Thread 0x00000000148c3000 nmethod 1629 0x00000000028e8ad0 code [0x00000000028e8c40, 0x00000000028e90c8]
Event: 8.684 Thread 0x00000000148c3000 1624       4       com.android.dx.ssa.back.FirstFitLocalCombiningAllocator$1::processInsn (169 bytes)

GC Heap History (10 events):
Event: 1.888 GC heap before
{Heap before GC invocations=1 (full 0):
 PSYoungGen      total 18944K, used 16384K [0x00000000eab00000, 0x00000000ec000000, 0x0000000100000000)
  eden space 16384K, 100% used [0x00000000eab00000,0x00000000ebb00000,0x00000000ebb00000)
  from space 2560K, 0% used [0x00000000ebd80000,0x00000000ebd80000,0x00000000ec000000)
  to   space 2560K, 0% used [0x00000000ebb00000,0x00000000ebb00000,0x00000000ebd80000)
 ParOldGen       total 44032K, used 0K [0x00000000c0000000, 0x00000000c2b00000, 0x00000000eab00000)
  object space 44032K, 0% used [0x00000000c0000000,0x00000000c0000000,0x00000000c2b00000)
 Metaspace       used 5632K, capacity 6640K, committed 6784K, reserved 1056768K
  class space    used 583K, capacity 616K, committed 640K, reserved 1048576K
Event: 1.895 GC heap after
Heap after GC invocations=1 (full 0):
 PSYoungGen      total 18944K, used 2549K [0x00000000eab00000, 0x00000000ec000000, 0x0000000100000000)
  eden space 16384K, 0% used [0x00000000eab00000,0x00000000eab00000,0x00000000ebb00000)
  from space 2560K, 99% used [0x00000000ebb00000,0x00000000ebd7d5b0,0x00000000ebd80000)
  to   space 2560K, 0% used [0x00000000ebd80000,0x00000000ebd80000,0x00000000ec000000)
 ParOldGen       total 44032K, used 1313K [0x00000000c0000000, 0x00000000c2b00000, 0x00000000eab00000)
  object space 44032K, 2% used [0x00000000c0000000,0x00000000c0148590,0x00000000c2b00000)
 Metaspace       used 5632K, capacity 6640K, committed 6784K, reserved 1056768K
  class space    used 583K, capacity 616K, committed 640K, reserved 1048576K
}
Event: 3.073 GC heap before
{Heap before GC invocations=2 (full 0):
 PSYoungGen      total 18944K, used 18933K [0x00000000eab00000, 0x00000000ec000000, 0x0000000100000000)
  eden space 16384K, 100% used [0x00000000eab00000,0x00000000ebb00000,0x00000000ebb00000)
  from space 2560K, 99% used [0x00000000ebb00000,0x00000000ebd7d5b0,0x00000000ebd80000)
  to   space 2560K, 0% used [0x00000000ebd80000,0x00000000ebd80000,0x00000000ec000000)
 ParOldGen       total 44032K, used 1313K [0x00000000c0000000, 0x00000000c2b00000, 0x00000000eab00000)
  object space 44032K, 2% used [0x00000000c0000000,0x00000000c0148590,0x00000000c2b00000)
 Metaspace       used 5993K, capacity 6960K, committed 7040K, reserved 1056768K
  class space    used 590K, capacity 616K, committed 640K, reserved 1048576K
Event: 3.082 GC heap after
Heap after GC invocations=2 (full 0):
 PSYoungGen      total 18944K, used 2554K [0x00000000eab00000, 0x00000000ec000000, 0x0000000100000000)
  eden space 16384K, 0% used [0x00000000eab00000,0x00000000eab00000,0x00000000ebb00000)
  from space 2560K, 99% used [0x00000000ebd80000,0x00000000ebffeaa8,0x00000000ec000000)
  to   space 2560K, 0% used [0x00000000ebb00000,0x00000000ebb00000,0x00000000ebd80000)
 ParOldGen       total 44032K, used 3344K [0x00000000c0000000, 0x00000000c2b00000, 0x00000000eab00000)
  object space 44032K, 7% used [0x00000000c0000000,0x00000000c0344040,0x00000000c2b00000)
 Metaspace       used 5993K, capacity 6960K, committed 7040K, reserved 1056768K
  class space    used 590K, capacity 616K, committed 640K, reserved 1048576K
}
Event: 4.425 GC heap before
{Heap before GC invocations=3 (full 0):
 PSYoungGen      total 18944K, used 18938K [0x00000000eab00000, 0x00000000ec000000, 0x0000000100000000)
  eden space 16384K, 100% used [0x00000000eab00000,0x00000000ebb00000,0x00000000ebb00000)
  from space 2560K, 99% used [0x00000000ebd80000,0x00000000ebffeaa8,0x00000000ec000000)
  to   space 2560K, 0% used [0x00000000ebb00000,0x00000000ebb00000,0x00000000ebd80000)
 ParOldGen       total 44032K, used 3344K [0x00000000c0000000, 0x00000000c2b00000, 0x00000000eab00000)
  object space 44032K, 7% used [0x00000000c0000000,0x00000000c0344040,0x00000000c2b00000)
 Metaspace       used 6079K, capacity 7024K, committed 7296K, reserved 1056768K
  class space    used 590K, capacity 616K, committed 640K, reserved 1048576K
Event: 4.729 GC heap after
Heap after GC invocations=3 (full 0):
 PSYoungGen      total 18944K, used 2558K [0x00000000eab00000, 0x00000000ed000000, 0x0000000100000000)
  eden space 16384K, 0% used [0x00000000eab00000,0x00000000eab00000,0x00000000ebb00000)
  from space 2560K, 99% used [0x00000000ebb00000,0x00000000ebd7f888,0x00000000ebd80000)
  to   space 2560K, 0% used [0x00000000ecd80000,0x00000000ecd80000,0x00000000ed000000)
 ParOldGen       total 44032K, used 6071K [0x00000000c0000000, 0x00000000c2b00000, 0x00000000eab00000)
  object space 44032K, 13% used [0x00000000c0000000,0x00000000c05edc90,0x00000000c2b00000)
 Metaspace       used 6079K, capacity 7024K, committed 7296K, reserved 1056768K
  class space    used 590K, capacity 616K, committed 640K, reserved 1048576K
}
Event: 5.870 GC heap before
{Heap before GC invocations=4 (full 0):
 PSYoungGen      total 18944K, used 18942K [0x00000000eab00000, 0x00000000ed000000, 0x0000000100000000)
  eden space 16384K, 100% used [0x00000000eab00000,0x00000000ebb00000,0x00000000ebb00000)
  from space 2560K, 99% used [0x00000000ebb00000,0x00000000ebd7f888,0x00000000ebd80000)
  to   space 2560K, 0% used [0x00000000ecd80000,0x00000000ecd80000,0x00000000ed000000)
 ParOldGen       total 44032K, used 6071K [0x00000000c0000000, 0x00000000c2b00000, 0x00000000eab00000)
  object space 44032K, 13% used [0x00000000c0000000,0x00000000c05edc90,0x00000000c2b00000)
 Metaspace       used 6141K, capacity 7088K, committed 7296K, reserved 1056768K
  class space    used 592K, capacity 616K, committed 640K, reserved 1048576K
Event: 6.128 GC heap after
Heap after GC invocations=4 (full 0):
 PSYoungGen      total 35328K, used 2558K [0x00000000eab00000, 0x00000000ed000000, 0x0000000100000000)
  eden space 32768K, 0% used [0x00000000eab00000,0x00000000eab00000,0x00000000ecb00000)
  from space 2560K, 99% used [0x00000000ecd80000,0x00000000ecfff868,0x00000000ed000000)
  to   space 2560K, 0% used [0x00000000ecb00000,0x00000000ecb00000,0x00000000ecd80000)
 ParOldGen       total 44032K, used 8577K [0x00000000c0000000, 0x00000000c2b00000, 0x00000000eab00000)
  object space 44032K, 19% used [0x00000000c0000000,0x00000000c0860458,0x00000000c2b00000)
 Metaspace       used 6141K, capacity 7088K, committed 7296K, reserved 1056768K
  class space    used 592K, capacity 616K, committed 640K, reserved 1048576K
}
Event: 7.596 GC heap before
{Heap before GC invocations=5 (full 0):
 PSYoungGen      total 35328K, used 35326K [0x00000000eab00000, 0x00000000ed000000, 0x0000000100000000)
  eden space 32768K, 100% used [0x00000000eab00000,0x00000000ecb00000,0x00000000ecb00000)
  from space 2560K, 99% used [0x00000000ecd80000,0x00000000ecfff868,0x00000000ed000000)
  to   space 2560K, 0% used [0x00000000ecb00000,0x00000000ecb00000,0x00000000ecd80000)
 ParOldGen       total 44032K, used 8577K [0x00000000c0000000, 0x00000000c2b00000, 0x00000000eab00000)
  object space 44032K, 19% used [0x00000000c0000000,0x00000000c0860458,0x00000000c2b00000)
 Metaspace       used 6201K, capacity 7088K, committed 7296K, reserved 1056768K
  class space    used 592K, capacity 616K, committed 640K, reserved 1048576K
Event: 8.096 GC heap after
Heap after GC invocations=5 (full 0):
 PSYoungGen      total 35328K, used 2536K [0x00000000eab00000, 0x00000000ed000000, 0x0000000100000000)
  eden space 32768K, 0% used [0x00000000eab00000,0x00000000eab00000,0x00000000ecb00000)
  from space 2560K, 99% used [0x00000000ecb00000,0x00000000ecd7a060,0x00000000ecd80000)
  to   space 2560K, 0% used [0x00000000ecd80000,0x00000000ecd80000,0x00000000ed000000)
 ParOldGen       total 44032K, used 13657K [0x00000000c0000000, 0x00000000c2b00000, 0x00000000eab00000)
  object space 44032K, 31% used [0x00000000c0000000,0x00000000c0d56630,0x00000000c2b00000)
 Metaspace       used 6201K, capacity 7088K, committed 7296K, reserved 1056768K
  class space    used 592K, capacity 616K, committed 640K, reserved 1048576K
}

Deoptimization events (10 events):
Event: 5.814 Thread 0x00000000165a1000 Uncommon trap: reason=class_check action=maybe_recompile pc=0x00000000026673b4 method=java.util.HashMap.putVal(ILjava/lang/Object;Ljava/lang/Object;ZZ)Ljava/lang/Object; @ 203
Event: 6.166 Thread 0x00000000165a2000 Uncommon trap: reason=bimorphic action=maybe_recompile pc=0x000000000282e438 method=com.android.dx.ssa.LiteralOpUpgrader.tryReplacingWithConstant(Lcom/android/dx/ssa/NormalSsaInsn;)Z @ 52
Event: 6.166 Thread 0x00000000165a2000 Uncommon trap: reason=bimorphic action=maybe_recompile pc=0x000000000282e438 method=com.android.dx.ssa.LiteralOpUpgrader.tryReplacingWithConstant(Lcom/android/dx/ssa/NormalSsaInsn;)Z @ 52
Event: 6.169 Thread 0x00000000165a2000 Uncommon trap: reason=bimorphic action=maybe_recompile pc=0x000000000282e438 method=com.android.dx.ssa.LiteralOpUpgrader.tryReplacingWithConstant(Lcom/android/dx/ssa/NormalSsaInsn;)Z @ 52
Event: 6.170 Thread 0x00000000020e0800 Uncommon trap: reason=unloaded action=reinterpret pc=0x000000000279d16c method=com.android.dx.cf.cst.ConstantPoolParser.parse0(ILjava/util/BitSet;)Lcom/android/dx/rop/cst/Constant; @ 198
Event: 6.972 Thread 0x00000000020e0800 Uncommon trap: reason=bimorphic action=maybe_recompile pc=0x000000000281ea14 method=com.android.dx.cf.code.BytecodeArray.parseInstruction(ILcom/android/dx/cf/code/BytecodeArray$Visitor;)I @ 939
Event: 6.972 Thread 0x00000000020e0800 Uncommon trap: reason=bimorphic action=maybe_recompile pc=0x000000000281ea14 method=com.android.dx.cf.code.BytecodeArray.parseInstruction(ILcom/android/dx/cf/code/BytecodeArray$Visitor;)I @ 939
Event: 7.042 Thread 0x0000000016556000 Uncommon trap: reason=bimorphic action=maybe_recompile pc=0x000000000282e438 method=com.android.dx.ssa.LiteralOpUpgrader.tryReplacingWithConstant(Lcom/android/dx/ssa/NormalSsaInsn;)Z @ 52
Event: 8.548 Thread 0x0000000016561000 Uncommon trap: reason=bimorphic action=maybe_recompile pc=0x000000000285f338 method=com.android.dx.ssa.SCCP.simulatePhi(Lcom/android/dx/ssa/PhiInsn;)V @ 124
Event: 8.549 Thread 0x0000000016561000 Uncommon trap: reason=bimorphic action=maybe_recompile pc=0x000000000285f338 method=com.android.dx.ssa.SCCP.simulatePhi(Lcom/android/dx/ssa/PhiInsn;)V @ 124

Internal exceptions (10 events):
Event: 1.941 Thread 0x0000000016556000 Exception <a 'java/security/PrivilegedActionException'> (0x00000000eadd1d98) thrown at [D:\re\workspace\8-2-build-windows-amd64-cygwin\jdk8u25\1677\hotspot\src\share\vm\prims\jvm.cpp, line 1312]
Event: 1.941 Thread 0x0000000016556000 Exception <a 'java/security/PrivilegedActionException'> (0x00000000eadd75d0) thrown at [D:\re\workspace\8-2-build-windows-amd64-cygwin\jdk8u25\1677\hotspot\src\share\vm\prims\jvm.cpp, line 1312]
Event: 1.998 Thread 0x0000000016556000 Exception <a 'java/security/PrivilegedActionException'> (0x00000000eae75ba8) thrown at [D:\re\workspace\8-2-build-windows-amd64-cygwin\jdk8u25\1677\hotspot\src\share\vm\prims\jvm.cpp, line 1312]
Event: 2.315 Thread 0x0000000016561000 Exception <a 'java/security/PrivilegedActionException'> (0x00000000eaf546d0) thrown at [D:\re\workspace\8-2-build-windows-amd64-cygwin\jdk8u25\1677\hotspot\src\share\vm\prims\jvm.cpp, line 1312]
Event: 2.379 Thread 0x0000000016561000 Exception <a 'java/security/PrivilegedActionException'> (0x00000000eb167a58) thrown at [D:\re\workspace\8-2-build-windows-amd64-cygwin\jdk8u25\1677\hotspot\src\share\vm\prims\jvm.cpp, line 1312]
Event: 2.389 Thread 0x00000000020e0800 Exception <a 'java/security/PrivilegedActionException'> (0x00000000eb1aa6b0) thrown at [D:\re\workspace\8-2-build-windows-amd64-cygwin\jdk8u25\1677\hotspot\src\share\vm\prims\jvm.cpp, line 1312]
Event: 3.125 Thread 0x00000000165a2000 Implicit null exception at 0x0000000002534d3a to 0x0000000002536e51
Event: 3.160 Thread 0x0000000016556000 Implicit null exception at 0x00000000025795a2 to 0x0000000002579692
Event: 4.782 Thread 0x00000000165a1000 Exception <a 'java/security/PrivilegedActionException'> (0x00000000eae821d8) thrown at [D:\re\workspace\8-2-build-windows-amd64-cygwin\jdk8u25\1677\hotspot\src\share\vm\prims\jvm.cpp, line 1312]
Event: 8.590 Thread 0x00000000020e0800 Exception <a 'java/security/PrivilegedActionException'> (0x00000000eb78f9b0) thrown at [D:\re\workspace\8-2-build-windows-amd64-cygwin\jdk8u25\1677\hotspot\src\share\vm\prims\jvm.cpp, line 1312]

Events (10 events):
Event: 8.548 Thread 0x0000000016561000 Uncommon trap: trap_request=0xffffffc6 fr.pc=0x000000000285f338
Event: 8.548 Thread 0x0000000016561000 DEOPT PACKING pc=0x000000000285f338 sp=0x0000000016c0ed60
Event: 8.549 Thread 0x0000000016561000 DEOPT UNPACKING pc=0x000000000222556a sp=0x0000000016c0ecd8 mode 2
Event: 8.549 Thread 0x0000000016561000 Uncommon trap: trap_request=0xffffffc6 fr.pc=0x000000000285f338
Event: 8.549 Thread 0x0000000016561000 DEOPT PACKING pc=0x000000000285f338 sp=0x0000000016c0ed60
Event: 8.549 Thread 0x0000000016561000 DEOPT UNPACKING pc=0x000000000222556a sp=0x0000000016c0ecd8 mode 2
Event: 8.588 Thread 0x00000000020e0800 DEOPT PACKING pc=0x00000000028a9ec1 sp=0x000000000202eb50
Event: 8.588 Thread 0x00000000020e0800 DEOPT UNPACKING pc=0x00000000022275bf sp=0x000000000202e960 mode 0
Event: 8.590 loading class com/android/dx/cf/attrib/AttDeprecated
Event: 8.590 loading class com/android/dx/cf/attrib/AttDeprecated done


Dynamic libraries:
0x00007ff6ef650000 - 0x00007ff6ef684000 	C:\Program Files\Java\jdk1.8.0_25\bin\java.exe
0x00007ff9d56d0000 - 0x00007ff9d5891000 	C:\WINDOWS\SYSTEM32\ntdll.dll
0x00007ff9d5470000 - 0x00007ff9d551d000 	C:\WINDOWS\system32\KERNEL32.DLL
0x00007ff9d2210000 - 0x00007ff9d23f8000 	C:\WINDOWS\system32\KERNELBASE.dll
0x00007ff9d00d0000 - 0x00007ff9d0149000 	C:\WINDOWS\system32\apphelp.dll
0x00007ff9d5590000 - 0x00007ff9d5637000 	C:\WINDOWS\system32\ADVAPI32.dll
0x00007ff9d50a0000 - 0x00007ff9d513d000 	C:\WINDOWS\system32\msvcrt.dll
0x00007ff9d5660000 - 0x00007ff9d56bb000 	C:\WINDOWS\system32\sechost.dll
0x00007ff9d4cc0000 - 0x00007ff9d4ddc000 	C:\WINDOWS\system32\RPCRT4.dll
0x00007ff9d4de0000 - 0x00007ff9d4f36000 	C:\WINDOWS\system32\USER32.dll
0x00007ff9d41a0000 - 0x00007ff9d4326000 	C:\WINDOWS\system32\GDI32.dll
0x00007ff9c8ec0000 - 0x00007ff9c9134000 	C:\WINDOWS\WinSxS\amd64_microsoft.windows.common-controls_6595b64144ccf1df_6.0.10586.0_none_8c15ae12515e1c22\COMCTL32.dll
0x00007ff9d4610000 - 0x00007ff9d488d000 	C:\WINDOWS\system32\combase.dll
0x00007ff9d20e0000 - 0x00007ff9d214a000 	C:\WINDOWS\system32\bcryptPrimitives.dll
0x00007ff9d2b40000 - 0x00007ff9d2b7b000 	C:\WINDOWS\system32\IMM32.DLL
0x000000006f2d0000 - 0x000000006f3a2000 	C:\Program Files\Java\jdk1.8.0_25\jre\bin\msvcr100.dll
0x000000006e1c0000 - 0x000000006ea1a000 	C:\Program Files\Java\jdk1.8.0_25\jre\bin\server\jvm.dll
0x00007ff9d4390000 - 0x00007ff9d4398000 	C:\WINDOWS\system32\PSAPI.DLL
0x00007ff9c8e00000 - 0x00007ff9c8e09000 	C:\WINDOWS\SYSTEM32\WSOCK32.dll
0x00007ff9d5520000 - 0x00007ff9d558b000 	C:\WINDOWS\system32\WS2_32.dll
0x00007ff9d0410000 - 0x00007ff9d0433000 	C:\WINDOWS\SYSTEM32\WINMM.dll
0x00007ff9d03b0000 - 0x00007ff9d03dc000 	C:\WINDOWS\SYSTEM32\WINMMBASE.dll
0x00007ff9d2090000 - 0x00007ff9d20d3000 	C:\WINDOWS\system32\cfgmgr32.dll
0x000000006f2c0000 - 0x000000006f2cf000 	C:\Program Files\Java\jdk1.8.0_25\jre\bin\verify.dll
0x000000006f290000 - 0x000000006f2b8000 	C:\Program Files\Java\jdk1.8.0_25\jre\bin\java.dll
0x000000006f270000 - 0x000000006f286000 	C:\Program Files\Java\jdk1.8.0_25\jre\bin\zip.dll
0x00007ff9d2b80000 - 0x00007ff9d40dc000 	C:\WINDOWS\system32\SHELL32.dll
0x00007ff9d2460000 - 0x00007ff9d2aa5000 	C:\WINDOWS\system32\windows.storage.dll
0x00007ff9d40e0000 - 0x00007ff9d4132000 	C:\WINDOWS\system32\shlwapi.dll
0x00007ff9d1d70000 - 0x00007ff9d1d7f000 	C:\WINDOWS\system32\kernel.appcore.dll
0x00007ff9d2150000 - 0x00007ff9d2205000 	C:\WINDOWS\system32\shcore.dll
0x00007ff9d1d20000 - 0x00007ff9d1d6b000 	C:\WINDOWS\system32\powrprof.dll
0x00007ff9d1d00000 - 0x00007ff9d1d14000 	C:\WINDOWS\system32\profapi.dll
0x00007ff9ccf50000 - 0x00007ff9cd0dc000 	C:\WINDOWS\SYSTEM32\dbghelp.dll

VM Arguments:
jvm_args: -Djava.awt.headless=true -Xmx1024M -Dfile.encoding=windows-1252 -Duser.country=FR -Duser.language=fr -Duser.variant 
java_command: com.android.dx.command.Main --dex --num-threads=4 --output C:\Users\benoit_r\AndroidStudioProjects\TechNotes\app\build\intermediates\pre-dexed\debug\com.android.support-design-23.2.1_4282a8fe54c980942887fc7b23041a35c4a9abb9.jar C:\Users\benoit_r\AndroidStudioProjects\TechNotes\app\build\intermediates\exploded-aar\com.android.support\design\23.2.1\jars\classes.jar
java_class_path (initial): C:\Users\benoit_r\AppData\Local\Android\sdk\build-tools\23.0.3\lib\dx.jar
Launcher Type: SUN_STANDARD

Environment Variables:
PATH=C:\ProgramData\Oracle\Java\javapath;"C:\Program Files (x86)\Java\jre1.8.0_71\bin";C:\Program Files (x86)\Windows Resource Kits\Tools\;C:\WINDOWS\system32;C:\WINDOWS;C:\WINDOWS\System32\Wbem;C:\WINDOWS\System32\WindowsPowerShell\v1.0\;C:\Users\kevin_d\Documents\Cours Licence\JAVA EE\play1-1.3.0;C:\Program Files (x86)\Universal Extractor;C:\Program Files (x86)\Universal Extractor\bin;C:\Users\kevin_d\Downloads\Fusion;C:\Users\benoit_r\.dnx\bin;C:\Program Files\Microsoft DNX\Dnvm\;C:\Program Files (x86)\Microsoft ASP.NET\ASP.NET Web Pages\v1.0\;C:\Program Files\Microsoft SQL Server\110\Tools\Binn\;C:\Program Files\Microsoft\Web Platform Installer\
USERNAME=benoit_r
OS=Windows_NT
PROCESSOR_IDENTIFIER=Intel64 Family 6 Model 58 Stepping 9, GenuineIntel



---------------  S Y S T E M  ---------------

OS: Windows 8.1 , 64 bit Build 9600 

CPU:total 4 (2 cores per cpu, 2 threads per core) family 6 model 58 stepping 9, cmov, cx8, fxsr, mmx, sse, sse2, sse3, ssse3, sse4.1, sse4.2, popcnt, avx, aes, clmul, erms, ht, tsc, tscinvbit, tscinv

Memory: 4k page, physical 4075224k(494656k free), swap 5593348k(41492k free)

vm_info: Java HotSpot(TM) 64-Bit Server VM (25.25-b02) for windows-amd64 JRE (1.8.0_25-b18), built on Oct  7 2014 14:25:37 by "java_re" with MS VC++ 10.0 (VS2010)

time: Wed Apr 27 11:13:19 2016
elapsed time: 10 seconds (0d 0h 0m 10s)

