#
# There is insufficient memory for the Java Runtime Environment to continue.
# Native memory allocation (malloc) failed to allocate 2334896 bytes for Chunk::new
# Possible reasons:
#   The system is out of physical RAM or swap space
#   In 32 bit mode, the process size limit was hit
# Possible solutions:
#   Reduce memory load on the system
#   Increase physical memory or swap space
#   Check if swap backing store is full
#   Use 64 bit Java on a 64 bit OS
#   Decrease Java heap size (-Xmx/-Xms)
#   Decrease number of Java threads
#   Decrease Java thread stack sizes (-Xss)
#   Set larger code cache with -XX:ReservedCodeCacheSize=
# This output file may be truncated or incomplete.
#
#  Out of Memory Error (allocation.cpp:390), pid=5288, tid=10068
#
# JRE version: Java(TM) SE Runtime Environment (8.0_25-b18) (build 1.8.0_25-b18)
# Java VM: Java HotSpot(TM) 64-Bit Server VM (25.25-b02 mixed mode windows-amd64 compressed oops)
# Failed to write core dump. Minidumps are not enabled by default on client versions of Windows
#

---------------  T H R E A D  ---------------

Current thread (0x00000000149ad000):  JavaThread "C2 CompilerThread0" daemon [_thread_in_native, id=10068, stack(0x0000000015f10000,0x0000000016010000)]

Stack: [0x0000000015f10000,0x0000000016010000]
Native frames: (J=compiled Java code, j=interpreted, Vv=VM code, C=native code)
V  [jvm.dll+0x31667a]
V  [jvm.dll+0x267073]
V  [jvm.dll+0x267cb3]
V  [jvm.dll+0x25f5b5]
V  [jvm.dll+0xbf165]
V  [jvm.dll+0xbf60c]
V  [jvm.dll+0x45d672]
V  [jvm.dll+0x49e8ef]
V  [jvm.dll+0x452b41]
V  [jvm.dll+0x453864]
V  [jvm.dll+0x437372]
V  [jvm.dll+0x98a02]
V  [jvm.dll+0x991f3]
V  [jvm.dll+0x22bde4]
V  [jvm.dll+0x2852fa]
C  [msvcr100.dll+0x21d9f]
C  [msvcr100.dll+0x21e3b]
C  [KERNEL32.DLL+0x18102]
C  [ntdll.dll+0x5c5b4]


Current CompileTask:
C2:   4692 1957   !   4       com.android.dx.cf.code.BytecodeArray::parseInstruction (2764 bytes)


---------------  P R O C E S S  ---------------

Java Threads: ( => current thread )
  0x0000000016e16000 JavaThread "pool-2-thread-4" [_thread_in_Java, id=8416, stack(0x00000000183e0000,0x00000000184e0000)]
  0x0000000016e17800 JavaThread "pool-2-thread-3" [_thread_in_Java, id=9092, stack(0x00000000182e0000,0x00000000183e0000)]
  0x0000000016e1a800 JavaThread "pool-2-thread-2" [_thread_in_Java, id=8804, stack(0x00000000181e0000,0x00000000182e0000)]
  0x0000000016e19000 JavaThread "pool-3-thread-1" [_thread_blocked, id=7468, stack(0x00000000180e0000,0x00000000181e0000)]
  0x0000000016c2b800 JavaThread "pool-2-thread-1" [_thread_in_Java, id=8424, stack(0x0000000017fe0000,0x00000000180e0000)]
  0x0000000014a0d800 JavaThread "Service Thread" daemon [_thread_blocked, id=3200, stack(0x0000000016610000,0x0000000016710000)]
  0x00000000149b6000 JavaThread "C1 CompilerThread2" daemon [_thread_blocked, id=5696, stack(0x0000000016110000,0x0000000016210000)]
  0x00000000149af000 JavaThread "C2 CompilerThread1" daemon [_thread_in_native, id=924, stack(0x0000000016010000,0x0000000016110000)]
=>0x00000000149ad000 JavaThread "C2 CompilerThread0" daemon [_thread_in_native, id=10068, stack(0x0000000015f10000,0x0000000016010000)]
  0x00000000149aa000 JavaThread "Attach Listener" daemon [_thread_blocked, id=4752, stack(0x0000000015e10000,0x0000000015f10000)]
  0x00000000149a9000 JavaThread "Signal Dispatcher" daemon [_thread_blocked, id=8896, stack(0x0000000015d10000,0x0000000015e10000)]
  0x00000000022d5000 JavaThread "Finalizer" daemon [_thread_blocked, id=1020, stack(0x0000000015c10000,0x0000000015d10000)]
  0x00000000022cc000 JavaThread "Reference Handler" daemon [_thread_blocked, id=2352, stack(0x0000000015b10000,0x0000000015c10000)]
  0x00000000021e0800 JavaThread "main" [_thread_in_vm, id=6596, stack(0x00000000020e0000,0x00000000021e0000)]

Other Threads:
  0x0000000014977000 VMThread [stack: 0x0000000015a10000,0x0000000015b10000] [id=1220]
  0x0000000016242000 WatcherThread [stack: 0x0000000016710000,0x0000000016810000] [id=5180]

VM state:not at safepoint (normal execution)

VM Mutex/Monitor currently owned by a thread: None

Heap:
 PSYoungGen      total 145920K, used 120596K [0x00000000eab00000, 0x00000000fdc00000, 0x0000000100000000)
  eden space 129024K, 91% used [0x00000000eab00000,0x00000000f1dca098,0x00000000f2900000)
  from space 16896K, 18% used [0x00000000f2900000,0x00000000f2bfb2e8,0x00000000f3980000)
  to   space 27136K, 0% used [0x00000000fc180000,0x00000000fc180000,0x00000000fdc00000)
 ParOldGen       total 44032K, used 43856K [0x00000000c0000000, 0x00000000c2b00000, 0x00000000eab00000)
  object space 44032K, 99% used [0x00000000c0000000,0x00000000c2ad4168,0x00000000c2b00000)
 Metaspace       used 6489K, capacity 7320K, committed 7680K, reserved 1056768K
  class space    used 613K, capacity 656K, committed 768K, reserved 1048576K

Card table byte_map: [0x00000000116a0000,0x00000000118b0000] byte_map_base: 0x00000000110a0000

Marking Bits: (ParMarkBitMap*) 0x000000006e99d490
 Begin Bits: [0x0000000011e10000, 0x0000000012e10000)
 End Bits:   [0x0000000012e10000, 0x0000000013e10000)

Polling page: 0x00000000001f0000

CodeCache: size=245760Kb used=7909Kb max_used=7909Kb free=237850Kb
 bounds [0x00000000022e0000, 0x0000000002aa0000, 0x00000000112e0000]
 total_blobs=2245 nmethods=1980 adapters=178
 compilation: enabled

Compilation events (10 events):
Event: 3.724 Thread 0x00000000149b6000 2000       2       com.android.dx.rop.code.Rops::opConv (231 bytes)
Event: 3.726 Thread 0x00000000149b6000 nmethod 2000 0x0000000002a65bd0 code [0x0000000002a65e40, 0x0000000002a66918]
Event: 4.214 Thread 0x00000000149b6000 2001       2       java.util.zip.ZipFile$ZipFileInputStream::finalize (5 bytes)
Event: 4.214 Thread 0x00000000149b6000 nmethod 2001 0x0000000002a54450 code [0x0000000002a545c0, 0x0000000002a54728]
Event: 4.214 Thread 0x00000000149b6000 2002       2       java.util.zip.ZipFile$ZipFileInflaterInputStream::finalize (5 bytes)
Event: 4.215 Thread 0x00000000149b6000 nmethod 2002 0x0000000002a540d0 code [0x0000000002a54240, 0x0000000002a543a8]
Event: 4.219 Thread 0x00000000149b6000 2003       2       com.android.dx.dex.code.FixedSizeInsn::<init> (8 bytes)
Event: 4.219 Thread 0x00000000149b6000 nmethod 2003 0x0000000002a53d50 code [0x0000000002a53ec0, 0x0000000002a54028]
Event: 4.219 Thread 0x00000000149b6000 2004       2       com.android.dx.rop.code.FillArrayDataInsn::accept (8 bytes)
Event: 4.219 Thread 0x00000000149b6000 nmethod 2004 0x0000000002a539d0 code [0x0000000002a53b40, 0x0000000002a53cc8]

GC Heap History (10 events):
Event: 1.702 GC heap before
{Heap before GC invocations=4 (full 0):
 PSYoungGen      total 35328K, used 35301K [0x00000000eab00000, 0x00000000ef000000, 0x0000000100000000)
  eden space 32768K, 100% used [0x00000000eab00000,0x00000000ecb00000,0x00000000ecb00000)
  from space 2560K, 98% used [0x00000000ecb00000,0x00000000ecd79580,0x00000000ecd80000)
  to   space 2560K, 0% used [0x00000000eed80000,0x00000000eed80000,0x00000000ef000000)
 ParOldGen       total 44032K, used 4600K [0x00000000c0000000, 0x00000000c2b00000, 0x00000000eab00000)
  object space 44032K, 10% used [0x00000000c0000000,0x00000000c047e2d8,0x00000000c2b00000)
 Metaspace       used 6195K, capacity 7088K, committed 7296K, reserved 1056768K
  class space    used 592K, capacity 616K, committed 640K, reserved 1048576K
Event: 1.723 GC heap after
Heap after GC invocations=4 (full 0):
 PSYoungGen      total 68096K, used 2535K [0x00000000eab00000, 0x00000000ef000000, 0x0000000100000000)
  eden space 65536K, 0% used [0x00000000eab00000,0x00000000eab00000,0x00000000eeb00000)
  from space 2560K, 99% used [0x00000000eed80000,0x00000000eeff9d00,0x00000000ef000000)
  to   space 2560K, 0% used [0x00000000eeb00000,0x00000000eeb00000,0x00000000eed80000)
 ParOldGen       total 44032K, used 9560K [0x00000000c0000000, 0x00000000c2b00000, 0x00000000eab00000)
  object space 44032K, 21% used [0x00000000c0000000,0x00000000c0956140,0x00000000c2b00000)
 Metaspace       used 6195K, capacity 7088K, committed 7296K, reserved 1056768K
  class space    used 592K, capacity 616K, committed 640K, reserved 1048576K
}
Event: 2.269 GC heap before
{Heap before GC invocations=5 (full 0):
 PSYoungGen      total 68096K, used 68071K [0x00000000eab00000, 0x00000000ef000000, 0x0000000100000000)
  eden space 65536K, 100% used [0x00000000eab00000,0x00000000eeb00000,0x00000000eeb00000)
  from space 2560K, 99% used [0x00000000eed80000,0x00000000eeff9d00,0x00000000ef000000)
  to   space 2560K, 0% used [0x00000000eeb00000,0x00000000eeb00000,0x00000000eed80000)
 ParOldGen       total 44032K, used 9560K [0x00000000c0000000, 0x00000000c2b00000, 0x00000000eab00000)
  object space 44032K, 21% used [0x00000000c0000000,0x00000000c0956140,0x00000000c2b00000)
 Metaspace       used 6279K, capacity 7152K, committed 7296K, reserved 1056768K
  class space    used 593K, capacity 616K, committed 640K, reserved 1048576K
Event: 2.297 GC heap after
Heap after GC invocations=5 (full 0):
 PSYoungGen      total 68096K, used 2558K [0x00000000eab00000, 0x00000000f4800000, 0x0000000100000000)
  eden space 65536K, 0% used [0x00000000eab00000,0x00000000eab00000,0x00000000eeb00000)
  from space 2560K, 99% used [0x00000000eeb00000,0x00000000eed7fbb0,0x00000000eed80000)
  to   space 14848K, 0% used [0x00000000f3980000,0x00000000f3980000,0x00000000f4800000)
 ParOldGen       total 44032K, used 19993K [0x00000000c0000000, 0x00000000c2b00000, 0x00000000eab00000)
  object space 44032K, 45% used [0x00000000c0000000,0x00000000c13865d8,0x00000000c2b00000)
 Metaspace       used 6279K, capacity 7152K, committed 7296K, reserved 1056768K
  class space    used 593K, capacity 616K, committed 640K, reserved 1048576K
}
Event: 2.692 GC heap before
{Heap before GC invocations=6 (full 0):
 PSYoungGen      total 68096K, used 68094K [0x00000000eab00000, 0x00000000f4800000, 0x0000000100000000)
  eden space 65536K, 100% used [0x00000000eab00000,0x00000000eeb00000,0x00000000eeb00000)
  from space 2560K, 99% used [0x00000000eeb00000,0x00000000eed7fbb0,0x00000000eed80000)
  to   space 14848K, 0% used [0x00000000f3980000,0x00000000f3980000,0x00000000f4800000)
 ParOldGen       total 44032K, used 19993K [0x00000000c0000000, 0x00000000c2b00000, 0x00000000eab00000)
  object space 44032K, 45% used [0x00000000c0000000,0x00000000c13865d8,0x00000000c2b00000)
 Metaspace       used 6303K, capacity 7152K, committed 7296K, reserved 1056768K
  class space    used 593K, capacity 616K, committed 640K, reserved 1048576K
Event: 2.723 GC heap after
Heap after GC invocations=6 (full 0):
 PSYoungGen      total 143872K, used 12175K [0x00000000eab00000, 0x00000000f4c00000, 0x0000000100000000)
  eden space 129024K, 0% used [0x00000000eab00000,0x00000000eab00000,0x00000000f2900000)
  from space 14848K, 81% used [0x00000000f3980000,0x00000000f4563c40,0x00000000f4800000)
  to   space 16896K, 0% used [0x00000000f2900000,0x00000000f2900000,0x00000000f3980000)
 ParOldGen       total 44032K, used 19993K [0x00000000c0000000, 0x00000000c2b00000, 0x00000000eab00000)
  object space 44032K, 45% used [0x00000000c0000000,0x00000000c13865d8,0x00000000c2b00000)
 Metaspace       used 6303K, capacity 7152K, committed 7296K, reserved 1056768K
  class space    used 593K, capacity 616K, committed 640K, reserved 1048576K
}
Event: 3.731 GC heap before
{Heap before GC invocations=7 (full 0):
 PSYoungGen      total 143872K, used 141199K [0x00000000eab00000, 0x00000000f4c00000, 0x0000000100000000)
  eden space 129024K, 100% used [0x00000000eab00000,0x00000000f2900000,0x00000000f2900000)
  from space 14848K, 81% used [0x00000000f3980000,0x00000000f4563c40,0x00000000f4800000)
  to   space 16896K, 0% used [0x00000000f2900000,0x00000000f2900000,0x00000000f3980000)
 ParOldGen       total 44032K, used 19993K [0x00000000c0000000, 0x00000000c2b00000, 0x00000000eab00000)
  object space 44032K, 45% used [0x00000000c0000000,0x00000000c13865d8,0x00000000c2b00000)
 Metaspace       used 6473K, capacity 7256K, committed 7424K, reserved 1056768K
  class space    used 613K, capacity 656K, committed 768K, reserved 1048576K
Event: 3.798 GC heap after
Heap after GC invocations=7 (full 0):
 PSYoungGen      total 145920K, used 16895K [0x00000000eab00000, 0x00000000fdc00000, 0x0000000100000000)
  eden space 129024K, 0% used [0x00000000eab00000,0x00000000eab00000,0x00000000f2900000)
  from space 16896K, 99% used [0x00000000f2900000,0x00000000f397ffc0,0x00000000f3980000)
  to   space 27136K, 0% used [0x00000000fc180000,0x00000000fc180000,0x00000000fdc00000)
 ParOldGen       total 44032K, used 33395K [0x00000000c0000000, 0x00000000c2b00000, 0x00000000eab00000)
  object space 44032K, 75% used [0x00000000c0000000,0x00000000c209cfc8,0x00000000c2b00000)
 Metaspace       used 6473K, capacity 7256K, committed 7424K, reserved 1056768K
  class space    used 613K, capacity 656K, committed 768K, reserved 1048576K
}
Event: 3.798 GC heap before
{Heap before GC invocations=8 (full 1):
 PSYoungGen      total 145920K, used 16895K [0x00000000eab00000, 0x00000000fdc00000, 0x0000000100000000)
  eden space 129024K, 0% used [0x00000000eab00000,0x00000000eab00000,0x00000000f2900000)
  from space 16896K, 99% used [0x00000000f2900000,0x00000000f397ffc0,0x00000000f3980000)
  to   space 27136K, 0% used [0x00000000fc180000,0x00000000fc180000,0x00000000fdc00000)
 ParOldGen       total 44032K, used 33395K [0x00000000c0000000, 0x00000000c2b00000, 0x00000000eab00000)
  object space 44032K, 75% used [0x00000000c0000000,0x00000000c209cfc8,0x00000000c2b00000)
 Metaspace       used 6473K, capacity 7256K, committed 7424K, reserved 1056768K
  class space    used 613K, capacity 656K, committed 768K, reserved 1048576K
Event: 4.214 GC heap after
Heap after GC invocations=8 (full 1):
 PSYoungGen      total 145920K, used 3052K [0x00000000eab00000, 0x00000000fdc00000, 0x0000000100000000)
  eden space 129024K, 0% used [0x00000000eab00000,0x00000000eab00000,0x00000000f2900000)
  from space 16896K, 18% used [0x00000000f2900000,0x00000000f2bfb2e8,0x00000000f3980000)
  to   space 27136K, 0% used [0x00000000fc180000,0x00000000fc180000,0x00000000fdc00000)
 ParOldGen       total 44032K, used 43856K [0x00000000c0000000, 0x00000000c2b00000, 0x00000000eab00000)
  object space 44032K, 99% used [0x00000000c0000000,0x00000000c2ad4168,0x00000000c2b00000)
 Metaspace       used 6473K, capacity 7256K, committed 7424K, reserved 1056768K
  class space    used 613K, capacity 656K, committed 768K, reserved 1048576K
}

Deoptimization events (10 events):
Event: 2.583 Thread 0x0000000016e1a800 Uncommon trap: reason=bimorphic action=maybe_recompile pc=0x00000000029b45f0 method=com.android.dx.rop.code.RegisterSpec.withSimpleType()Lcom/android/dx/rop/code/RegisterSpec; @ 21
Event: 2.583 Thread 0x0000000016e1a800 Uncommon trap: reason=bimorphic action=maybe_recompile pc=0x00000000029b45f0 method=com.android.dx.rop.code.RegisterSpec.withSimpleType()Lcom/android/dx/rop/code/RegisterSpec; @ 21
Event: 2.583 Thread 0x0000000016e1a800 Uncommon trap: reason=bimorphic action=maybe_recompile pc=0x00000000029b45f0 method=com.android.dx.rop.code.RegisterSpec.withSimpleType()Lcom/android/dx/rop/code/RegisterSpec; @ 21
Event: 2.818 Thread 0x0000000016e1a800 Uncommon trap: reason=unreached action=reinterpret pc=0x00000000029c49e4 method=com.android.dx.ssa.SCCP.simulateBranch(Lcom/android/dx/ssa/SsaInsn;)V @ 132
Event: 2.825 Thread 0x0000000016e1a800 Uncommon trap: reason=unreached action=reinterpret pc=0x00000000027d699c method=com.android.dx.ssa.SsaMethod.updateOneDefinition(Lcom/android/dx/ssa/SsaInsn;Lcom/android/dx/rop/code/RegisterSpec;)V @ 4
Event: 3.203 Thread 0x0000000016c2b800 Uncommon trap: reason=bimorphic action=maybe_recompile pc=0x0000000002a352b8 method=com.android.dx.cf.code.BytecodeArray.parseInstruction(ILcom/android/dx/cf/code/BytecodeArray$Visitor;)I @ 1161
Event: 3.204 Thread 0x0000000016c2b800 Uncommon trap: reason=bimorphic action=maybe_recompile pc=0x0000000002a35048 method=com.android.dx.cf.code.BytecodeArray.parseInstruction(ILcom/android/dx/cf/code/BytecodeArray$Visitor;)I @ 1035
Event: 3.204 Thread 0x0000000016c2b800 Uncommon trap: reason=bimorphic action=maybe_recompile pc=0x0000000002a352b8 method=com.android.dx.cf.code.BytecodeArray.parseInstruction(ILcom/android/dx/cf/code/BytecodeArray$Visitor;)I @ 1161
Event: 3.309 Thread 0x0000000016c2b800 Uncommon trap: reason=unreached action=reinterpret pc=0x00000000027021e8 method=java.util.HashMap.getNode(ILjava/lang/Object;)Ljava/util/HashMap$Node; @ 84
Event: 3.696 Thread 0x0000000016c2b800 Uncommon trap: reason=unreached action=reinterpret pc=0x000000000298464c method=java.util.HashMap.getNode(ILjava/lang/Object;)Ljava/util/HashMap$Node; @ 84

Internal exceptions (10 events):
Event: 0.872 Thread 0x00000000021e0800 Exception <a 'java/security/PrivilegedActionException'> (0x00000000ec0092a0) thrown at [D:\re\workspace\8-2-build-windows-amd64-cygwin\jdk8u25\1677\hotspot\src\share\vm\prims\jvm.cpp, line 1312]
Event: 1.102 Thread 0x0000000016e1a800 Exception <a 'java/security/PrivilegedActionException'> (0x00000000ec135e30) thrown at [D:\re\workspace\8-2-build-windows-amd64-cygwin\jdk8u25\1677\hotspot\src\share\vm\prims\jvm.cpp, line 1312]
Event: 1.305 Thread 0x00000000021e0800 Exception <a 'java/security/PrivilegedActionException'> (0x00000000eace9cd8) thrown at [D:\re\workspace\8-2-build-windows-amd64-cygwin\jdk8u25\1677\hotspot\src\share\vm\prims\jvm.cpp, line 1312]
Event: 1.648 Thread 0x00000000021e0800 Exception <a 'java/security/PrivilegedActionException'> (0x00000000ec446c78) thrown at [D:\re\workspace\8-2-build-windows-amd64-cygwin\jdk8u25\1677\hotspot\src\share\vm\prims\jvm.cpp, line 1312]
Event: 1.851 Thread 0x0000000016e16000 Implicit null exception at 0x0000000002882418 to 0x0000000002882585
Event: 2.236 Thread 0x00000000021e0800 Exception <a 'java/security/PrivilegedActionException'> (0x00000000ee644948) thrown at [D:\re\workspace\8-2-build-windows-amd64-cygwin\jdk8u25\1677\hotspot\src\share\vm\prims\jvm.cpp, line 1312]
Event: 2.824 Thread 0x0000000016e1a800 Exception <a 'java/security/PrivilegedActionException'> (0x00000000eba6b290) thrown at [D:\re\workspace\8-2-build-windows-amd64-cygwin\jdk8u25\1677\hotspot\src\share\vm\prims\jvm.cpp, line 1312]
Event: 3.304 Thread 0x0000000016c2b800 Exception <a 'java/lang/ArrayIndexOutOfBoundsException': 18> (0x00000000ef19dca0) thrown at [D:\re\workspace\8-2-build-windows-amd64-cygwin\jdk8u25\1677\hotspot\src\share\vm\interpreter\interpreterRuntime.cpp, line 366]
Event: 3.305 Thread 0x0000000016c2b800 Exception <a 'java/lang/ArrayIndexOutOfBoundsException': 145> (0x00000000ef19f738) thrown at [D:\re\workspace\8-2-build-windows-amd64-cygwin\jdk8u25\1677\hotspot\src\share\vm\interpreter\interpreterRuntime.cpp, line 366]
Event: 3.307 Thread 0x0000000016c2b800 Exception <a 'java/lang/ArrayIndexOutOfBoundsException'> (0x00000000ef1a0950) thrown at [D:\re\workspace\8-2-build-windows-amd64-cygwin\jdk8u25\1677\hotspot\src\share\vm\runtime\sharedRuntime.cpp, line 604]

Events (10 events):
Event: 3.308 loading class sun/reflect/generics/reflectiveObjects/LazyReflectiveObjectGenerator done
Event: 3.308 loading class sun/reflect/generics/reflectiveObjects/TypeVariableImpl done
Event: 3.309 Thread 0x0000000016c2b800 Uncommon trap: trap_request=0xffffffad fr.pc=0x00000000027021e8
Event: 3.309 Thread 0x0000000016c2b800 DEOPT PACKING pc=0x00000000027021e8 sp=0x00000000180de840
Event: 3.309 Thread 0x0000000016c2b800 DEOPT UNPACKING pc=0x000000000232556a sp=0x00000000180de710 mode 2
Event: 3.696 Thread 0x0000000016c2b800 Uncommon trap: trap_request=0xffffffad fr.pc=0x000000000298464c
Event: 3.696 Thread 0x0000000016c2b800 DEOPT PACKING pc=0x000000000298464c sp=0x00000000180de280
Event: 3.696 Thread 0x0000000016c2b800 DEOPT UNPACKING pc=0x000000000232556a sp=0x00000000180de190 mode 2
Event: 3.731 Executing VM operation: ParallelGCFailedAllocation
Event: 4.214 Executing VM operation: ParallelGCFailedAllocation done


Dynamic libraries:
0x00007ff6ef650000 - 0x00007ff6ef684000 	C:\Program Files\Java\jdk1.8.0_25\bin\java.exe
0x00007ff9d56d0000 - 0x00007ff9d5891000 	C:\WINDOWS\SYSTEM32\ntdll.dll
0x00007ff9d5470000 - 0x00007ff9d551d000 	C:\WINDOWS\system32\KERNEL32.DLL
0x00007ff9d2210000 - 0x00007ff9d23f8000 	C:\WINDOWS\system32\KERNELBASE.dll
0x00007ff9d00d0000 - 0x00007ff9d0149000 	C:\WINDOWS\system32\apphelp.dll
0x00007ff9d5590000 - 0x00007ff9d5637000 	C:\WINDOWS\system32\ADVAPI32.dll
0x00007ff9d50a0000 - 0x00007ff9d513d000 	C:\WINDOWS\system32\msvcrt.dll
0x00007ff9d5660000 - 0x00007ff9d56bb000 	C:\WINDOWS\system32\sechost.dll
0x00007ff9d4cc0000 - 0x00007ff9d4ddc000 	C:\WINDOWS\system32\RPCRT4.dll
0x00007ff9d4de0000 - 0x00007ff9d4f36000 	C:\WINDOWS\system32\USER32.dll
0x00007ff9d41a0000 - 0x00007ff9d4326000 	C:\WINDOWS\system32\GDI32.dll
0x00007ff9c8ec0000 - 0x00007ff9c9134000 	C:\WINDOWS\WinSxS\amd64_microsoft.windows.common-controls_6595b64144ccf1df_6.0.10586.0_none_8c15ae12515e1c22\COMCTL32.dll
0x00007ff9d4610000 - 0x00007ff9d488d000 	C:\WINDOWS\system32\combase.dll
0x00007ff9d20e0000 - 0x00007ff9d214a000 	C:\WINDOWS\system32\bcryptPrimitives.dll
0x00007ff9d2b40000 - 0x00007ff9d2b7b000 	C:\WINDOWS\system32\IMM32.DLL
0x000000006f2d0000 - 0x000000006f3a2000 	C:\Program Files\Java\jdk1.8.0_25\jre\bin\msvcr100.dll
0x000000006e1c0000 - 0x000000006ea1a000 	C:\Program Files\Java\jdk1.8.0_25\jre\bin\server\jvm.dll
0x00007ff9d4390000 - 0x00007ff9d4398000 	C:\WINDOWS\system32\PSAPI.DLL
0x00007ff9d0410000 - 0x00007ff9d0433000 	C:\WINDOWS\SYSTEM32\WINMM.dll
0x00007ff9c8e00000 - 0x00007ff9c8e09000 	C:\WINDOWS\SYSTEM32\WSOCK32.dll
0x00007ff9d5520000 - 0x00007ff9d558b000 	C:\WINDOWS\system32\WS2_32.dll
0x00007ff9d03b0000 - 0x00007ff9d03dc000 	C:\WINDOWS\SYSTEM32\WINMMBASE.dll
0x00007ff9d2090000 - 0x00007ff9d20d3000 	C:\WINDOWS\system32\cfgmgr32.dll
0x000000006f2c0000 - 0x000000006f2cf000 	C:\Program Files\Java\jdk1.8.0_25\jre\bin\verify.dll
0x000000006f290000 - 0x000000006f2b8000 	C:\Program Files\Java\jdk1.8.0_25\jre\bin\java.dll
0x000000006f270000 - 0x000000006f286000 	C:\Program Files\Java\jdk1.8.0_25\jre\bin\zip.dll
0x00007ff9d2b80000 - 0x00007ff9d40dc000 	C:\WINDOWS\system32\SHELL32.dll
0x00007ff9d2460000 - 0x00007ff9d2aa5000 	C:\WINDOWS\system32\windows.storage.dll
0x00007ff9d40e0000 - 0x00007ff9d4132000 	C:\WINDOWS\system32\shlwapi.dll
0x00007ff9d1d70000 - 0x00007ff9d1d7f000 	C:\WINDOWS\system32\kernel.appcore.dll
0x00007ff9d2150000 - 0x00007ff9d2205000 	C:\WINDOWS\system32\shcore.dll
0x00007ff9d1d20000 - 0x00007ff9d1d6b000 	C:\WINDOWS\system32\powrprof.dll
0x00007ff9d1d00000 - 0x00007ff9d1d14000 	C:\WINDOWS\system32\profapi.dll
0x00007ff9ccf50000 - 0x00007ff9cd0dc000 	C:\WINDOWS\SYSTEM32\dbghelp.dll

VM Arguments:
jvm_args: -Djava.awt.headless=true -Xmx1024M -Dfile.encoding=windows-1252 -Duser.country=FR -Duser.language=fr -Duser.variant 
java_command: com.android.dx.command.Main --dex --num-threads=4 --multi-dex --main-dex-list C:\Users\benoit_r\AndroidStudioProjects\TechNotes\app\build\intermediates\multi-dex\debug\maindexlist.txt --output C:\Users\benoit_r\AndroidStudioProjects\TechNotes\app\build\intermediates\transforms\dex\debug\folders\1000\1f\main C:\Users\benoit_r\AndroidStudioProjects\TechNotes\app\build\intermediates\transforms\jarMerging\debug\jars\1\1f\combined.jar
java_class_path (initial): C:\Users\benoit_r\AppData\Local\Android\sdk\build-tools\23.0.3\lib\dx.jar
Launcher Type: SUN_STANDARD

Environment Variables:
PATH=C:\ProgramData\Oracle\Java\javapath;"C:\Program Files (x86)\Java\jre1.8.0_71\bin";C:\Program Files (x86)\Windows Resource Kits\Tools\;C:\WINDOWS\system32;C:\WINDOWS;C:\WINDOWS\System32\Wbem;C:\WINDOWS\System32\WindowsPowerShell\v1.0\;C:\Users\kevin_d\Documents\Cours Licence\JAVA EE\play1-1.3.0;C:\Program Files (x86)\Universal Extractor;C:\Program Files (x86)\Universal Extractor\bin;C:\Users\kevin_d\Downloads\Fusion;C:\Users\benoit_r\.dnx\bin;C:\Program Files\Microsoft DNX\Dnvm\;C:\Program Files (x86)\Microsoft ASP.NET\ASP.NET Web Pages\v1.0\;C:\Program Files\Microsoft SQL Server\110\Tools\Binn\;C:\Program Files\Microsoft\Web Platform Installer\
USERNAME=benoit_r
OS=Windows_NT
PROCESSOR_IDENTIFIER=Intel64 Family 6 Model 58 Stepping 9, GenuineIntel



---------------  S Y S T E M  ---------------

OS: Windows 8.1 , 64 bit Build 9600 

CPU:total 4 (2 cores per cpu, 2 threads per core) family 6 model 58 stepping 9, cmov, cx8, fxsr, mmx, sse, sse2, sse3, ssse3, sse4.1, sse4.2, popcnt, avx, aes, clmul, erms, ht, tsc, tscinvbit, tscinv

Memory: 4k page, physical 4075224k(543408k free), swap 5691592k(3548k free)

vm_info: Java HotSpot(TM) 64-Bit Server VM (25.25-b02) for windows-amd64 JRE (1.8.0_25-b18), built on Oct  7 2014 14:25:37 by "java_re" with MS VC++ 10.0 (VS2010)

time: Wed Apr 27 11:32:23 2016
elapsed time: 4 seconds (0d 0h 0m 4s)

