#
# There is insufficient memory for the Java Runtime Environment to continue.
# Native memory allocation (malloc) failed to allocate 1338576 bytes for Chunk::new
# Possible reasons:
#   The system is out of physical RAM or swap space
#   In 32 bit mode, the process size limit was hit
# Possible solutions:
#   Reduce memory load on the system
#   Increase physical memory or swap space
#   Check if swap backing store is full
#   Use 64 bit Java on a 64 bit OS
#   Decrease Java heap size (-Xmx/-Xms)
#   Decrease number of Java threads
#   Decrease Java thread stack sizes (-Xss)
#   Set larger code cache with -XX:ReservedCodeCacheSize=
# This output file may be truncated or incomplete.
#
#  Out of Memory Error (allocation.cpp:390), pid=7652, tid=9376
#
# JRE version: Java(TM) SE Runtime Environment (8.0_25-b18) (build 1.8.0_25-b18)
# Java VM: Java HotSpot(TM) 64-Bit Server VM (25.25-b02 mixed mode windows-amd64 compressed oops)
# Failed to write core dump. Minidumps are not enabled by default on client versions of Windows
#

---------------  T H R E A D  ---------------

Current thread (0x0000000014aac800):  JavaThread "C2 CompilerThread0" daemon [_thread_in_native, id=9376, stack(0x0000000016010000,0x0000000016110000)]

Stack: [0x0000000016010000,0x0000000016110000]
Native frames: (J=compiled Java code, j=interpreted, Vv=VM code, C=native code)
V  [jvm.dll+0x31667a]
V  [jvm.dll+0x267073]
V  [jvm.dll+0x267cb3]
V  [jvm.dll+0x25f5b5]
V  [jvm.dll+0xbf165]
V  [jvm.dll+0xbf60c]
V  [jvm.dll+0x45d672]
V  [jvm.dll+0x49e8ef]
V  [jvm.dll+0x4524ef]
V  [jvm.dll+0x453864]
V  [jvm.dll+0x437372]
V  [jvm.dll+0x98a02]
V  [jvm.dll+0x991f3]
V  [jvm.dll+0x22bde4]
V  [jvm.dll+0x2852fa]
C  [msvcr100.dll+0x21d9f]
C  [msvcr100.dll+0x21e3b]
C  [KERNEL32.DLL+0x18102]
C  [ntdll.dll+0x5c5b4]


Current CompileTask:
C2:   4792 1008   !   4       com.android.dx.cf.code.Ropper::processBlock (1101 bytes)


---------------  P R O C E S S  ---------------

Java Threads: ( => current thread )
  0x00000000167c2000 JavaThread "pool-1-thread-4" [_thread_in_Java, id=4332, stack(0x0000000016d10000,0x0000000016e10000)]
  0x00000000167c0800 JavaThread "pool-1-thread-3" [_thread_in_Java, id=3628, stack(0x0000000016c10000,0x0000000016d10000)]
  0x000000001676b800 JavaThread "pool-1-thread-2" [_thread_in_vm, id=4496, stack(0x0000000016b10000,0x0000000016c10000)]
  0x0000000016752800 JavaThread "pool-2-thread-1" [_thread_blocked, id=4344, stack(0x0000000016a10000,0x0000000016b10000)]
  0x0000000016751800 JavaThread "pool-1-thread-1" [_thread_in_Java, id=10136, stack(0x0000000016910000,0x0000000016a10000)]
  0x0000000014b06800 JavaThread "Service Thread" daemon [_thread_blocked, id=7948, stack(0x0000000016310000,0x0000000016410000)]
  0x0000000014b03000 JavaThread "C1 CompilerThread2" daemon [_thread_in_native, id=1916, stack(0x0000000016210000,0x0000000016310000)]
  0x0000000014ab1000 JavaThread "C2 CompilerThread1" daemon [_thread_in_native, id=9656, stack(0x0000000016110000,0x0000000016210000)]
=>0x0000000014aac800 JavaThread "C2 CompilerThread0" daemon [_thread_in_native, id=9376, stack(0x0000000016010000,0x0000000016110000)]
  0x0000000014aaa800 JavaThread "Attach Listener" daemon [_thread_blocked, id=7364, stack(0x0000000015f10000,0x0000000016010000)]
  0x0000000014aa9000 JavaThread "Signal Dispatcher" daemon [_thread_blocked, id=3280, stack(0x0000000015e10000,0x0000000015f10000)]
  0x00000000023cf800 JavaThread "Finalizer" daemon [_thread_blocked, id=9620, stack(0x0000000015d10000,0x0000000015e10000)]
  0x0000000014a77800 JavaThread "Reference Handler" daemon [_thread_blocked, id=2376, stack(0x0000000015c10000,0x0000000015d10000)]
  0x00000000022e1000 JavaThread "main" [_thread_in_Java, id=304, stack(0x00000000020e0000,0x00000000021e0000)]

Other Threads:
  0x0000000014a77000 VMThread [stack: 0x0000000015b10000,0x0000000015c10000] [id=6220]
  0x0000000014b09800 WatcherThread [stack: 0x0000000016410000,0x0000000016510000] [id=1972]

VM state:not at safepoint (normal execution)

VM Mutex/Monitor currently owned by a thread: None

Heap:
 PSYoungGen      total 35328K, used 34235K [0x00000000eab00000, 0x00000000ed000000, 0x0000000100000000)
  eden space 32768K, 96% used [0x00000000eab00000,0x00000000ec9f4100,0x00000000ecb00000)
  from space 2560K, 99% used [0x00000000ecd80000,0x00000000ecffad40,0x00000000ed000000)
  to   space 2560K, 0% used [0x00000000ecb00000,0x00000000ecb00000,0x00000000ecd80000)
 ParOldGen       total 44032K, used 3745K [0x00000000c0000000, 0x00000000c2b00000, 0x00000000eab00000)
  object space 44032K, 8% used [0x00000000c0000000,0x00000000c03a8408,0x00000000c2b00000)
 Metaspace       used 5992K, capacity 6960K, committed 7040K, reserved 1056768K
  class space    used 592K, capacity 616K, committed 640K, reserved 1048576K

Card table byte_map: [0x00000000117a0000,0x00000000119b0000] byte_map_base: 0x00000000111a0000

Marking Bits: (ParMarkBitMap*) 0x000000006e99d490
 Begin Bits: [0x0000000011f10000, 0x0000000012f10000)
 End Bits:   [0x0000000012f10000, 0x0000000013f10000)

Polling page: 0x00000000001f0000

CodeCache: size=245760Kb used=4383Kb max_used=4383Kb free=241376Kb
 bounds [0x00000000023e0000, 0x0000000002830000, 0x00000000113e0000]
 total_blobs=1453 nmethods=1188 adapters=178
 compilation: enabled

Compilation events (10 events):
Event: 3.789 Thread 0x0000000014aac800 nmethod 1004 0x0000000002794b10 code [0x0000000002794c60, 0x0000000002795158]
Event: 3.888 Thread 0x0000000014b03000 1005       3       com.android.dx.cf.code.Simulator$SimVisitor::visitLocal (329 bytes)
Event: 3.893 Thread 0x0000000014b03000 nmethod 1005 0x0000000002795550 code [0x0000000002795980, 0x0000000002798598]
Event: 3.911 Thread 0x0000000014b03000 1006       3       com.android.dx.cf.code.RopperMachine::hasRet (13 bytes)
Event: 3.911 Thread 0x0000000014b03000 nmethod 1006 0x0000000002794790 code [0x00000000027948e0, 0x0000000002794a90]
Event: 3.911 Thread 0x0000000014b03000 1007       3       com.android.dx.cf.code.ByteBlockList::get (9 bytes)
Event: 3.911 Thread 0x0000000014aac800 1008   !   4       com.android.dx.cf.code.Ropper::processBlock (1101 bytes)
Event: 3.911 Thread 0x0000000014b03000 nmethod 1007 0x0000000002794290 code [0x0000000002794400, 0x00000000027946e8]
Event: 4.081 Thread 0x0000000014b03000 1009       3       com.android.dx.cf.code.OneLocalsArray::copy (5 bytes)
Event: 4.082 Thread 0x0000000014b03000 nmethod 1009 0x0000000002793810 code [0x00000000027939c0, 0x0000000002793fc8]

GC Heap History (4 events):
Event: 1.396 GC heap before
{Heap before GC invocations=1 (full 0):
 PSYoungGen      total 18944K, used 16384K [0x00000000eab00000, 0x00000000ec000000, 0x0000000100000000)
  eden space 16384K, 100% used [0x00000000eab00000,0x00000000ebb00000,0x00000000ebb00000)
  from space 2560K, 0% used [0x00000000ebd80000,0x00000000ebd80000,0x00000000ec000000)
  to   space 2560K, 0% used [0x00000000ebb00000,0x00000000ebb00000,0x00000000ebd80000)
 ParOldGen       total 44032K, used 0K [0x00000000c0000000, 0x00000000c2b00000, 0x00000000eab00000)
  object space 44032K, 0% used [0x00000000c0000000,0x00000000c0000000,0x00000000c2b00000)
 Metaspace       used 5689K, capacity 6704K, committed 6784K, reserved 1056768K
  class space    used 588K, capacity 616K, committed 640K, reserved 1048576K
Event: 1.584 GC heap after
Heap after GC invocations=1 (full 0):
 PSYoungGen      total 18944K, used 2555K [0x00000000eab00000, 0x00000000ed000000, 0x0000000100000000)
  eden space 16384K, 0% used [0x00000000eab00000,0x00000000eab00000,0x00000000ebb00000)
  from space 2560K, 99% used [0x00000000ebb00000,0x00000000ebd7edf0,0x00000000ebd80000)
  to   space 2560K, 0% used [0x00000000ecd80000,0x00000000ecd80000,0x00000000ed000000)
 ParOldGen       total 44032K, used 1388K [0x00000000c0000000, 0x00000000c2b00000, 0x00000000eab00000)
  object space 44032K, 3% used [0x00000000c0000000,0x00000000c015b050,0x00000000c2b00000)
 Metaspace       used 5689K, capacity 6704K, committed 6784K, reserved 1056768K
  class space    used 588K, capacity 616K, committed 640K, reserved 1048576K
}
Event: 2.200 GC heap before
{Heap before GC invocations=2 (full 0):
 PSYoungGen      total 18944K, used 18939K [0x00000000eab00000, 0x00000000ed000000, 0x0000000100000000)
  eden space 16384K, 100% used [0x00000000eab00000,0x00000000ebb00000,0x00000000ebb00000)
  from space 2560K, 99% used [0x00000000ebb00000,0x00000000ebd7edf0,0x00000000ebd80000)
  to   space 2560K, 0% used [0x00000000ecd80000,0x00000000ecd80000,0x00000000ed000000)
 ParOldGen       total 44032K, used 1388K [0x00000000c0000000, 0x00000000c2b00000, 0x00000000eab00000)
  object space 44032K, 3% used [0x00000000c0000000,0x00000000c015b050,0x00000000c2b00000)
 Metaspace       used 5823K, capacity 6832K, committed 7040K, reserved 1056768K
  class space    used 590K, capacity 616K, committed 640K, reserved 1048576K
Event: 2.236 GC heap after
Heap after GC invocations=2 (full 0):
 PSYoungGen      total 35328K, used 2539K [0x00000000eab00000, 0x00000000ed000000, 0x0000000100000000)
  eden space 32768K, 0% used [0x00000000eab00000,0x00000000eab00000,0x00000000ecb00000)
  from space 2560K, 99% used [0x00000000ecd80000,0x00000000ecffad40,0x00000000ed000000)
  to   space 2560K, 0% used [0x00000000ecb00000,0x00000000ecb00000,0x00000000ecd80000)
 ParOldGen       total 44032K, used 3745K [0x00000000c0000000, 0x00000000c2b00000, 0x00000000eab00000)
  object space 44032K, 8% used [0x00000000c0000000,0x00000000c03a8408,0x00000000c2b00000)
 Metaspace       used 5823K, capacity 6832K, committed 7040K, reserved 1056768K
  class space    used 590K, capacity 616K, committed 640K, reserved 1048576K
}

Deoptimization events (10 events):
Event: 1.120 Thread 0x00000000167c2000 Uncommon trap: reason=class_check action=maybe_recompile pc=0x0000000002663eb0 method=com.android.dx.ssa.NormalSsaInsn.accept(Lcom/android/dx/ssa/SsaInsn$Visitor;)V @ 9
Event: 1.120 Thread 0x00000000167c2000 Uncommon trap: reason=class_check action=maybe_recompile pc=0x0000000002663eb0 method=com.android.dx.ssa.NormalSsaInsn.accept(Lcom/android/dx/ssa/SsaInsn$Visitor;)V @ 9
Event: 1.120 Thread 0x00000000167c2000 Uncommon trap: reason=class_check action=maybe_recompile pc=0x0000000002663eb0 method=com.android.dx.ssa.NormalSsaInsn.accept(Lcom/android/dx/ssa/SsaInsn$Visitor;)V @ 9
Event: 1.121 Thread 0x00000000167c2000 Uncommon trap: reason=class_check action=maybe_recompile pc=0x0000000002663eb0 method=com.android.dx.ssa.NormalSsaInsn.accept(Lcom/android/dx/ssa/SsaInsn$Visitor;)V @ 9
Event: 1.854 Thread 0x00000000167c2000 Uncommon trap: reason=null_check action=make_not_entrant pc=0x0000000002700da0 method=com.android.dx.rop.type.Type.equals(Ljava/lang/Object;)Z @ 8
Event: 2.046 Thread 0x0000000016751800 Uncommon trap: reason=bimorphic action=maybe_recompile pc=0x00000000026886e4 method=java.util.HashMap.getNode(ILjava/lang/Object;)Ljava/util/HashMap$Node; @ 126
Event: 2.052 Thread 0x0000000016751800 Uncommon trap: reason=bimorphic action=maybe_recompile pc=0x00000000026886e4 method=java.util.HashMap.getNode(ILjava/lang/Object;)Ljava/util/HashMap$Node; @ 126
Event: 2.052 Thread 0x0000000016751800 Uncommon trap: reason=bimorphic action=maybe_recompile pc=0x00000000026886e4 method=java.util.HashMap.getNode(ILjava/lang/Object;)Ljava/util/HashMap$Node; @ 126
Event: 2.052 Thread 0x0000000016751800 Uncommon trap: reason=bimorphic action=maybe_recompile pc=0x00000000026886e4 method=java.util.HashMap.getNode(ILjava/lang/Object;)Ljava/util/HashMap$Node; @ 126
Event: 2.052 Thread 0x0000000016751800 Uncommon trap: reason=bimorphic action=maybe_recompile pc=0x000000000260ccd8 method=java.util.HashMap.getNode(ILjava/lang/Object;)Ljava/util/HashMap$Node; @ 126

Internal exceptions (10 events):
Event: 1.051 Thread 0x0000000016751800 Exception <a 'java/security/PrivilegedActionException'> (0x00000000eb6b3358) thrown at [D:\re\workspace\8-2-build-windows-amd64-cygwin\jdk8u25\1677\hotspot\src\share\vm\prims\jvm.cpp, line 1312]
Event: 1.100 Thread 0x00000000022e1000 Exception <a 'java/security/PrivilegedActionException'> (0x00000000eb5bf6d8) thrown at [D:\re\workspace\8-2-build-windows-amd64-cygwin\jdk8u25\1677\hotspot\src\share\vm\prims\jvm.cpp, line 1312]
Event: 1.267 Thread 0x0000000016751800 Exception <a 'java/security/PrivilegedActionException'> (0x00000000eb7877e0) thrown at [D:\re\workspace\8-2-build-windows-amd64-cygwin\jdk8u25\1677\hotspot\src\share\vm\prims\jvm.cpp, line 1312]
Event: 1.381 Thread 0x00000000022e1000 Exception <a 'java/security/PrivilegedActionException'> (0x00000000eb8eda70) thrown at [D:\re\workspace\8-2-build-windows-amd64-cygwin\jdk8u25\1677\hotspot\src\share\vm\prims\jvm.cpp, line 1312]
Event: 1.854 Thread 0x00000000167c2000 Implicit null exception at 0x0000000002700ca2 to 0x0000000002700d92
Event: 1.991 Thread 0x00000000022e1000 Exception <a 'java/security/PrivilegedActionException'> (0x00000000eb316d70) thrown at [D:\re\workspace\8-2-build-windows-amd64-cygwin\jdk8u25\1677\hotspot\src\share\vm\prims\jvm.cpp, line 1312]
Event: 2.008 Thread 0x00000000022e1000 Exception <a 'java/security/PrivilegedActionException'> (0x00000000eb3196f8) thrown at [D:\re\workspace\8-2-build-windows-amd64-cygwin\jdk8u25\1677\hotspot\src\share\vm\prims\jvm.cpp, line 1312]
Event: 2.582 Thread 0x0000000016751800 Exception <a 'java/security/PrivilegedActionException'> (0x00000000ebb90870) thrown at [D:\re\workspace\8-2-build-windows-amd64-cygwin\jdk8u25\1677\hotspot\src\share\vm\prims\jvm.cpp, line 1312]
Event: 2.583 Thread 0x0000000016751800 Exception <a 'java/security/PrivilegedActionException'> (0x00000000ebb962d0) thrown at [D:\re\workspace\8-2-build-windows-amd64-cygwin\jdk8u25\1677\hotspot\src\share\vm\prims\jvm.cpp, line 1312]
Event: 2.584 Thread 0x0000000016751800 Exception <a 'java/security/PrivilegedActionException'> (0x00000000ebb9bb08) thrown at [D:\re\workspace\8-2-build-windows-amd64-cygwin\jdk8u25\1677\hotspot\src\share\vm\prims\jvm.cpp, line 1312]

Events (10 events):
Event: 3.389 Thread 0x0000000014b03000 flushing nmethod 0x00000000024ed790
Event: 3.389 Thread 0x0000000014b03000 flushing nmethod 0x00000000024fe0d0
Event: 3.389 Thread 0x0000000014b03000 flushing nmethod 0x0000000002525f50
Event: 3.389 Thread 0x0000000014b03000 flushing nmethod 0x0000000002526490
Event: 3.389 Thread 0x0000000014b03000 flushing nmethod 0x0000000002528250
Event: 3.389 Thread 0x0000000014b03000 flushing nmethod 0x0000000002528a50
Event: 3.389 Thread 0x0000000014b03000 flushing nmethod 0x0000000002529390
Event: 3.389 Thread 0x0000000014b03000 flushing nmethod 0x000000000252a750
Event: 4.222 Executing VM operation: EnableBiasedLocking
Event: 4.316 Executing VM operation: EnableBiasedLocking done


Dynamic libraries:
0x00007ff6ef650000 - 0x00007ff6ef684000 	C:\Program Files\Java\jdk1.8.0_25\bin\java.exe
0x00007ff9d56d0000 - 0x00007ff9d5891000 	C:\WINDOWS\SYSTEM32\ntdll.dll
0x00007ff9d5470000 - 0x00007ff9d551d000 	C:\WINDOWS\system32\KERNEL32.DLL
0x00007ff9d2210000 - 0x00007ff9d23f8000 	C:\WINDOWS\system32\KERNELBASE.dll
0x00007ff9d5590000 - 0x00007ff9d5637000 	C:\WINDOWS\system32\ADVAPI32.dll
0x00007ff9d50a0000 - 0x00007ff9d513d000 	C:\WINDOWS\system32\msvcrt.dll
0x00007ff9d5660000 - 0x00007ff9d56bb000 	C:\WINDOWS\system32\sechost.dll
0x00007ff9d4cc0000 - 0x00007ff9d4ddc000 	C:\WINDOWS\system32\RPCRT4.dll
0x00007ff9d4de0000 - 0x00007ff9d4f36000 	C:\WINDOWS\system32\USER32.dll
0x00007ff9d41a0000 - 0x00007ff9d4326000 	C:\WINDOWS\system32\GDI32.dll
0x00007ff9c8ec0000 - 0x00007ff9c9134000 	C:\WINDOWS\WinSxS\amd64_microsoft.windows.common-controls_6595b64144ccf1df_6.0.10586.0_none_8c15ae12515e1c22\COMCTL32.dll
0x00007ff9d4610000 - 0x00007ff9d488d000 	C:\WINDOWS\system32\combase.dll
0x00007ff9d20e0000 - 0x00007ff9d214a000 	C:\WINDOWS\system32\bcryptPrimitives.dll
0x00007ff9d2b40000 - 0x00007ff9d2b7b000 	C:\WINDOWS\system32\IMM32.DLL
0x000000006df60000 - 0x000000006e032000 	C:\Program Files\Java\jdk1.8.0_25\jre\bin\msvcr100.dll
0x000000006e1c0000 - 0x000000006ea1a000 	C:\Program Files\Java\jdk1.8.0_25\jre\bin\server\jvm.dll
0x00007ff9d4390000 - 0x00007ff9d4398000 	C:\WINDOWS\system32\PSAPI.DLL
0x00007ff9c8e00000 - 0x00007ff9c8e09000 	C:\WINDOWS\SYSTEM32\WSOCK32.dll
0x00007ff9d5520000 - 0x00007ff9d558b000 	C:\WINDOWS\system32\WS2_32.dll
0x00007ff9d0410000 - 0x00007ff9d0433000 	C:\WINDOWS\SYSTEM32\WINMM.dll
0x00007ff9d03b0000 - 0x00007ff9d03dc000 	C:\WINDOWS\SYSTEM32\WINMMBASE.dll
0x00007ff9d2090000 - 0x00007ff9d20d3000 	C:\WINDOWS\system32\cfgmgr32.dll
0x000000006f3a0000 - 0x000000006f3af000 	C:\Program Files\Java\jdk1.8.0_25\jre\bin\verify.dll
0x000000006f370000 - 0x000000006f398000 	C:\Program Files\Java\jdk1.8.0_25\jre\bin\java.dll
0x000000006f350000 - 0x000000006f366000 	C:\Program Files\Java\jdk1.8.0_25\jre\bin\zip.dll
0x00007ff9d2b80000 - 0x00007ff9d40dc000 	C:\WINDOWS\system32\SHELL32.dll
0x00007ff9d2460000 - 0x00007ff9d2aa5000 	C:\WINDOWS\system32\windows.storage.dll
0x00007ff9d40e0000 - 0x00007ff9d4132000 	C:\WINDOWS\system32\shlwapi.dll
0x00007ff9d1d70000 - 0x00007ff9d1d7f000 	C:\WINDOWS\system32\kernel.appcore.dll
0x00007ff9d2150000 - 0x00007ff9d2205000 	C:\WINDOWS\system32\shcore.dll
0x00007ff9d1d20000 - 0x00007ff9d1d6b000 	C:\WINDOWS\system32\powrprof.dll
0x00007ff9d1d00000 - 0x00007ff9d1d14000 	C:\WINDOWS\system32\profapi.dll
0x00007ff9ccf50000 - 0x00007ff9cd0dc000 	C:\WINDOWS\SYSTEM32\dbghelp.dll

VM Arguments:
jvm_args: -Djava.awt.headless=true -Xmx1024M -Dfile.encoding=windows-1252 -Duser.country=FR -Duser.language=fr -Duser.variant 
java_command: com.android.dx.command.Main --dex --num-threads=4 --output C:\Users\benoit_r\AndroidStudioProjects\TechNotes\app\build\intermediates\pre-dexed\debug\com.android.support-recyclerview-v7-23.2.1_74f9b81ab321d5493daa62f2c28fde54b1c31b9c.jar C:\Users\benoit_r\AndroidStudioProjects\TechNotes\app\build\intermediates\exploded-aar\com.android.support\recyclerview-v7\23.2.1\jars\classes.jar
java_class_path (initial): C:\Users\benoit_r\AppData\Local\Android\sdk\build-tools\23.0.3\lib\dx.jar
Launcher Type: SUN_STANDARD

Environment Variables:
PATH=C:\ProgramData\Oracle\Java\javapath;"C:\Program Files (x86)\Java\jre1.8.0_71\bin";C:\Program Files (x86)\Windows Resource Kits\Tools\;C:\WINDOWS\system32;C:\WINDOWS;C:\WINDOWS\System32\Wbem;C:\WINDOWS\System32\WindowsPowerShell\v1.0\;C:\Users\kevin_d\Documents\Cours Licence\JAVA EE\play1-1.3.0;C:\Program Files (x86)\Universal Extractor;C:\Program Files (x86)\Universal Extractor\bin;C:\Users\kevin_d\Downloads\Fusion;C:\WINDOWS\system32\config\systemprofile\.dnx\bin;C:\Program Files\Microsoft DNX\Dnvm\;C:\Program Files (x86)\Microsoft ASP.NET\ASP.NET Web Pages\v1.0\;C:\Program Files\Microsoft SQL Server\110\Tools\Binn\;C:\Program Files\Microsoft\Web Platform Installer\
USERNAME=benoit_r
OS=Windows_NT
PROCESSOR_IDENTIFIER=Intel64 Family 6 Model 58 Stepping 9, GenuineIntel



---------------  S Y S T E M  ---------------

OS: Windows 8.1 , 64 bit Build 9600 

CPU:total 4 (2 cores per cpu, 2 threads per core) family 6 model 58 stepping 9, cmov, cx8, fxsr, mmx, sse, sse2, sse3, ssse3, sse4.1, sse4.2, popcnt, avx, aes, clmul, erms, ht, tsc, tscinvbit, tscinv

Memory: 4k page, physical 4075224k(376972k free), swap 5698148k(4220k free)

vm_info: Java HotSpot(TM) 64-Bit Server VM (25.25-b02) for windows-amd64 JRE (1.8.0_25-b18), built on Oct  7 2014 14:25:37 by "java_re" with MS VC++ 10.0 (VS2010)

time: Wed Apr 27 11:04:37 2016
elapsed time: 4 seconds (0d 0h 0m 4s)

