#
# There is insufficient memory for the Java Runtime Environment to continue.
# Native memory allocation (malloc) failed to allocate 65552 bytes for Chunk::new
# Possible reasons:
#   The system is out of physical RAM or swap space
#   In 32 bit mode, the process size limit was hit
# Possible solutions:
#   Reduce memory load on the system
#   Increase physical memory or swap space
#   Check if swap backing store is full
#   Use 64 bit Java on a 64 bit OS
#   Decrease Java heap size (-Xmx/-Xms)
#   Decrease number of Java threads
#   Decrease Java thread stack sizes (-Xss)
#   Set larger code cache with -XX:ReservedCodeCacheSize=
# This output file may be truncated or incomplete.
#
#  Out of Memory Error (allocation.cpp:390), pid=5896, tid=10104
#
# JRE version: Java(TM) SE Runtime Environment (8.0_25-b18) (build 1.8.0_25-b18)
# Java VM: Java HotSpot(TM) 64-Bit Server VM (25.25-b02 mixed mode windows-amd64 compressed oops)
# Failed to write core dump. Minidumps are not enabled by default on client versions of Windows
#

---------------  T H R E A D  ---------------

Current thread (0x00000000149ec800):  JavaThread "C2 CompilerThread0" daemon [_thread_in_native, id=10104, stack(0x0000000015f40000,0x0000000016040000)]

Stack: [0x0000000015f40000,0x0000000016040000]
Native frames: (J=compiled Java code, j=interpreted, Vv=VM code, C=native code)
V  [jvm.dll+0x31667a]


Current CompileTask:
C2:   6442 1247       4       com.android.dx.ssa.SCCP::simulateStmt (481 bytes)


---------------  P R O C E S S  ---------------

Java Threads: ( => current thread )
  0x0000000016763000 JavaThread "pool-1-thread-4" [_thread_in_Java, id=944, stack(0x0000000017440000,0x0000000017540000)]
  0x00000000167db000 JavaThread "pool-1-thread-3" [_thread_in_Java, id=7756, stack(0x0000000017340000,0x0000000017440000)]
  0x00000000167d9800 JavaThread "pool-1-thread-2" [_thread_blocked, id=5012, stack(0x0000000017240000,0x0000000017340000)]
  0x0000000016688000 JavaThread "pool-2-thread-1" [_thread_blocked, id=7476, stack(0x0000000017140000,0x0000000017240000)]
  0x000000001679d800 JavaThread "pool-1-thread-1" [_thread_blocked, id=9496, stack(0x0000000017040000,0x0000000017140000)]
  0x0000000014a47000 JavaThread "Service Thread" daemon [_thread_blocked, id=5376, stack(0x0000000016240000,0x0000000016340000)]
  0x0000000014a43000 JavaThread "C1 CompilerThread2" daemon [_thread_in_native, id=4332, stack(0x0000000016140000,0x0000000016240000)]
  0x0000000014a3f000 JavaThread "C2 CompilerThread1" daemon [_thread_in_native, id=7704, stack(0x0000000016040000,0x0000000016140000)]
=>0x00000000149ec800 JavaThread "C2 CompilerThread0" daemon [_thread_in_native, id=10104, stack(0x0000000015f40000,0x0000000016040000)]
  0x00000000149ea800 JavaThread "Attach Listener" daemon [_thread_blocked, id=9804, stack(0x0000000015e40000,0x0000000015f40000)]
  0x00000000149e9000 JavaThread "Signal Dispatcher" daemon [_thread_blocked, id=6548, stack(0x0000000015d40000,0x0000000015e40000)]
  0x000000000230f800 JavaThread "Finalizer" daemon [_thread_blocked, id=9040, stack(0x0000000015c40000,0x0000000015d40000)]
  0x00000000149b7800 JavaThread "Reference Handler" daemon [_thread_blocked, id=9256, stack(0x0000000015b40000,0x0000000015c40000)]
  0x0000000002221000 JavaThread "main" [_thread_in_Java, id=244, stack(0x0000000002080000,0x0000000002180000)]

Other Threads:
  0x00000000149b7000 VMThread [stack: 0x0000000015a40000,0x0000000015b40000] [id=6480]
  0x0000000014a49800 WatcherThread [stack: 0x0000000016340000,0x0000000016440000] [id=9592]

VM state:not at safepoint (normal execution)

VM Mutex/Monitor currently owned by a thread: None

Heap:
 PSYoungGen      total 18944K, used 9082K [0x00000000eab00000, 0x00000000ec000000, 0x0000000100000000)
  eden space 16384K, 39% used [0x00000000eab00000,0x00000000eb15f3a8,0x00000000ebb00000)
  from space 2560K, 99% used [0x00000000ebd80000,0x00000000ebfff710,0x00000000ec000000)
  to   space 2560K, 0% used [0x00000000ebb00000,0x00000000ebb00000,0x00000000ebd80000)
 ParOldGen       total 44032K, used 1966K [0x00000000c0000000, 0x00000000c2b00000, 0x00000000eab00000)
  object space 44032K, 4% used [0x00000000c0000000,0x00000000c01eb828,0x00000000c2b00000)
 Metaspace       used 5954K, capacity 6896K, committed 7040K, reserved 1056768K
  class space    used 591K, capacity 616K, committed 640K, reserved 1048576K

Card table byte_map: [0x00000000116e0000,0x00000000118f0000] byte_map_base: 0x00000000110e0000

Marking Bits: (ParMarkBitMap*) 0x000000006e99d490
 Begin Bits: [0x0000000011e50000, 0x0000000012e50000)
 End Bits:   [0x0000000012e50000, 0x0000000013e50000)

Polling page: 0x00000000001f0000

CodeCache: size=245760Kb used=4858Kb max_used=4858Kb free=240901Kb
 bounds [0x0000000002320000, 0x00000000027f0000, 0x0000000011320000]
 total_blobs=1542 nmethods=1278 adapters=178
 compilation: enabled

Compilation events (10 events):
Event: 6.403 Thread 0x0000000014a43000 1260       3       com.android.dx.ssa.MoveParamCombiner$1::visitPhiInsn (1 bytes)
Event: 6.403 Thread 0x0000000014a43000 nmethod 1260 0x00000000027c82d0 code [0x00000000027c8420, 0x00000000027c8570]
Event: 6.404 Thread 0x0000000014a43000 1261       3       java.util.TreeMap::getFirstEntry (26 bytes)
Event: 6.404 Thread 0x0000000014a43000 nmethod 1261 0x00000000027c7e50 code [0x00000000027c7fc0, 0x00000000027c81f0]
Event: 6.404 Thread 0x0000000014a43000 1262       3       java.util.TreeMap$PrivateEntryIterator::<init> (28 bytes)
Event: 6.405 Thread 0x0000000014a43000 nmethod 1262 0x00000000027c79d0 code [0x00000000027c7b40, 0x00000000027c7d50]
Event: 6.405 Thread 0x0000000014a43000 1263       3       com.android.dx.ssa.back.IdenticalBlockCombiner::process (323 bytes)
Event: 6.408 Thread 0x0000000014a43000 nmethod 1263 0x00000000027cdb50 code [0x00000000027cdee0, 0x00000000027d0398]
Event: 6.408 Thread 0x0000000014a43000 1264       3       com.android.dx.rop.code.RegisterSpecList::withFirst (64 bytes)
Event: 6.410 Thread 0x0000000014a43000 nmethod 1264 0x00000000027d15d0 code [0x00000000027d1840, 0x00000000027d2b28]

GC Heap History (4 events):
Event: 4.113 GC heap before
{Heap before GC invocations=1 (full 0):
 PSYoungGen      total 18944K, used 16384K [0x00000000eab00000, 0x00000000ec000000, 0x0000000100000000)
  eden space 16384K, 100% used [0x00000000eab00000,0x00000000ebb00000,0x00000000ebb00000)
  from space 2560K, 0% used [0x00000000ebd80000,0x00000000ebd80000,0x00000000ec000000)
  to   space 2560K, 0% used [0x00000000ebb00000,0x00000000ebb00000,0x00000000ebd80000)
 ParOldGen       total 44032K, used 0K [0x00000000c0000000, 0x00000000c2b00000, 0x00000000eab00000)
  object space 44032K, 0% used [0x00000000c0000000,0x00000000c0000000,0x00000000c2b00000)
 Metaspace       used 3872K, capacity 5040K, committed 5120K, reserved 1056768K
  class space    used 428K, capacity 488K, committed 512K, reserved 1048576K
Event: 4.116 GC heap after
Heap after GC invocations=1 (full 0):
 PSYoungGen      total 18944K, used 1477K [0x00000000eab00000, 0x00000000ec000000, 0x0000000100000000)
  eden space 16384K, 0% used [0x00000000eab00000,0x00000000eab00000,0x00000000ebb00000)
  from space 2560K, 57% used [0x00000000ebb00000,0x00000000ebc715a8,0x00000000ebd80000)
  to   space 2560K, 0% used [0x00000000ebd80000,0x00000000ebd80000,0x00000000ec000000)
 ParOldGen       total 44032K, used 8K [0x00000000c0000000, 0x00000000c2b00000, 0x00000000eab00000)
  object space 44032K, 0% used [0x00000000c0000000,0x00000000c0002000,0x00000000c2b00000)
 Metaspace       used 3872K, capacity 5040K, committed 5120K, reserved 1056768K
  class space    used 428K, capacity 488K, committed 512K, reserved 1048576K
}
Event: 5.699 GC heap before
{Heap before GC invocations=2 (full 0):
 PSYoungGen      total 18944K, used 17861K [0x00000000eab00000, 0x00000000ec000000, 0x0000000100000000)
  eden space 16384K, 100% used [0x00000000eab00000,0x00000000ebb00000,0x00000000ebb00000)
  from space 2560K, 57% used [0x00000000ebb00000,0x00000000ebc715a8,0x00000000ebd80000)
  to   space 2560K, 0% used [0x00000000ebd80000,0x00000000ebd80000,0x00000000ec000000)
 ParOldGen       total 44032K, used 8K [0x00000000c0000000, 0x00000000c2b00000, 0x00000000eab00000)
  object space 44032K, 0% used [0x00000000c0000000,0x00000000c0002000,0x00000000c2b00000)
 Metaspace       used 5857K, capacity 6832K, committed 7040K, reserved 1056768K
  class space    used 591K, capacity 616K, committed 640K, reserved 1048576K
Event: 5.821 GC heap after
Heap after GC invocations=2 (full 0):
 PSYoungGen      total 18944K, used 2557K [0x00000000eab00000, 0x00000000ec000000, 0x0000000100000000)
  eden space 16384K, 0% used [0x00000000eab00000,0x00000000eab00000,0x00000000ebb00000)
  from space 2560K, 99% used [0x00000000ebd80000,0x00000000ebfff710,0x00000000ec000000)
  to   space 2560K, 0% used [0x00000000ebb00000,0x00000000ebb00000,0x00000000ebd80000)
 ParOldGen       total 44032K, used 1966K [0x00000000c0000000, 0x00000000c2b00000, 0x00000000eab00000)
  object space 44032K, 4% used [0x00000000c0000000,0x00000000c01eb828,0x00000000c2b00000)
 Metaspace       used 5857K, capacity 6832K, committed 7040K, reserved 1056768K
  class space    used 591K, capacity 616K, committed 640K, reserved 1048576K
}

Deoptimization events (2 events):
Event: 5.506 Thread 0x0000000002221000 Uncommon trap: reason=class_check action=maybe_recompile pc=0x000000000264cd60 method=com.android.dx.rop.type.Type.equals(Ljava/lang/Object;)Z @ 8
Event: 5.509 Thread 0x0000000002221000 Uncommon trap: reason=null_check action=make_not_entrant pc=0x000000000264cd70 method=com.android.dx.rop.type.Type.equals(Ljava/lang/Object;)Z @ 8

Internal exceptions (10 events):
Event: 4.900 Thread 0x0000000002221000 Exception <a 'java/security/PrivilegedActionException'> (0x00000000eb231ca8) thrown at [D:\re\workspace\8-2-build-windows-amd64-cygwin\jdk8u25\1677\hotspot\src\share\vm\prims\jvm.cpp, line 1312]
Event: 4.901 Thread 0x0000000002221000 Exception <a 'java/security/PrivilegedActionException'> (0x00000000eb237a28) thrown at [D:\re\workspace\8-2-build-windows-amd64-cygwin\jdk8u25\1677\hotspot\src\share\vm\prims\jvm.cpp, line 1312]
Event: 4.902 Thread 0x0000000002221000 Exception <a 'java/security/PrivilegedActionException'> (0x00000000eb23d778) thrown at [D:\re\workspace\8-2-build-windows-amd64-cygwin\jdk8u25\1677\hotspot\src\share\vm\prims\jvm.cpp, line 1312]
Event: 4.914 Thread 0x00000000167d9800 Exception <a 'java/security/PrivilegedActionException'> (0x00000000eb02eaa0) thrown at [D:\re\workspace\8-2-build-windows-amd64-cygwin\jdk8u25\1677\hotspot\src\share\vm\prims\jvm.cpp, line 1312]
Event: 5.179 Thread 0x00000000167d9800 Exception <a 'java/security/PrivilegedActionException'> (0x00000000eb39f270) thrown at [D:\re\workspace\8-2-build-windows-amd64-cygwin\jdk8u25\1677\hotspot\src\share\vm\prims\jvm.cpp, line 1312]
Event: 5.406 Thread 0x0000000002221000 Exception <a 'java/security/PrivilegedActionException'> (0x00000000eb58cfb8) thrown at [D:\re\workspace\8-2-build-windows-amd64-cygwin\jdk8u25\1677\hotspot\src\share\vm\prims\jvm.cpp, line 1312]
Event: 5.407 Thread 0x0000000002221000 Exception <a 'java/security/PrivilegedActionException'> (0x00000000eb58f6e0) thrown at [D:\re\workspace\8-2-build-windows-amd64-cygwin\jdk8u25\1677\hotspot\src\share\vm\prims\jvm.cpp, line 1312]
Event: 5.409 Thread 0x00000000167db000 Exception <a 'java/security/PrivilegedActionException'> (0x00000000eb43fee0) thrown at [D:\re\workspace\8-2-build-windows-amd64-cygwin\jdk8u25\1677\hotspot\src\share\vm\prims\jvm.cpp, line 1312]
Event: 5.462 Thread 0x0000000002221000 Exception <a 'java/security/PrivilegedActionException'> (0x00000000eb699a58) thrown at [D:\re\workspace\8-2-build-windows-amd64-cygwin\jdk8u25\1677\hotspot\src\share\vm\prims\jvm.cpp, line 1312]
Event: 5.509 Thread 0x0000000002221000 Implicit null exception at 0x000000000264cc62 to 0x000000000264cd61

Events (10 events):
Event: 5.497 Executing VM operation: ForceSafepoint
Event: 5.498 Executing VM operation: ForceSafepoint done
Event: 5.506 Thread 0x0000000002221000 Uncommon trap: trap_request=0xffffffde fr.pc=0x000000000264cd60
Event: 5.506 Thread 0x0000000002221000 DEOPT PACKING pc=0x000000000264cd60 sp=0x000000000217e6c0
Event: 5.506 Thread 0x0000000002221000 DEOPT UNPACKING pc=0x000000000236556a sp=0x000000000217e668 mode 2
Event: 5.509 Thread 0x0000000002221000 Uncommon trap: trap_request=0xfffffff4 fr.pc=0x000000000264cd70
Event: 5.509 Thread 0x0000000002221000 DEOPT PACKING pc=0x000000000264cd70 sp=0x000000000217e660
Event: 5.509 Thread 0x0000000002221000 DEOPT UNPACKING pc=0x000000000236556a sp=0x000000000217e608 mode 2
Event: 5.694 Executing VM operation: ParallelGCFailedAllocation
Event: 5.821 Executing VM operation: ParallelGCFailedAllocation done


Dynamic libraries:
0x00007ff6ef650000 - 0x00007ff6ef684000 	C:\Program Files\Java\jdk1.8.0_25\bin\java.exe
0x00007ff9d56d0000 - 0x00007ff9d5891000 	C:\WINDOWS\SYSTEM32\ntdll.dll
0x00007ff9d5470000 - 0x00007ff9d551d000 	C:\WINDOWS\system32\KERNEL32.DLL
0x00007ff9d2210000 - 0x00007ff9d23f8000 	C:\WINDOWS\system32\KERNELBASE.dll
0x00007ff9d5590000 - 0x00007ff9d5637000 	C:\WINDOWS\system32\ADVAPI32.dll
0x00007ff9d50a0000 - 0x00007ff9d513d000 	C:\WINDOWS\system32\msvcrt.dll
0x00007ff9d5660000 - 0x00007ff9d56bb000 	C:\WINDOWS\system32\sechost.dll
0x00007ff9d4cc0000 - 0x00007ff9d4ddc000 	C:\WINDOWS\system32\RPCRT4.dll
0x00007ff9d4de0000 - 0x00007ff9d4f36000 	C:\WINDOWS\system32\USER32.dll
0x00007ff9d41a0000 - 0x00007ff9d4326000 	C:\WINDOWS\system32\GDI32.dll
0x00007ff9c8ec0000 - 0x00007ff9c9134000 	C:\WINDOWS\WinSxS\amd64_microsoft.windows.common-controls_6595b64144ccf1df_6.0.10586.0_none_8c15ae12515e1c22\COMCTL32.dll
0x00007ff9d4610000 - 0x00007ff9d488d000 	C:\WINDOWS\system32\combase.dll
0x00007ff9d20e0000 - 0x00007ff9d214a000 	C:\WINDOWS\system32\bcryptPrimitives.dll
0x00007ff9d2b40000 - 0x00007ff9d2b7b000 	C:\WINDOWS\system32\IMM32.DLL
0x000000006df60000 - 0x000000006e032000 	C:\Program Files\Java\jdk1.8.0_25\jre\bin\msvcr100.dll
0x000000006e1c0000 - 0x000000006ea1a000 	C:\Program Files\Java\jdk1.8.0_25\jre\bin\server\jvm.dll
0x00007ff9d4390000 - 0x00007ff9d4398000 	C:\WINDOWS\system32\PSAPI.DLL
0x00007ff9c8e00000 - 0x00007ff9c8e09000 	C:\WINDOWS\SYSTEM32\WSOCK32.dll
0x00007ff9d5520000 - 0x00007ff9d558b000 	C:\WINDOWS\system32\WS2_32.dll
0x00007ff9d0410000 - 0x00007ff9d0433000 	C:\WINDOWS\SYSTEM32\WINMM.dll
0x00007ff9d03b0000 - 0x00007ff9d03dc000 	C:\WINDOWS\SYSTEM32\WINMMBASE.dll
0x00007ff9d2090000 - 0x00007ff9d20d3000 	C:\WINDOWS\system32\cfgmgr32.dll
0x000000006f3a0000 - 0x000000006f3af000 	C:\Program Files\Java\jdk1.8.0_25\jre\bin\verify.dll
0x000000006f370000 - 0x000000006f398000 	C:\Program Files\Java\jdk1.8.0_25\jre\bin\java.dll
0x000000006f350000 - 0x000000006f366000 	C:\Program Files\Java\jdk1.8.0_25\jre\bin\zip.dll
0x00007ff9d2b80000 - 0x00007ff9d40dc000 	C:\WINDOWS\system32\SHELL32.dll
0x00007ff9d2460000 - 0x00007ff9d2aa5000 	C:\WINDOWS\system32\windows.storage.dll
0x00007ff9d40e0000 - 0x00007ff9d4132000 	C:\WINDOWS\system32\shlwapi.dll
0x00007ff9d1d70000 - 0x00007ff9d1d7f000 	C:\WINDOWS\system32\kernel.appcore.dll
0x00007ff9d2150000 - 0x00007ff9d2205000 	C:\WINDOWS\system32\shcore.dll
0x00007ff9d1d20000 - 0x00007ff9d1d6b000 	C:\WINDOWS\system32\powrprof.dll
0x00007ff9d1d00000 - 0x00007ff9d1d14000 	C:\WINDOWS\system32\profapi.dll

VM Arguments:
jvm_args: -Djava.awt.headless=true -Xmx1024M -Dfile.encoding=windows-1252 -Duser.country=FR -Duser.language=fr -Duser.variant 
java_command: com.android.dx.command.Main --dex --force-jumbo --num-threads=4 --output C:\Users\benoit_r\AndroidStudioProjects\TechNotes\app\build\intermediates\pre-dexed\debug\com.android.support-support-v4-23.2.1_892a0b57e84672a01ce58acad20db4e1bac8650e.jar C:\Users\benoit_r\AndroidStudioProjects\TechNotes\app\build\intermediates\exploded-aar\com.android.support\support-v4\23.2.1\jars\classes.jar
java_class_path (initial): C:\Users\benoit_r\AppData\Local\Android\sdk\build-tools\23.0.3\lib\dx.jar
Launcher Type: SUN_STANDARD

Environment Variables:
PATH=C:\ProgramData\Oracle\Java\javapath;"C:\Program Files (x86)\Java\jre1.8.0_71\bin";C:\Program Files (x86)\Windows Resource Kits\Tools\;C:\WINDOWS\system32;C:\WINDOWS;C:\WINDOWS\System32\Wbem;C:\WINDOWS\System32\WindowsPowerShell\v1.0\;C:\Users\kevin_d\Documents\Cours Licence\JAVA EE\play1-1.3.0;C:\Program Files (x86)\Universal Extractor;C:\Program Files (x86)\Universal Extractor\bin;C:\Users\kevin_d\Downloads\Fusion;C:\WINDOWS\system32\config\systemprofile\.dnx\bin;C:\Program Files\Microsoft DNX\Dnvm\;C:\Program Files (x86)\Microsoft ASP.NET\ASP.NET Web Pages\v1.0\;C:\Program Files\Microsoft SQL Server\110\Tools\Binn\;C:\Program Files\Microsoft\Web Platform Installer\
USERNAME=benoit_r
OS=Windows_NT
PROCESSOR_IDENTIFIER=Intel64 Family 6 Model 58 Stepping 9, GenuineIntel



---------------  S Y S T E M  ---------------

OS: Windows 8.1 , 64 bit Build 9600 

CPU:total 4 (2 cores per cpu, 2 threads per core) family 6 model 58 stepping 9, cmov, cx8, fxsr, mmx, sse, sse2, sse3, ssse3, sse4.1, sse4.2, popcnt, avx, aes, clmul, erms, ht, tsc, tscinvbit, tscinv

Memory: 4k page, physical 4075224k(430424k free), swap 5746576k(4080k free)

vm_info: Java HotSpot(TM) 64-Bit Server VM (25.25-b02) for windows-amd64 JRE (1.8.0_25-b18), built on Oct  7 2014 14:25:37 by "java_re" with MS VC++ 10.0 (VS2010)

time: Wed Apr 27 10:53:35 2016
elapsed time: 6 seconds (0d 0h 0m 6s)

