#
# There is insufficient memory for the Java Runtime Environment to continue.
# Native memory allocation (malloc) failed to allocate 32744 bytes for ChunkPool::allocate
# Possible reasons:
#   The system is out of physical RAM or swap space
#   In 32 bit mode, the process size limit was hit
# Possible solutions:
#   Reduce memory load on the system
#   Increase physical memory or swap space
#   Check if swap backing store is full
#   Use 64 bit Java on a 64 bit OS
#   Decrease Java heap size (-Xmx/-Xms)
#   Decrease number of Java threads
#   Decrease Java thread stack sizes (-Xss)
#   Set larger code cache with -XX:ReservedCodeCacheSize=
# This output file may be truncated or incomplete.
#
#  Out of Memory Error (allocation.cpp:273), pid=5332, tid=6740
#
# JRE version: Java(TM) SE Runtime Environment (8.0_25-b18) (build 1.8.0_25-b18)
# Java VM: Java HotSpot(TM) 64-Bit Server VM (25.25-b02 mixed mode windows-amd64 compressed oops)
# Failed to write core dump. Minidumps are not enabled by default on client versions of Windows
#

---------------  T H R E A D  ---------------

Current thread (0x00000000149ee000):  JavaThread "C2 CompilerThread0" daemon [_thread_in_native, id=6740, stack(0x0000000015f60000,0x0000000016060000)]

Stack: [0x0000000015f60000,0x0000000016060000]
Native frames: (J=compiled Java code, j=interpreted, Vv=VM code, C=native code)
V  [jvm.dll+0x31667a]


Current CompileTask:
C2:   1847  716       4       com.android.dx.ssa.SsaBasicBlock::forEachInsn (37 bytes)


---------------  P R O C E S S  ---------------

Java Threads: ( => current thread )
  0x00000000166a8800 JavaThread "pool-1-thread-4" [_thread_in_Java, id=8816, stack(0x0000000017460000,0x0000000017560000)]
  0x00000000166f0800 JavaThread "pool-1-thread-3" [_thread_blocked, id=3296, stack(0x0000000017360000,0x0000000017460000)]
  0x00000000166b7800 JavaThread "pool-1-thread-2" [_thread_in_Java, id=8328, stack(0x0000000017260000,0x0000000017360000)]
  0x00000000166d7800 JavaThread "pool-2-thread-1" [_thread_blocked, id=8732, stack(0x0000000017160000,0x0000000017260000)]
  0x00000000166bb000 JavaThread "pool-1-thread-1" [_thread_in_vm, id=3468, stack(0x0000000017060000,0x0000000017160000)]
  0x0000000014a4b000 JavaThread "Service Thread" daemon [_thread_blocked, id=7724, stack(0x0000000016260000,0x0000000016360000)]
  0x0000000014a40800 JavaThread "C1 CompilerThread2" daemon [_thread_blocked, id=8316, stack(0x0000000016160000,0x0000000016260000)]
  0x00000000149f0000 JavaThread "C2 CompilerThread1" daemon [_thread_in_native, id=6480, stack(0x0000000016060000,0x0000000016160000)]
=>0x00000000149ee000 JavaThread "C2 CompilerThread0" daemon [_thread_in_native, id=6740, stack(0x0000000015f60000,0x0000000016060000)]
  0x00000000149eb800 JavaThread "Attach Listener" daemon [_thread_blocked, id=9296, stack(0x0000000015e60000,0x0000000015f60000)]
  0x00000000149ea800 JavaThread "Signal Dispatcher" daemon [_thread_blocked, id=4140, stack(0x0000000015d60000,0x0000000015e60000)]
  0x0000000002312000 JavaThread "Finalizer" daemon [_thread_blocked, id=3536, stack(0x0000000015c60000,0x0000000015d60000)]
  0x000000000230f000 JavaThread "Reference Handler" daemon [_thread_blocked, id=1052, stack(0x0000000015b60000,0x0000000015c60000)]
  0x0000000002220800 JavaThread "main" [_thread_in_Java, id=6548, stack(0x0000000002120000,0x0000000002220000)]

Other Threads:
  0x00000000149b7000 VMThread [stack: 0x0000000015a60000,0x0000000015b60000] [id=8568]
  0x0000000014a4d800 WatcherThread [stack: 0x0000000016360000,0x0000000016460000] [id=2144]

VM state:not at safepoint (normal execution)

VM Mutex/Monitor currently owned by a thread:  ([mutex/lock_event])
[0x000000000201ddf0] MethodData_lock - owner thread: 0x00000000166bb000

Heap:
 PSYoungGen      total 18944K, used 15723K [0x00000000eab00000, 0x00000000ec000000, 0x0000000100000000)
  eden space 16384K, 95% used [0x00000000eab00000,0x00000000eba5aeb8,0x00000000ebb00000)
  from space 2560K, 0% used [0x00000000ebd80000,0x00000000ebd80000,0x00000000ec000000)
  to   space 2560K, 0% used [0x00000000ebb00000,0x00000000ebb00000,0x00000000ebd80000)
 ParOldGen       total 44032K, used 0K [0x00000000c0000000, 0x00000000c2b00000, 0x00000000eab00000)
  object space 44032K, 0% used [0x00000000c0000000,0x00000000c0000000,0x00000000c2b00000)
 Metaspace       used 5571K, capacity 6576K, committed 6784K, reserved 1056768K
  class space    used 583K, capacity 616K, committed 640K, reserved 1048576K

Card table byte_map: [0x00000000116e0000,0x00000000118f0000] byte_map_base: 0x00000000110e0000

Marking Bits: (ParMarkBitMap*) 0x000000006e99d490
 Begin Bits: [0x0000000011e50000, 0x0000000012e50000)
 End Bits:   [0x0000000012e50000, 0x0000000013e50000)

Polling page: 0x00000000005c0000

CodeCache: size=245760Kb used=2692Kb max_used=2692Kb free=243067Kb
 bounds [0x0000000002320000, 0x00000000025d0000, 0x0000000011320000]
 total_blobs=958 nmethods=694 adapters=178
 compilation: enabled

Compilation events (10 events):
Event: 1.830 Thread 0x00000000149ee000  708       4       com.android.dx.ssa.NormalSsaInsn::getOpcode (8 bytes)
Event: 1.831 Thread 0x00000000149f0000  709       4       com.android.dx.rop.type.Type::hashCode (8 bytes)
Event: 1.831 Thread 0x00000000149ee000 nmethod 708 0x000000000259a910 code [0x000000000259aa40, 0x000000000259aab8]
Event: 1.835 Thread 0x00000000149f0000 nmethod 709 0x000000000259a550 code [0x000000000259a680, 0x000000000259a7f8]
Event: 1.836 Thread 0x00000000149ee000  711       4       java.util.ArrayList::isEmpty (13 bytes)
Event: 1.837 Thread 0x00000000149ee000 nmethod 711 0x00000000025489d0 code [0x0000000002548b00, 0x0000000002548b78]
Event: 1.838 Thread 0x00000000149f0000  714       4       java.util.HashSet::contains (9 bytes)
Event: 1.840 Thread 0x00000000149ee000  715       4       java.util.ArrayList$Itr::<init> (6 bytes)
Event: 1.841 Thread 0x00000000149ee000 nmethod 715 0x000000000259a2d0 code [0x000000000259a400, 0x000000000259a498]
Event: 1.841 Thread 0x00000000149ee000  716       4       com.android.dx.ssa.SsaBasicBlock::forEachInsn (37 bytes)

GC Heap History (0 events):
No events

Deoptimization events (0 events):
No events

Internal exceptions (10 events):
Event: 1.530 Thread 0x00000000166bb000 Exception <a 'java/security/PrivilegedActionException'> (0x00000000eb4a01c8) thrown at [D:\re\workspace\8-2-build-windows-amd64-cygwin\jdk8u25\1677\hotspot\src\share\vm\prims\jvm.cpp, line 1312]
Event: 1.531 Thread 0x00000000166bb000 Exception <a 'java/security/PrivilegedActionException'> (0x00000000eb4a6440) thrown at [D:\re\workspace\8-2-build-windows-amd64-cygwin\jdk8u25\1677\hotspot\src\share\vm\prims\jvm.cpp, line 1312]
Event: 1.532 Thread 0x00000000166bb000 Exception <a 'java/security/PrivilegedActionException'> (0x00000000eb77bd20) thrown at [D:\re\workspace\8-2-build-windows-amd64-cygwin\jdk8u25\1677\hotspot\src\share\vm\prims\jvm.cpp, line 1312]
Event: 1.533 Thread 0x00000000166bb000 Exception <a 'java/security/PrivilegedActionException'> (0x00000000eb781750) thrown at [D:\re\workspace\8-2-build-windows-amd64-cygwin\jdk8u25\1677\hotspot\src\share\vm\prims\jvm.cpp, line 1312]
Event: 1.534 Thread 0x00000000166bb000 Exception <a 'java/security/PrivilegedActionException'> (0x00000000eb78a450) thrown at [D:\re\workspace\8-2-build-windows-amd64-cygwin\jdk8u25\1677\hotspot\src\share\vm\prims\jvm.cpp, line 1312]
Event: 1.535 Thread 0x00000000166bb000 Exception <a 'java/security/PrivilegedActionException'> (0x00000000eb78f870) thrown at [D:\re\workspace\8-2-build-windows-amd64-cygwin\jdk8u25\1677\hotspot\src\share\vm\prims\jvm.cpp, line 1312]
Event: 1.536 Thread 0x00000000166bb000 Exception <a 'java/security/PrivilegedActionException'> (0x00000000eb792c30) thrown at [D:\re\workspace\8-2-build-windows-amd64-cygwin\jdk8u25\1677\hotspot\src\share\vm\prims\jvm.cpp, line 1312]
Event: 1.554 Thread 0x00000000166bb000 Exception <a 'java/security/PrivilegedActionException'> (0x00000000eb7cb1e0) thrown at [D:\re\workspace\8-2-build-windows-amd64-cygwin\jdk8u25\1677\hotspot\src\share\vm\prims\jvm.cpp, line 1312]
Event: 1.572 Thread 0x00000000166f0800 Exception <a 'java/security/PrivilegedActionException'> (0x00000000eb82a8b0) thrown at [D:\re\workspace\8-2-build-windows-amd64-cygwin\jdk8u25\1677\hotspot\src\share\vm\prims\jvm.cpp, line 1312]
Event: 1.809 Thread 0x00000000166b7800 Exception <a 'java/security/PrivilegedActionException'> (0x00000000eb8ce7c0) thrown at [D:\re\workspace\8-2-build-windows-amd64-cygwin\jdk8u25\1677\hotspot\src\share\vm\prims\jvm.cpp, line 1312]

Events (10 events):
Event: 1.536 loading class com/android/dx/rop/cst/CstArray$List
Event: 1.536 loading class com/android/dx/rop/cst/CstArray$List done
Event: 1.554 loading class com/android/dx/ssa/PhiInsn$Operand
Event: 1.554 loading class com/android/dx/ssa/PhiInsn$Operand done
Event: 1.572 loading class com/android/dx/dex/file/FieldAnnotationStruct
Event: 1.572 loading class com/android/dx/dex/file/FieldAnnotationStruct done
Event: 1.809 loading class com/android/dx/ssa/back/FirstFitLocalCombiningAllocator$Multiset
Event: 1.809 loading class com/android/dx/ssa/back/FirstFitLocalCombiningAllocator$Multiset done
Event: 1.839 loading class java/util/ArrayList$1
Event: 1.840 loading class java/util/ArrayList$1 done


Dynamic libraries:
0x00007ff6ef650000 - 0x00007ff6ef684000 	C:\Program Files\Java\jdk1.8.0_25\bin\java.exe
0x00007ff9d56d0000 - 0x00007ff9d5891000 	C:\WINDOWS\SYSTEM32\ntdll.dll
0x00007ff9d5470000 - 0x00007ff9d551d000 	C:\WINDOWS\system32\KERNEL32.DLL
0x00007ff9d2210000 - 0x00007ff9d23f8000 	C:\WINDOWS\system32\KERNELBASE.dll
0x00007ff9d5590000 - 0x00007ff9d5637000 	C:\WINDOWS\system32\ADVAPI32.dll
0x00007ff9d50a0000 - 0x00007ff9d513d000 	C:\WINDOWS\system32\msvcrt.dll
0x00007ff9d5660000 - 0x00007ff9d56bb000 	C:\WINDOWS\system32\sechost.dll
0x00007ff9d4cc0000 - 0x00007ff9d4ddc000 	C:\WINDOWS\system32\RPCRT4.dll
0x00007ff9d4de0000 - 0x00007ff9d4f36000 	C:\WINDOWS\system32\USER32.dll
0x00007ff9d41a0000 - 0x00007ff9d4326000 	C:\WINDOWS\system32\GDI32.dll
0x00007ff9c8ec0000 - 0x00007ff9c9134000 	C:\WINDOWS\WinSxS\amd64_microsoft.windows.common-controls_6595b64144ccf1df_6.0.10586.0_none_8c15ae12515e1c22\COMCTL32.dll
0x00007ff9d4610000 - 0x00007ff9d488d000 	C:\WINDOWS\system32\combase.dll
0x00007ff9d20e0000 - 0x00007ff9d214a000 	C:\WINDOWS\system32\bcryptPrimitives.dll
0x00007ff9d2b40000 - 0x00007ff9d2b7b000 	C:\WINDOWS\system32\IMM32.DLL
0x000000006df60000 - 0x000000006e032000 	C:\Program Files\Java\jdk1.8.0_25\jre\bin\msvcr100.dll
0x000000006e1c0000 - 0x000000006ea1a000 	C:\Program Files\Java\jdk1.8.0_25\jre\bin\server\jvm.dll
0x00007ff9d4390000 - 0x00007ff9d4398000 	C:\WINDOWS\system32\PSAPI.DLL
0x00007ff9d0410000 - 0x00007ff9d0433000 	C:\WINDOWS\SYSTEM32\WINMM.dll
0x00007ff9c8e00000 - 0x00007ff9c8e09000 	C:\WINDOWS\SYSTEM32\WSOCK32.dll
0x00007ff9d03b0000 - 0x00007ff9d03dc000 	C:\WINDOWS\SYSTEM32\WINMMBASE.dll
0x00007ff9d5520000 - 0x00007ff9d558b000 	C:\WINDOWS\system32\WS2_32.dll
0x00007ff9d2090000 - 0x00007ff9d20d3000 	C:\WINDOWS\system32\cfgmgr32.dll
0x000000006f3a0000 - 0x000000006f3af000 	C:\Program Files\Java\jdk1.8.0_25\jre\bin\verify.dll
0x000000006f370000 - 0x000000006f398000 	C:\Program Files\Java\jdk1.8.0_25\jre\bin\java.dll
0x000000006f350000 - 0x000000006f366000 	C:\Program Files\Java\jdk1.8.0_25\jre\bin\zip.dll
0x00007ff9d2b80000 - 0x00007ff9d40dc000 	C:\WINDOWS\system32\SHELL32.dll
0x00007ff9d2460000 - 0x00007ff9d2aa5000 	C:\WINDOWS\system32\windows.storage.dll
0x00007ff9d40e0000 - 0x00007ff9d4132000 	C:\WINDOWS\system32\shlwapi.dll
0x00007ff9d1d70000 - 0x00007ff9d1d7f000 	C:\WINDOWS\system32\kernel.appcore.dll
0x00007ff9d2150000 - 0x00007ff9d2205000 	C:\WINDOWS\system32\shcore.dll
0x00007ff9d1d20000 - 0x00007ff9d1d6b000 	C:\WINDOWS\system32\powrprof.dll
0x00007ff9d1d00000 - 0x00007ff9d1d14000 	C:\WINDOWS\system32\profapi.dll

VM Arguments:
jvm_args: -Djava.awt.headless=true -Xmx1024M -Dfile.encoding=windows-1252 -Duser.country=FR -Duser.language=fr -Duser.variant 
java_command: com.android.dx.command.Main --dex --num-threads=4 --output C:\Users\benoit_r\AndroidStudioProjects\TechNotes\app\build\intermediates\pre-dexed\debug\com.android.support-design-23.2.1_4282a8fe54c980942887fc7b23041a35c4a9abb9.jar C:\Users\benoit_r\AndroidStudioProjects\TechNotes\app\build\intermediates\exploded-aar\com.android.support\design\23.2.1\jars\classes.jar
java_class_path (initial): C:\Users\benoit_r\AppData\Local\Android\sdk\build-tools\23.0.3\lib\dx.jar
Launcher Type: SUN_STANDARD

Environment Variables:
PATH=C:\ProgramData\Oracle\Java\javapath;"C:\Program Files (x86)\Java\jre1.8.0_71\bin";C:\Program Files (x86)\Windows Resource Kits\Tools\;C:\WINDOWS\system32;C:\WINDOWS;C:\WINDOWS\System32\Wbem;C:\WINDOWS\System32\WindowsPowerShell\v1.0\;C:\Users\kevin_d\Documents\Cours Licence\JAVA EE\play1-1.3.0;C:\Program Files (x86)\Universal Extractor;C:\Program Files (x86)\Universal Extractor\bin;C:\Users\kevin_d\Downloads\Fusion;C:\WINDOWS\system32\config\systemprofile\.dnx\bin;C:\Program Files\Microsoft DNX\Dnvm\;C:\Program Files (x86)\Microsoft ASP.NET\ASP.NET Web Pages\v1.0\;C:\Program Files\Microsoft SQL Server\110\Tools\Binn\;C:\Program Files\Microsoft\Web Platform Installer\
USERNAME=benoit_r
OS=Windows_NT
PROCESSOR_IDENTIFIER=Intel64 Family 6 Model 58 Stepping 9, GenuineIntel



---------------  S Y S T E M  ---------------

OS: Windows 8.1 , 64 bit Build 9600 

CPU:total 4 (2 cores per cpu, 2 threads per core) family 6 model 58 stepping 9, cmov, cx8, fxsr, mmx, sse, sse2, sse3, ssse3, sse4.1, sse4.2, popcnt, avx, aes, clmul, erms, ht, tsc, tscinvbit, tscinv

Memory: 4k page, physical 4075224k(357228k free), swap 5698148k(3072k free)

vm_info: Java HotSpot(TM) 64-Bit Server VM (25.25-b02) for windows-amd64 JRE (1.8.0_25-b18), built on Oct  7 2014 14:25:37 by "java_re" with MS VC++ 10.0 (VS2010)

time: Wed Apr 27 11:04:34 2016
elapsed time: 1 seconds (0d 0h 0m 1s)

