#
# There is insufficient memory for the Java Runtime Environment to continue.
# Native memory allocation (malloc) failed to allocate 220416 bytes for Chunk::new
# Possible reasons:
#   The system is out of physical RAM or swap space
#   In 32 bit mode, the process size limit was hit
# Possible solutions:
#   Reduce memory load on the system
#   Increase physical memory or swap space
#   Check if swap backing store is full
#   Use 64 bit Java on a 64 bit OS
#   Decrease Java heap size (-Xmx/-Xms)
#   Decrease number of Java threads
#   Decrease Java thread stack sizes (-Xss)
#   Set larger code cache with -XX:ReservedCodeCacheSize=
# This output file may be truncated or incomplete.
#
#  Out of Memory Error (allocation.cpp:390), pid=640, tid=1764
#
# JRE version: Java(TM) SE Runtime Environment (8.0_25-b18) (build 1.8.0_25-b18)
# Java VM: Java HotSpot(TM) 64-Bit Server VM (25.25-b02 mixed mode windows-amd64 compressed oops)
# Failed to write core dump. Minidumps are not enabled by default on client versions of Windows
#

---------------  T H R E A D  ---------------

Current thread (0x0000000014a3c800):  JavaThread "C2 CompilerThread0" daemon [_thread_in_native, id=1764, stack(0x0000000015fa0000,0x00000000160a0000)]

Stack: [0x0000000015fa0000,0x00000000160a0000]
Native frames: (J=compiled Java code, j=interpreted, Vv=VM code, C=native code)
V  [jvm.dll+0x31667a]


Current CompileTask:
C2:   2032  989       4       com.android.dx.ssa.NormalSsaInsn::accept (25 bytes)


---------------  P R O C E S S  ---------------

Java Threads: ( => current thread )
  0x00000000166d8800 JavaThread "pool-1-thread-4" [_thread_in_Java, id=6448, stack(0x0000000016ca0000,0x0000000016da0000)]
  0x00000000166bd000 JavaThread "pool-1-thread-3" [_thread_in_vm, id=3604, stack(0x0000000016ba0000,0x0000000016ca0000)]
  0x00000000165fc800 JavaThread "pool-1-thread-2" [_thread_blocked, id=772, stack(0x0000000016aa0000,0x0000000016ba0000)]
  0x00000000165fb800 JavaThread "pool-2-thread-1" [_thread_blocked, id=9852, stack(0x00000000169a0000,0x0000000016aa0000)]
  0x00000000165f2800 JavaThread "pool-1-thread-1" [_thread_blocked, id=8656, stack(0x00000000168a0000,0x00000000169a0000)]
  0x0000000014a9b800 JavaThread "Service Thread" daemon [_thread_blocked, id=9500, stack(0x00000000162a0000,0x00000000163a0000)]
  0x0000000014a95000 JavaThread "C1 CompilerThread2" daemon [_thread_blocked, id=8460, stack(0x00000000161a0000,0x00000000162a0000)]
  0x0000000014a85000 JavaThread "C2 CompilerThread1" daemon [_thread_in_native, id=10000, stack(0x00000000160a0000,0x00000000161a0000)]
=>0x0000000014a3c800 JavaThread "C2 CompilerThread0" daemon [_thread_in_native, id=1764, stack(0x0000000015fa0000,0x00000000160a0000)]
  0x0000000014a3a800 JavaThread "Attach Listener" daemon [_thread_blocked, id=5728, stack(0x0000000015ea0000,0x0000000015fa0000)]
  0x0000000014a39000 JavaThread "Signal Dispatcher" daemon [_thread_blocked, id=9876, stack(0x0000000015da0000,0x0000000015ea0000)]
  0x000000000229f800 JavaThread "Finalizer" daemon [_thread_blocked, id=7356, stack(0x0000000015ca0000,0x0000000015da0000)]
  0x000000000229c000 JavaThread "Reference Handler" daemon [_thread_blocked, id=3808, stack(0x0000000015ba0000,0x0000000015ca0000)]
  0x00000000021b0800 JavaThread "main" [_thread_blocked, id=3300, stack(0x0000000002010000,0x0000000002110000)]

Other Threads:
  0x0000000014a07000 VMThread [stack: 0x0000000015aa0000,0x0000000015ba0000] [id=5696]
  0x0000000014a9e800 WatcherThread [stack: 0x00000000163a0000,0x00000000164a0000] [id=6860]

VM state:not at safepoint (normal execution)

VM Mutex/Monitor currently owned by a thread: None

Heap:
 PSYoungGen      total 18944K, used 9101K [0x00000000eab00000, 0x00000000ec000000, 0x0000000100000000)
  eden space 16384K, 39% used [0x00000000eab00000,0x00000000eb1659d0,0x00000000ebb00000)
  from space 2560K, 99% used [0x00000000ebb00000,0x00000000ebd7dc78,0x00000000ebd80000)
  to   space 2560K, 0% used [0x00000000ebd80000,0x00000000ebd80000,0x00000000ec000000)
 ParOldGen       total 44032K, used 1506K [0x00000000c0000000, 0x00000000c2b00000, 0x00000000eab00000)
  object space 44032K, 3% used [0x00000000c0000000,0x00000000c0178ba0,0x00000000c2b00000)
 Metaspace       used 5738K, capacity 6768K, committed 7040K, reserved 1056768K
  class space    used 587K, capacity 616K, committed 640K, reserved 1048576K

Card table byte_map: [0x0000000011730000,0x0000000011940000] byte_map_base: 0x0000000011130000

Marking Bits: (ParMarkBitMap*) 0x000000006e99d490
 Begin Bits: [0x0000000011ea0000, 0x0000000012ea0000)
 End Bits:   [0x0000000012ea0000, 0x0000000013ea0000)

Polling page: 0x00000000001f0000

CodeCache: size=245760Kb used=3874Kb max_used=3889Kb free=241885Kb
 bounds [0x0000000002370000, 0x0000000002740000, 0x0000000011370000]
 total_blobs=1284 nmethods=1019 adapters=178
 compilation: disabled (not enough contiguous free space left)

Compilation events (10 events):
Event: 1.973 Thread 0x0000000014a85000  987       4       com.android.dx.ssa.SsaRenamer$BlockRenamer::addMapping (143 bytes)
Event: 1.975 Thread 0x0000000014a95000 nmethod 992 0x0000000002719b50 code [0x0000000002719cc0, 0x0000000002719f50]
Event: 1.975 Thread 0x0000000014a95000  993       3       com.android.dx.ssa.SsaMethod::removeFromUseList (57 bytes)
Event: 1.976 Thread 0x0000000014a95000 nmethod 993 0x0000000002718e90 code [0x0000000002719060, 0x0000000002719808]
Event: 1.976 Thread 0x0000000014a95000  998       3       com.android.dx.rop.code.RegisterSpecList::withFirst (64 bytes)
Event: 1.977 Thread 0x0000000014a95000 nmethod 998 0x000000000271e110 code [0x000000000271e380, 0x000000000271f668]
Event: 1.977 Thread 0x0000000014a85000 nmethod 987 0x0000000002720210 code [0x0000000002720360, 0x0000000002720558]
Event: 1.977 Thread 0x0000000014a95000  999       3       com.android.dx.ssa.PhiInsn::predBlockIndexForSourcesIndex (15 bytes)
Event: 1.977 Thread 0x0000000014a85000  995       4       java.lang.Object::equals (11 bytes)
Event: 1.978 Thread 0x0000000014a85000 nmethod 995 0x00000000025e2bd0 code [0x00000000025e2d00, 0x00000000025e2d78]

GC Heap History (2 events):
Event: 1.753 GC heap before
{Heap before GC invocations=1 (full 0):
 PSYoungGen      total 18944K, used 16384K [0x00000000eab00000, 0x00000000ec000000, 0x0000000100000000)
  eden space 16384K, 100% used [0x00000000eab00000,0x00000000ebb00000,0x00000000ebb00000)
  from space 2560K, 0% used [0x00000000ebd80000,0x00000000ebd80000,0x00000000ec000000)
  to   space 2560K, 0% used [0x00000000ebb00000,0x00000000ebb00000,0x00000000ebd80000)
 ParOldGen       total 44032K, used 0K [0x00000000c0000000, 0x00000000c2b00000, 0x00000000eab00000)
  object space 44032K, 0% used [0x00000000c0000000,0x00000000c0000000,0x00000000c2b00000)
 Metaspace       used 5661K, capacity 6704K, committed 6784K, reserved 1056768K
  class space    used 579K, capacity 616K, committed 640K, reserved 1048576K
Event: 1.926 GC heap after
Heap after GC invocations=1 (full 0):
 PSYoungGen      total 18944K, used 2551K [0x00000000eab00000, 0x00000000ec000000, 0x0000000100000000)
  eden space 16384K, 0% used [0x00000000eab00000,0x00000000eab00000,0x00000000ebb00000)
  from space 2560K, 99% used [0x00000000ebb00000,0x00000000ebd7dc78,0x00000000ebd80000)
  to   space 2560K, 0% used [0x00000000ebd80000,0x00000000ebd80000,0x00000000ec000000)
 ParOldGen       total 44032K, used 1506K [0x00000000c0000000, 0x00000000c2b00000, 0x00000000eab00000)
  object space 44032K, 3% used [0x00000000c0000000,0x00000000c0178ba0,0x00000000c2b00000)
 Metaspace       used 5661K, capacity 6704K, committed 6784K, reserved 1056768K
  class space    used 579K, capacity 616K, committed 640K, reserved 1048576K
}

Deoptimization events (5 events):
Event: 1.741 Thread 0x00000000165f2800 Uncommon trap: reason=class_check action=maybe_recompile pc=0x00000000025ff6bc method=com.android.dx.ssa.NormalSsaInsn.accept(Lcom/android/dx/ssa/SsaInsn$Visitor;)V @ 9
Event: 1.741 Thread 0x00000000165f2800 Uncommon trap: reason=class_check action=maybe_recompile pc=0x00000000025aa970 method=com.android.dx.ssa.NormalSsaInsn.accept(Lcom/android/dx/ssa/SsaInsn$Visitor;)V @ 9
Event: 1.742 Thread 0x00000000165f2800 Uncommon trap: reason=class_check action=maybe_recompile pc=0x00000000025ff6bc method=com.android.dx.ssa.NormalSsaInsn.accept(Lcom/android/dx/ssa/SsaInsn$Visitor;)V @ 9
Event: 1.742 Thread 0x00000000165f2800 Uncommon trap: reason=class_check action=maybe_recompile pc=0x00000000025aa970 method=com.android.dx.ssa.NormalSsaInsn.accept(Lcom/android/dx/ssa/SsaInsn$Visitor;)V @ 9
Event: 1.742 Thread 0x00000000165f2800 Uncommon trap: reason=class_check action=maybe_recompile pc=0x00000000025ff6bc method=com.android.dx.ssa.NormalSsaInsn.accept(Lcom/android/dx/ssa/SsaInsn$Visitor;)V @ 9

Internal exceptions (10 events):
Event: 1.298 Thread 0x00000000166d8800 Exception <a 'java/security/PrivilegedActionException'> (0x00000000eb593c38) thrown at [D:\re\workspace\8-2-build-windows-amd64-cygwin\jdk8u25\1677\hotspot\src\share\vm\prims\jvm.cpp, line 1312]
Event: 1.299 Thread 0x00000000166d8800 Exception <a 'java/security/PrivilegedActionException'> (0x00000000eb599e18) thrown at [D:\re\workspace\8-2-build-windows-amd64-cygwin\jdk8u25\1677\hotspot\src\share\vm\prims\jvm.cpp, line 1312]
Event: 1.300 Thread 0x00000000166d8800 Exception <a 'java/security/PrivilegedActionException'> (0x00000000eb59cc50) thrown at [D:\re\workspace\8-2-build-windows-amd64-cygwin\jdk8u25\1677\hotspot\src\share\vm\prims\jvm.cpp, line 1312]
Event: 1.301 Thread 0x00000000166d8800 Exception <a 'java/security/PrivilegedActionException'> (0x00000000eb59ff78) thrown at [D:\re\workspace\8-2-build-windows-amd64-cygwin\jdk8u25\1677\hotspot\src\share\vm\prims\jvm.cpp, line 1312]
Event: 1.302 Thread 0x00000000166d8800 Exception <a 'java/security/PrivilegedActionException'> (0x00000000eb5a9210) thrown at [D:\re\workspace\8-2-build-windows-amd64-cygwin\jdk8u25\1677\hotspot\src\share\vm\prims\jvm.cpp, line 1312]
Event: 1.303 Thread 0x00000000166d8800 Exception <a 'java/security/PrivilegedActionException'> (0x00000000eb5ad7d0) thrown at [D:\re\workspace\8-2-build-windows-amd64-cygwin\jdk8u25\1677\hotspot\src\share\vm\prims\jvm.cpp, line 1312]
Event: 1.310 Thread 0x00000000165f2800 Exception <a 'java/security/PrivilegedActionException'> (0x00000000eb4d6a08) thrown at [D:\re\workspace\8-2-build-windows-amd64-cygwin\jdk8u25\1677\hotspot\src\share\vm\prims\jvm.cpp, line 1312]
Event: 1.335 Thread 0x00000000165f2800 Exception <a 'java/security/PrivilegedActionException'> (0x00000000eb667580) thrown at [D:\re\workspace\8-2-build-windows-amd64-cygwin\jdk8u25\1677\hotspot\src\share\vm\prims\jvm.cpp, line 1312]
Event: 1.929 Thread 0x00000000165fc800 Exception <a 'java/security/PrivilegedActionException'> (0x00000000eab4b7c8) thrown at [D:\re\workspace\8-2-build-windows-amd64-cygwin\jdk8u25\1677\hotspot\src\share\vm\prims\jvm.cpp, line 1312]
Event: 1.929 Thread 0x00000000021b0800 Exception <a 'java/security/PrivilegedActionException'> (0x00000000eab1eb38) thrown at [D:\re\workspace\8-2-build-windows-amd64-cygwin\jdk8u25\1677\hotspot\src\share\vm\prims\jvm.cpp, line 1312]

Events (10 events):
Event: 1.742 Thread 0x00000000165f2800 DEOPT PACKING pc=0x00000000025ff6bc sp=0x000000001699e5d0
Event: 1.742 Thread 0x00000000165f2800 DEOPT UNPACKING pc=0x00000000023b556a sp=0x000000001699e520 mode 2
Event: 1.752 Executing VM operation: ParallelGCFailedAllocation
Event: 1.926 Executing VM operation: ParallelGCFailedAllocation done
Event: 1.929 loading class com/android/dx/cf/attrib/AttDeprecated
Event: 1.929 loading class com/android/dx/cf/attrib/AttDeprecated done
Event: 1.929 loading class com/android/dx/cf/code/BytecodeArray$ConstantParserVisitor
Event: 1.929 loading class com/android/dx/cf/code/BytecodeArray$ConstantParserVisitor done
Event: 1.931 loading class sun/misc/Cleaner
Event: 1.932 loading class sun/misc/Cleaner done


Dynamic libraries:
0x00007ff6ef650000 - 0x00007ff6ef684000 	C:\Program Files\Java\jdk1.8.0_25\bin\java.exe
0x00007ff9d56d0000 - 0x00007ff9d5891000 	C:\WINDOWS\SYSTEM32\ntdll.dll
0x00007ff9d5470000 - 0x00007ff9d551d000 	C:\WINDOWS\system32\KERNEL32.DLL
0x00007ff9d2210000 - 0x00007ff9d23f8000 	C:\WINDOWS\system32\KERNELBASE.dll
0x00007ff9d5590000 - 0x00007ff9d5637000 	C:\WINDOWS\system32\ADVAPI32.dll
0x00007ff9d50a0000 - 0x00007ff9d513d000 	C:\WINDOWS\system32\msvcrt.dll
0x00007ff9d5660000 - 0x00007ff9d56bb000 	C:\WINDOWS\system32\sechost.dll
0x00007ff9d4cc0000 - 0x00007ff9d4ddc000 	C:\WINDOWS\system32\RPCRT4.dll
0x00007ff9d4de0000 - 0x00007ff9d4f36000 	C:\WINDOWS\system32\USER32.dll
0x00007ff9d41a0000 - 0x00007ff9d4326000 	C:\WINDOWS\system32\GDI32.dll
0x00007ff9c8ec0000 - 0x00007ff9c9134000 	C:\WINDOWS\WinSxS\amd64_microsoft.windows.common-controls_6595b64144ccf1df_6.0.10586.0_none_8c15ae12515e1c22\COMCTL32.dll
0x00007ff9d4610000 - 0x00007ff9d488d000 	C:\WINDOWS\system32\combase.dll
0x00007ff9d20e0000 - 0x00007ff9d214a000 	C:\WINDOWS\system32\bcryptPrimitives.dll
0x00007ff9d2b40000 - 0x00007ff9d2b7b000 	C:\WINDOWS\system32\IMM32.DLL
0x000000006df60000 - 0x000000006e032000 	C:\Program Files\Java\jdk1.8.0_25\jre\bin\msvcr100.dll
0x000000006e1c0000 - 0x000000006ea1a000 	C:\Program Files\Java\jdk1.8.0_25\jre\bin\server\jvm.dll
0x00007ff9d4390000 - 0x00007ff9d4398000 	C:\WINDOWS\system32\PSAPI.DLL
0x00007ff9c8e00000 - 0x00007ff9c8e09000 	C:\WINDOWS\SYSTEM32\WSOCK32.dll
0x00007ff9d5520000 - 0x00007ff9d558b000 	C:\WINDOWS\system32\WS2_32.dll
0x00007ff9d0410000 - 0x00007ff9d0433000 	C:\WINDOWS\SYSTEM32\WINMM.dll
0x00007ff9d03b0000 - 0x00007ff9d03dc000 	C:\WINDOWS\SYSTEM32\WINMMBASE.dll
0x00007ff9d2090000 - 0x00007ff9d20d3000 	C:\WINDOWS\system32\cfgmgr32.dll
0x000000006f3a0000 - 0x000000006f3af000 	C:\Program Files\Java\jdk1.8.0_25\jre\bin\verify.dll
0x000000006f370000 - 0x000000006f398000 	C:\Program Files\Java\jdk1.8.0_25\jre\bin\java.dll
0x000000006f350000 - 0x000000006f366000 	C:\Program Files\Java\jdk1.8.0_25\jre\bin\zip.dll
0x00007ff9d2b80000 - 0x00007ff9d40dc000 	C:\WINDOWS\system32\SHELL32.dll
0x00007ff9d2460000 - 0x00007ff9d2aa5000 	C:\WINDOWS\system32\windows.storage.dll
0x00007ff9d40e0000 - 0x00007ff9d4132000 	C:\WINDOWS\system32\shlwapi.dll
0x00007ff9d1d70000 - 0x00007ff9d1d7f000 	C:\WINDOWS\system32\kernel.appcore.dll
0x00007ff9d2150000 - 0x00007ff9d2205000 	C:\WINDOWS\system32\shcore.dll
0x00007ff9d1d20000 - 0x00007ff9d1d6b000 	C:\WINDOWS\system32\powrprof.dll
0x00007ff9d1d00000 - 0x00007ff9d1d14000 	C:\WINDOWS\system32\profapi.dll

VM Arguments:
jvm_args: -Djava.awt.headless=true -Xmx1024M -Dfile.encoding=windows-1252 -Duser.country=FR -Duser.language=fr -Duser.variant 
java_command: com.android.dx.command.Main --dex --num-threads=4 --output C:\Users\benoit_r\AndroidStudioProjects\TechNotes\app\build\intermediates\pre-dexed\debug\ksoap2-j2me-core-2.1.2_7712d9ce9d7b658798fd7061b97a1e7c3f8eca27.jar C:\Users\benoit_r\AndroidStudioProjects\TechNotes\ksoap2\ksoap2-j2me-core-2.1.2.jar
java_class_path (initial): C:\Users\benoit_r\AppData\Local\Android\sdk\build-tools\23.0.3\lib\dx.jar
Launcher Type: SUN_STANDARD

Environment Variables:
PATH=C:\ProgramData\Oracle\Java\javapath;"C:\Program Files (x86)\Java\jre1.8.0_71\bin";C:\Program Files (x86)\Windows Resource Kits\Tools\;C:\WINDOWS\system32;C:\WINDOWS;C:\WINDOWS\System32\Wbem;C:\WINDOWS\System32\WindowsPowerShell\v1.0\;C:\Users\kevin_d\Documents\Cours Licence\JAVA EE\play1-1.3.0;C:\Program Files (x86)\Universal Extractor;C:\Program Files (x86)\Universal Extractor\bin;C:\Users\kevin_d\Downloads\Fusion;C:\WINDOWS\system32\config\systemprofile\.dnx\bin;C:\Program Files\Microsoft DNX\Dnvm\;C:\Program Files (x86)\Microsoft ASP.NET\ASP.NET Web Pages\v1.0\;C:\Program Files\Microsoft SQL Server\110\Tools\Binn\;C:\Program Files\Microsoft\Web Platform Installer\
USERNAME=benoit_r
OS=Windows_NT
PROCESSOR_IDENTIFIER=Intel64 Family 6 Model 58 Stepping 9, GenuineIntel



---------------  S Y S T E M  ---------------

OS: Windows 8.1 , 64 bit Build 9600 

CPU:total 4 (2 cores per cpu, 2 threads per core) family 6 model 58 stepping 9, cmov, cx8, fxsr, mmx, sse, sse2, sse3, ssse3, sse4.1, sse4.2, popcnt, avx, aes, clmul, erms, ht, tsc, tscinvbit, tscinv

Memory: 4k page, physical 4075224k(349948k free), swap 5698148k(4044k free)

vm_info: Java HotSpot(TM) 64-Bit Server VM (25.25-b02) for windows-amd64 JRE (1.8.0_25-b18), built on Oct  7 2014 14:25:37 by "java_re" with MS VC++ 10.0 (VS2010)

time: Wed Apr 27 11:04:34 2016
elapsed time: 2 seconds (0d 0h 0m 2s)

